{
  "/Users/kamoi/tsunagite/expo-env.d.ts": {
    "path": "/Users/kamoi/tsunagite/expo-env.d.ts",
    "statementMap": {},
    "fnMap": {},
    "branchMap": {},
    "s": {},
    "f": {},
    "b": {}
  },
  "/Users/kamoi/tsunagite/.expo/types/router.d.ts": {
    "path": "/Users/kamoi/tsunagite/.expo/types/router.d.ts",
    "statementMap": {},
    "fnMap": {},
    "branchMap": {},
    "s": {},
    "f": {},
    "b": {}
  },
  "/Users/kamoi/tsunagite/app/+not-found.tsx": {
    "path": "/Users/kamoi/tsunagite/app/+not-found.tsx",
    "statementMap": {
      "0": {
        "start": { "line": 8, "column": 2 },
        "end": { "line": 18, "column": 4 }
      },
      "1": {
        "start": { "line": 21, "column": 15 },
        "end": { "line": 32, "column": 2 }
      }
    },
    "fnMap": {
      "0": {
        "name": "NotFoundScreen",
        "decl": {
          "start": { "line": 7, "column": 24 },
          "end": { "line": 7, "column": 38 }
        },
        "loc": {
          "start": { "line": 7, "column": 41 },
          "end": { "line": 19, "column": 1 }
        },
        "line": 7
      }
    },
    "branchMap": {},
    "s": { "0": 0, "1": 0 },
    "f": { "0": 0 },
    "b": {}
  },
  "/Users/kamoi/tsunagite/app/_layout.tsx": {
    "path": "/Users/kamoi/tsunagite/app/_layout.tsx",
    "statementMap": {
      "0": {
        "start": { "line": 9, "column": 20 },
        "end": { "line": 13, "column": 62 }
      },
      "1": {
        "start": { "line": 15, "column": 23 },
        "end": { "line": 15, "column": 52 }
      },
      "2": {
        "start": { "line": 15, "column": 29 },
        "end": { "line": 15, "column": 52 }
      },
      "3": {
        "start": { "line": 18, "column": 26 },
        "end": { "line": 18, "column": 56 }
      },
      "4": {
        "start": { "line": 19, "column": 32 },
        "end": { "line": 19, "column": 46 }
      },
      "5": {
        "start": { "line": 21, "column": 24 },
        "end": { "line": 39, "column": 3 }
      },
      "6": {
        "start": { "line": 22, "column": 4 },
        "end": { "line": 38, "column": 5 }
      },
      "7": {
        "start": { "line": 23, "column": 19 },
        "end": { "line": 23, "column": 56 }
      },
      "8": {
        "start": { "line": 24, "column": 19 },
        "end": { "line": 24, "column": 51 }
      },
      "9": {
        "start": { "line": 26, "column": 32 },
        "end": { "line": 31, "column": 7 }
      },
      "10": {
        "start": { "line": 33, "column": 6 },
        "end": { "line": 33, "column": 24 }
      },
      "11": {
        "start": { "line": 34, "column": 6 },
        "end": { "line": 34, "column": 22 }
      },
      "12": {
        "start": { "line": 36, "column": 6 },
        "end": { "line": 36, "column": 56 }
      },
      "13": {
        "start": { "line": 37, "column": 6 },
        "end": { "line": 37, "column": 18 }
      },
      "14": {
        "start": { "line": 41, "column": 22 },
        "end": { "line": 46, "column": 3 }
      },
      "15": {
        "start": { "line": 42, "column": 24 },
        "end": { "line": 42, "column": 40 }
      },
      "16": {
        "start": { "line": 43, "column": 4 },
        "end": { "line": 45, "column": 5 }
      },
      "17": {
        "start": { "line": 44, "column": 6 },
        "end": { "line": 44, "column": 39 }
      },
      "18": {
        "start": { "line": 48, "column": 2 },
        "end": { "line": 60, "column": 9 }
      },
      "19": {
        "start": { "line": 49, "column": 18 },
        "end": { "line": 58, "column": 6 }
      },
      "20": {
        "start": { "line": 50, "column": 6 },
        "end": { "line": 54, "column": 7 }
      },
      "21": {
        "start": { "line": 51, "column": 8 },
        "end": { "line": 51, "column": 22 }
      },
      "22": {
        "start": { "line": 52, "column": 8 },
        "end": { "line": 52, "column": 26 }
      },
      "23": {
        "start": { "line": 53, "column": 8 },
        "end": { "line": 53, "column": 15 }
      },
      "24": {
        "start": { "line": 56, "column": 6 },
        "end": { "line": 56, "column": 29 }
      },
      "25": {
        "start": { "line": 57, "column": 6 },
        "end": { "line": 57, "column": 24 }
      },
      "26": {
        "start": { "line": 59, "column": 4 },
        "end": { "line": 59, "column": 25 }
      },
      "27": {
        "start": { "line": 59, "column": 17 },
        "end": { "line": 59, "column": 24 }
      },
      "28": {
        "start": { "line": 62, "column": 2 },
        "end": { "line": 68, "column": 3 }
      },
      "29": {
        "start": { "line": 63, "column": 4 },
        "end": { "line": 67, "column": 6 }
      },
      "30": {
        "start": { "line": 70, "column": 2 },
        "end": { "line": 74, "column": 4 }
      }
    },
    "fnMap": {
      "0": {
        "name": "(anonymous_0)",
        "decl": {
          "start": { "line": 13, "column": 45 },
          "end": { "line": 13, "column": 46 }
        },
        "loc": {
          "start": { "line": 13, "column": 57 },
          "end": { "line": 13, "column": 59 }
        },
        "line": 13
      },
      "1": {
        "name": "(anonymous_1)",
        "decl": {
          "start": { "line": 15, "column": 23 },
          "end": { "line": 15, "column": 24 }
        },
        "loc": {
          "start": { "line": 15, "column": 29 },
          "end": { "line": 15, "column": 52 }
        },
        "line": 15
      },
      "2": {
        "name": "RootLayout",
        "decl": {
          "start": { "line": 17, "column": 24 },
          "end": { "line": 17, "column": 34 }
        },
        "loc": {
          "start": { "line": 17, "column": 37 },
          "end": { "line": 75, "column": 1 }
        },
        "line": 17
      },
      "3": {
        "name": "(anonymous_3)",
        "decl": {
          "start": { "line": 21, "column": 24 },
          "end": { "line": 21, "column": 25 }
        },
        "loc": {
          "start": { "line": 21, "column": 43 },
          "end": { "line": 39, "column": 3 }
        },
        "line": 21
      },
      "4": {
        "name": "(anonymous_4)",
        "decl": {
          "start": { "line": 41, "column": 22 },
          "end": { "line": 41, "column": 23 }
        },
        "loc": {
          "start": { "line": 41, "column": 34 },
          "end": { "line": 46, "column": 3 }
        },
        "line": 41
      },
      "5": {
        "name": "(anonymous_5)",
        "decl": {
          "start": { "line": 48, "column": 12 },
          "end": { "line": 48, "column": 13 }
        },
        "loc": {
          "start": { "line": 48, "column": 18 },
          "end": { "line": 60, "column": 3 }
        },
        "line": 48
      },
      "6": {
        "name": "(anonymous_6)",
        "decl": {
          "start": { "line": 49, "column": 43 },
          "end": { "line": 49, "column": 44 }
        },
        "loc": {
          "start": { "line": 49, "column": 69 },
          "end": { "line": 58, "column": 5 }
        },
        "line": 49
      },
      "7": {
        "name": "(anonymous_7)",
        "decl": {
          "start": { "line": 59, "column": 11 },
          "end": { "line": 59, "column": 12 }
        },
        "loc": {
          "start": { "line": 59, "column": 17 },
          "end": { "line": 59, "column": 24 }
        },
        "line": 59
      }
    },
    "branchMap": {
      "0": {
        "loc": {
          "start": { "line": 24, "column": 19 },
          "end": { "line": 24, "column": 51 }
        },
        "type": "cond-expr",
        "locations": [
          {
            "start": { "line": 24, "column": 35 },
            "end": { "line": 24, "column": 46 }
          },
          {
            "start": { "line": 24, "column": 49 },
            "end": { "line": 24, "column": 51 }
          }
        ],
        "line": 24
      },
      "1": {
        "loc": {
          "start": { "line": 29, "column": 14 },
          "end": { "line": 29, "column": 57 }
        },
        "type": "binary-expr",
        "locations": [
          {
            "start": { "line": 29, "column": 15 },
            "end": { "line": 29, "column": 43 }
          },
          {
            "start": { "line": 29, "column": 48 },
            "end": { "line": 29, "column": 57 }
          }
        ],
        "line": 29
      },
      "2": {
        "loc": {
          "start": { "line": 43, "column": 4 },
          "end": { "line": 45, "column": 5 }
        },
        "type": "if",
        "locations": [
          {
            "start": { "line": 43, "column": 4 },
            "end": { "line": 45, "column": 5 }
          },
          { "start": {}, "end": {} }
        ],
        "line": 43
      },
      "3": {
        "loc": {
          "start": { "line": 50, "column": 6 },
          "end": { "line": 54, "column": 7 }
        },
        "type": "if",
        "locations": [
          {
            "start": { "line": 50, "column": 6 },
            "end": { "line": 54, "column": 7 }
          },
          { "start": {}, "end": {} }
        ],
        "line": 50
      },
      "4": {
        "loc": {
          "start": { "line": 62, "column": 2 },
          "end": { "line": 68, "column": 3 }
        },
        "type": "if",
        "locations": [
          {
            "start": { "line": 62, "column": 2 },
            "end": { "line": 68, "column": 3 }
          },
          { "start": {}, "end": {} }
        ],
        "line": 62
      }
    },
    "s": {
      "0": 0,
      "1": 0,
      "2": 0,
      "3": 0,
      "4": 0,
      "5": 0,
      "6": 0,
      "7": 0,
      "8": 0,
      "9": 0,
      "10": 0,
      "11": 0,
      "12": 0,
      "13": 0,
      "14": 0,
      "15": 0,
      "16": 0,
      "17": 0,
      "18": 0,
      "19": 0,
      "20": 0,
      "21": 0,
      "22": 0,
      "23": 0,
      "24": 0,
      "25": 0,
      "26": 0,
      "27": 0,
      "28": 0,
      "29": 0,
      "30": 0
    },
    "f": { "0": 0, "1": 0, "2": 0, "3": 0, "4": 0, "5": 0, "6": 0, "7": 0 },
    "b": { "0": [0, 0], "1": [0, 0], "2": [0, 0], "3": [0, 0], "4": [0, 0] }
  },
  "/Users/kamoi/tsunagite/app/index.tsx": {
    "path": "/Users/kamoi/tsunagite/app/index.tsx",
    "statementMap": {
      "0": {
        "start": { "line": 5, "column": 28 },
        "end": { "line": 5, "column": 37 }
      },
      "1": {
        "start": { "line": 7, "column": 2 },
        "end": { "line": 9, "column": 3 }
      },
      "2": {
        "start": { "line": 8, "column": 4 },
        "end": { "line": 8, "column": 16 }
      },
      "3": {
        "start": { "line": 11, "column": 2 },
        "end": { "line": 13, "column": 3 }
      },
      "4": {
        "start": { "line": 12, "column": 4 },
        "end": { "line": 12, "column": 45 }
      },
      "5": {
        "start": { "line": 15, "column": 2 },
        "end": { "line": 17, "column": 3 }
      },
      "6": {
        "start": { "line": 16, "column": 4 },
        "end": { "line": 16, "column": 45 }
      },
      "7": {
        "start": { "line": 19, "column": 2 },
        "end": { "line": 19, "column": 36 }
      }
    },
    "fnMap": {
      "0": {
        "name": "Index",
        "decl": {
          "start": { "line": 4, "column": 24 },
          "end": { "line": 4, "column": 29 }
        },
        "loc": {
          "start": { "line": 4, "column": 32 },
          "end": { "line": 20, "column": 1 }
        },
        "line": 4
      }
    },
    "branchMap": {
      "0": {
        "loc": {
          "start": { "line": 7, "column": 2 },
          "end": { "line": 9, "column": 3 }
        },
        "type": "if",
        "locations": [
          {
            "start": { "line": 7, "column": 2 },
            "end": { "line": 9, "column": 3 }
          },
          { "start": {}, "end": {} }
        ],
        "line": 7
      },
      "1": {
        "loc": {
          "start": { "line": 11, "column": 2 },
          "end": { "line": 13, "column": 3 }
        },
        "type": "if",
        "locations": [
          {
            "start": { "line": 11, "column": 2 },
            "end": { "line": 13, "column": 3 }
          },
          { "start": {}, "end": {} }
        ],
        "line": 11
      },
      "2": {
        "loc": {
          "start": { "line": 15, "column": 2 },
          "end": { "line": 17, "column": 3 }
        },
        "type": "if",
        "locations": [
          {
            "start": { "line": 15, "column": 2 },
            "end": { "line": 17, "column": 3 }
          },
          { "start": {}, "end": {} }
        ],
        "line": 15
      }
    },
    "s": { "0": 0, "1": 0, "2": 0, "3": 0, "4": 0, "5": 0, "6": 0, "7": 0 },
    "f": { "0": 0 },
    "b": { "0": [0, 0], "1": [0, 0], "2": [0, 0] }
  },
  "/Users/kamoi/tsunagite/app/(app)/_layout.tsx": {
    "path": "/Users/kamoi/tsunagite/app/(app)/_layout.tsx",
    "statementMap": {
      "0": {
        "start": { "line": 5, "column": 19 },
        "end": { "line": 5, "column": 28 }
      },
      "1": {
        "start": { "line": 6, "column": 2 },
        "end": { "line": 6, "column": 54 }
      },
      "2": {
        "start": { "line": 6, "column": 13 },
        "end": { "line": 6, "column": 54 }
      },
      "3": {
        "start": { "line": 7, "column": 2 },
        "end": { "line": 7, "column": 69 }
      },
      "4": {
        "start": { "line": 7, "column": 28 },
        "end": { "line": 7, "column": 69 }
      },
      "5": {
        "start": { "line": 8, "column": 2 },
        "end": { "line": 8, "column": 58 }
      }
    },
    "fnMap": {
      "0": {
        "name": "AppLayout",
        "decl": {
          "start": { "line": 4, "column": 24 },
          "end": { "line": 4, "column": 33 }
        },
        "loc": {
          "start": { "line": 4, "column": 36 },
          "end": { "line": 9, "column": 1 }
        },
        "line": 4
      }
    },
    "branchMap": {
      "0": {
        "loc": {
          "start": { "line": 6, "column": 2 },
          "end": { "line": 6, "column": 54 }
        },
        "type": "if",
        "locations": [
          {
            "start": { "line": 6, "column": 2 },
            "end": { "line": 6, "column": 54 }
          },
          { "start": {}, "end": {} }
        ],
        "line": 6
      },
      "1": {
        "loc": {
          "start": { "line": 7, "column": 2 },
          "end": { "line": 7, "column": 69 }
        },
        "type": "if",
        "locations": [
          {
            "start": { "line": 7, "column": 2 },
            "end": { "line": 7, "column": 69 }
          },
          { "start": {}, "end": {} }
        ],
        "line": 7
      }
    },
    "s": { "0": 0, "1": 0, "2": 0, "3": 0, "4": 0, "5": 0 },
    "f": { "0": 0 },
    "b": { "0": [0, 0], "1": [0, 0] }
  },
  "/Users/kamoi/tsunagite/app/(app)/create-event.tsx": {
    "path": "/Users/kamoi/tsunagite/app/(app)/create-event.tsx",
    "statementMap": {
      "0": {
        "start": { "line": 19, "column": 20 },
        "end": { "line": 67, "column": 1 }
      },
      "1": {
        "start": { "line": 69, "column": 23 },
        "end": { "line": 73, "column": 1 }
      },
      "2": {
        "start": { "line": 75, "column": 38 },
        "end": { "line": 75, "column": 68 }
      },
      "3": {
        "start": { "line": 77, "column": 25 },
        "end": { "line": 83, "column": 1 }
      },
      "4": {
        "start": { "line": 85, "column": 22 },
        "end": { "line": 103, "column": 1 }
      },
      "5": {
        "start": { "line": 106, "column": 17 },
        "end": { "line": 106, "column": 28 }
      },
      "6": {
        "start": { "line": 107, "column": 32 },
        "end": { "line": 107, "column": 47 }
      },
      "7": {
        "start": { "line": 108, "column": 32 },
        "end": { "line": 108, "column": 62 }
      },
      "8": {
        "start": { "line": 111, "column": 28 },
        "end": { "line": 111, "column": 40 }
      },
      "9": {
        "start": { "line": 112, "column": 40 },
        "end": { "line": 112, "column": 52 }
      },
      "10": {
        "start": { "line": 113, "column": 26 },
        "end": { "line": 113, "column": 38 }
      },
      "11": {
        "start": { "line": 114, "column": 26 },
        "end": { "line": 114, "column": 38 }
      },
      "12": {
        "start": { "line": 115, "column": 42 },
        "end": { "line": 115, "column": 65 }
      },
      "13": {
        "start": { "line": 116, "column": 46 },
        "end": { "line": 116, "column": 68 }
      },
      "14": {
        "start": { "line": 117, "column": 48 },
        "end": { "line": 117, "column": 72 }
      },
      "15": {
        "start": { "line": 118, "column": 32 },
        "end": { "line": 118, "column": 55 }
      },
      "16": {
        "start": { "line": 119, "column": 36 },
        "end": { "line": 119, "column": 62 }
      },
      "17": {
        "start": { "line": 120, "column": 46 },
        "end": { "line": 120, "column": 61 }
      },
      "18": {
        "start": { "line": 122, "column": 2 },
        "end": { "line": 144, "column": 9 }
      },
      "19": {
        "start": { "line": 123, "column": 25 },
        "end": { "line": 141, "column": 5 }
      },
      "20": {
        "start": { "line": 124, "column": 18 },
        "end": { "line": 124, "column": 39 }
      },
      "21": {
        "start": { "line": 125, "column": 6 },
        "end": { "line": 125, "column": 23 }
      },
      "22": {
        "start": { "line": 125, "column": 16 },
        "end": { "line": 125, "column": 23 }
      },
      "23": {
        "start": { "line": 127, "column": 6 },
        "end": { "line": 140, "column": 7 }
      },
      "24": {
        "start": { "line": 128, "column": 27 },
        "end": { "line": 128, "column": 65 }
      },
      "25": {
        "start": { "line": 129, "column": 8 },
        "end": { "line": 137, "column": 9 }
      },
      "26": {
        "start": { "line": 130, "column": 30 },
        "end": { "line": 130, "column": 58 }
      },
      "27": {
        "start": { "line": 131, "column": 10 },
        "end": { "line": 131, "column": 34 }
      },
      "28": {
        "start": { "line": 133, "column": 10 },
        "end": { "line": 136, "column": 11 }
      },
      "29": {
        "start": { "line": 134, "column": 12 },
        "end": { "line": 134, "column": 43 }
      },
      "30": {
        "start": { "line": 135, "column": 12 },
        "end": { "line": 135, "column": 43 }
      },
      "31": {
        "start": { "line": 139, "column": 8 },
        "end": { "line": 139, "column": 56 }
      },
      "32": {
        "start": { "line": 143, "column": 4 },
        "end": { "line": 143, "column": 19 }
      },
      "33": {
        "start": { "line": 146, "column": 22 },
        "end": { "line": 150, "column": 3 }
      },
      "34": {
        "start": { "line": 147, "column": 4 },
        "end": { "line": 149, "column": 6 }
      },
      "35": {
        "start": { "line": 148, "column": 6 },
        "end": { "line": 148, "column": 79 }
      },
      "36": {
        "start": { "line": 148, "column": 48 },
        "end": { "line": 148, "column": 59 }
      },
      "37": {
        "start": { "line": 152, "column": 25 },
        "end": { "line": 158, "column": 3 }
      },
      "38": {
        "start": { "line": 153, "column": 4 },
        "end": { "line": 157, "column": 6 }
      },
      "39": {
        "start": { "line": 154, "column": 6 },
        "end": { "line": 156, "column": 29 }
      },
      "40": {
        "start": { "line": 155, "column": 30 },
        "end": { "line": 155, "column": 45 }
      },
      "41": {
        "start": { "line": 161, "column": 4 },
        "end": { "line": 165, "column": 30 }
      },
      "42": {
        "start": { "line": 167, "column": 19 },
        "end": { "line": 216, "column": 3 }
      },
      "43": {
        "start": { "line": 168, "column": 4 },
        "end": { "line": 171, "column": 5 }
      },
      "44": {
        "start": { "line": 169, "column": 6 },
        "end": { "line": 169, "column": 48 }
      },
      "45": {
        "start": { "line": 170, "column": 6 },
        "end": { "line": 170, "column": 13 }
      },
      "46": {
        "start": { "line": 173, "column": 16 },
        "end": { "line": 173, "column": 37 }
      },
      "47": {
        "start": { "line": 174, "column": 4 },
        "end": { "line": 177, "column": 5 }
      },
      "48": {
        "start": { "line": 175, "column": 6 },
        "end": { "line": 175, "column": 39 }
      },
      "49": {
        "start": { "line": 176, "column": 6 },
        "end": { "line": 176, "column": 13 }
      },
      "50": {
        "start": { "line": 179, "column": 4 },
        "end": { "line": 215, "column": 5 }
      },
      "51": {
        "start": { "line": 180, "column": 6 },
        "end": { "line": 180, "column": 23 }
      },
      "52": {
        "start": { "line": 182, "column": 24 },
        "end": { "line": 200, "column": 7 }
      },
      "53": {
        "start": { "line": 202, "column": 6 },
        "end": { "line": 202, "column": 56 }
      },
      "54": {
        "start": { "line": 204, "column": 6 },
        "end": { "line": 209, "column": 9 }
      },
      "55": {
        "start": { "line": 207, "column": 25 },
        "end": { "line": 207, "column": 49 }
      },
      "56": {
        "start": { "line": 211, "column": 6 },
        "end": { "line": 211, "column": 52 }
      },
      "57": {
        "start": { "line": 212, "column": 6 },
        "end": { "line": 212, "column": 44 }
      },
      "58": {
        "start": { "line": 214, "column": 6 },
        "end": { "line": 214, "column": 24 }
      },
      "59": {
        "start": { "line": 218, "column": 2 },
        "end": { "line": 452, "column": 4 }
      },
      "60": {
        "start": { "line": 225, "column": 14 },
        "end": { "line": 230, "column": 33 }
      },
      "61": {
        "start": { "line": 226, "column": 31 },
        "end": { "line": 226, "column": 44 }
      },
      "62": {
        "start": { "line": 238, "column": 27 },
        "end": { "line": 238, "column": 40 }
      },
      "63": {
        "start": { "line": 272, "column": 29 },
        "end": { "line": 272, "column": 52 }
      },
      "64": {
        "start": { "line": 291, "column": 18 },
        "end": { "line": 291, "column": 43 }
      },
      "65": {
        "start": { "line": 292, "column": 18 },
        "end": { "line": 294, "column": 19 }
      },
      "66": {
        "start": { "line": 293, "column": 20 },
        "end": { "line": 293, "column": 47 }
      },
      "67": {
        "start": { "line": 308, "column": 18 },
        "end": { "line": 324, "column": 37 }
      },
      "68": {
        "start": { "line": 314, "column": 35 },
        "end": { "line": 314, "column": 54 }
      },
      "69": {
        "start": { "line": 345, "column": 16 },
        "end": { "line": 362, "column": 35 }
      },
      "70": {
        "start": { "line": 351, "column": 33 },
        "end": { "line": 351, "column": 62 }
      },
      "71": {
        "start": { "line": 371, "column": 16 },
        "end": { "line": 389, "column": 35 }
      },
      "72": {
        "start": { "line": 378, "column": 33 },
        "end": { "line": 378, "column": 57 }
      },
      "73": {
        "start": { "line": 398, "column": 16 },
        "end": { "line": 414, "column": 35 }
      },
      "74": {
        "start": { "line": 404, "column": 33 },
        "end": { "line": 404, "column": 57 }
      },
      "75": {
        "start": { "line": 455, "column": 15 },
        "end": { "line": 599, "column": 2 }
      }
    },
    "fnMap": {
      "0": {
        "name": "CreateEventScreen",
        "decl": {
          "start": { "line": 105, "column": 24 },
          "end": { "line": 105, "column": 41 }
        },
        "loc": {
          "start": { "line": 105, "column": 44 },
          "end": { "line": 453, "column": 1 }
        },
        "line": 105
      },
      "1": {
        "name": "(anonymous_1)",
        "decl": {
          "start": { "line": 122, "column": 18 },
          "end": { "line": 122, "column": 19 }
        },
        "loc": {
          "start": { "line": 122, "column": 24 },
          "end": { "line": 144, "column": 3 }
        },
        "line": 122
      },
      "2": {
        "name": "(anonymous_2)",
        "decl": {
          "start": { "line": 123, "column": 25 },
          "end": { "line": 123, "column": 26 }
        },
        "loc": {
          "start": { "line": 123, "column": 37 },
          "end": { "line": 141, "column": 5 }
        },
        "line": 123
      },
      "3": {
        "name": "(anonymous_3)",
        "decl": {
          "start": { "line": 146, "column": 22 },
          "end": { "line": 146, "column": 23 }
        },
        "loc": {
          "start": { "line": 146, "column": 41 },
          "end": { "line": 150, "column": 3 }
        },
        "line": 146
      },
      "4": {
        "name": "(anonymous_4)",
        "decl": {
          "start": { "line": 147, "column": 22 },
          "end": { "line": 147, "column": 23 }
        },
        "loc": {
          "start": { "line": 148, "column": 6 },
          "end": { "line": 148, "column": 79 }
        },
        "line": 148
      },
      "5": {
        "name": "(anonymous_5)",
        "decl": {
          "start": { "line": 148, "column": 41 },
          "end": { "line": 148, "column": 42 }
        },
        "loc": {
          "start": { "line": 148, "column": 48 },
          "end": { "line": 148, "column": 59 }
        },
        "line": 148
      },
      "6": {
        "name": "(anonymous_6)",
        "decl": {
          "start": { "line": 152, "column": 25 },
          "end": { "line": 152, "column": 26 }
        },
        "loc": {
          "start": { "line": 152, "column": 49 },
          "end": { "line": 158, "column": 3 }
        },
        "line": 152
      },
      "7": {
        "name": "(anonymous_7)",
        "decl": {
          "start": { "line": 153, "column": 23 },
          "end": { "line": 153, "column": 24 }
        },
        "loc": {
          "start": { "line": 154, "column": 6 },
          "end": { "line": 156, "column": 29 }
        },
        "line": 154
      },
      "8": {
        "name": "(anonymous_8)",
        "decl": {
          "start": { "line": 155, "column": 22 },
          "end": { "line": 155, "column": 23 }
        },
        "loc": {
          "start": { "line": 155, "column": 30 },
          "end": { "line": 155, "column": 45 }
        },
        "line": 155
      },
      "9": {
        "name": "(anonymous_9)",
        "decl": {
          "start": { "line": 167, "column": 19 },
          "end": { "line": 167, "column": 20 }
        },
        "loc": {
          "start": { "line": 167, "column": 31 },
          "end": { "line": 216, "column": 3 }
        },
        "line": 167
      },
      "10": {
        "name": "(anonymous_10)",
        "decl": {
          "start": { "line": 207, "column": 19 },
          "end": { "line": 207, "column": 20 }
        },
        "loc": {
          "start": { "line": 207, "column": 25 },
          "end": { "line": 207, "column": 49 }
        },
        "line": 207
      },
      "11": {
        "name": "(anonymous_11)",
        "decl": {
          "start": { "line": 224, "column": 24 },
          "end": { "line": 224, "column": 25 }
        },
        "loc": {
          "start": { "line": 225, "column": 14 },
          "end": { "line": 230, "column": 33 }
        },
        "line": 225
      },
      "12": {
        "name": "(anonymous_12)",
        "decl": {
          "start": { "line": 226, "column": 25 },
          "end": { "line": 226, "column": 26 }
        },
        "loc": {
          "start": { "line": 226, "column": 31 },
          "end": { "line": 226, "column": 44 }
        },
        "line": 226
      },
      "13": {
        "name": "(anonymous_13)",
        "decl": {
          "start": { "line": 238, "column": 21 },
          "end": { "line": 238, "column": 22 }
        },
        "loc": {
          "start": { "line": 238, "column": 27 },
          "end": { "line": 238, "column": 40 }
        },
        "line": 238
      },
      "14": {
        "name": "(anonymous_14)",
        "decl": {
          "start": { "line": 272, "column": 23 },
          "end": { "line": 272, "column": 24 }
        },
        "loc": {
          "start": { "line": 272, "column": 29 },
          "end": { "line": 272, "column": 52 }
        },
        "line": 272
      },
      "15": {
        "name": "(anonymous_15)",
        "decl": {
          "start": { "line": 290, "column": 26 },
          "end": { "line": 290, "column": 27 }
        },
        "loc": {
          "start": { "line": 290, "column": 51 },
          "end": { "line": 295, "column": 17 }
        },
        "line": 290
      },
      "16": {
        "name": "(anonymous_16)",
        "decl": {
          "start": { "line": 307, "column": 33 },
          "end": { "line": 307, "column": 34 }
        },
        "loc": {
          "start": { "line": 308, "column": 18 },
          "end": { "line": 324, "column": 37 }
        },
        "line": 308
      },
      "17": {
        "name": "(anonymous_17)",
        "decl": {
          "start": { "line": 314, "column": 29 },
          "end": { "line": 314, "column": 30 }
        },
        "loc": {
          "start": { "line": 314, "column": 35 },
          "end": { "line": 314, "column": 54 }
        },
        "line": 314
      },
      "18": {
        "name": "(anonymous_18)",
        "decl": {
          "start": { "line": 344, "column": 34 },
          "end": { "line": 344, "column": 35 }
        },
        "loc": {
          "start": { "line": 345, "column": 16 },
          "end": { "line": 362, "column": 35 }
        },
        "line": 345
      },
      "19": {
        "name": "(anonymous_19)",
        "decl": {
          "start": { "line": 351, "column": 27 },
          "end": { "line": 351, "column": 28 }
        },
        "loc": {
          "start": { "line": 351, "column": 33 },
          "end": { "line": 351, "column": 62 }
        },
        "line": 351
      },
      "20": {
        "name": "(anonymous_20)",
        "decl": {
          "start": { "line": 370, "column": 37 },
          "end": { "line": 370, "column": 38 }
        },
        "loc": {
          "start": { "line": 371, "column": 16 },
          "end": { "line": 389, "column": 35 }
        },
        "line": 371
      },
      "21": {
        "name": "(anonymous_21)",
        "decl": {
          "start": { "line": 378, "column": 27 },
          "end": { "line": 378, "column": 28 }
        },
        "loc": {
          "start": { "line": 378, "column": 33 },
          "end": { "line": 378, "column": 57 }
        },
        "line": 378
      },
      "22": {
        "name": "(anonymous_22)",
        "decl": {
          "start": { "line": 397, "column": 36 },
          "end": { "line": 397, "column": 37 }
        },
        "loc": {
          "start": { "line": 398, "column": 16 },
          "end": { "line": 414, "column": 35 }
        },
        "line": 398
      },
      "23": {
        "name": "(anonymous_23)",
        "decl": {
          "start": { "line": 404, "column": 27 },
          "end": { "line": 404, "column": 28 }
        },
        "loc": {
          "start": { "line": 404, "column": 33 },
          "end": { "line": 404, "column": 57 }
        },
        "line": 404
      }
    },
    "branchMap": {
      "0": {
        "loc": {
          "start": { "line": 125, "column": 6 },
          "end": { "line": 125, "column": 23 }
        },
        "type": "if",
        "locations": [
          {
            "start": { "line": 125, "column": 6 },
            "end": { "line": 125, "column": 23 }
          },
          { "start": {}, "end": {} }
        ],
        "line": 125
      },
      "1": {
        "loc": {
          "start": { "line": 129, "column": 8 },
          "end": { "line": 137, "column": 9 }
        },
        "type": "if",
        "locations": [
          {
            "start": { "line": 129, "column": 8 },
            "end": { "line": 137, "column": 9 }
          },
          { "start": {}, "end": {} }
        ],
        "line": 129
      },
      "2": {
        "loc": {
          "start": { "line": 133, "column": 10 },
          "end": { "line": 136, "column": 11 }
        },
        "type": "if",
        "locations": [
          {
            "start": { "line": 133, "column": 10 },
            "end": { "line": 136, "column": 11 }
          },
          { "start": {}, "end": {} }
        ],
        "line": 133
      },
      "3": {
        "loc": {
          "start": { "line": 148, "column": 6 },
          "end": { "line": 148, "column": 79 }
        },
        "type": "cond-expr",
        "locations": [
          {
            "start": { "line": 148, "column": 29 },
            "end": { "line": 148, "column": 60 }
          },
          {
            "start": { "line": 148, "column": 63 },
            "end": { "line": 148, "column": 79 }
          }
        ],
        "line": 148
      },
      "4": {
        "loc": {
          "start": { "line": 154, "column": 6 },
          "end": { "line": 156, "column": 29 }
        },
        "type": "cond-expr",
        "locations": [
          {
            "start": { "line": 155, "column": 10 },
            "end": { "line": 155, "column": 46 }
          },
          {
            "start": { "line": 156, "column": 10 },
            "end": { "line": 156, "column": 29 }
          }
        ],
        "line": 154
      },
      "5": {
        "loc": {
          "start": { "line": 161, "column": 4 },
          "end": { "line": 165, "column": 30 }
        },
        "type": "binary-expr",
        "locations": [
          {
            "start": { "line": 161, "column": 4 },
            "end": { "line": 161, "column": 27 }
          },
          {
            "start": { "line": 162, "column": 4 },
            "end": { "line": 162, "column": 33 }
          },
          {
            "start": { "line": 163, "column": 4 },
            "end": { "line": 163, "column": 19 }
          },
          {
            "start": { "line": 164, "column": 4 },
            "end": { "line": 164, "column": 26 }
          },
          {
            "start": { "line": 165, "column": 4 },
            "end": { "line": 165, "column": 30 }
          }
        ],
        "line": 161
      },
      "6": {
        "loc": {
          "start": { "line": 168, "column": 4 },
          "end": { "line": 171, "column": 5 }
        },
        "type": "if",
        "locations": [
          {
            "start": { "line": 168, "column": 4 },
            "end": { "line": 171, "column": 5 }
          },
          { "start": {}, "end": {} }
        ],
        "line": 168
      },
      "7": {
        "loc": {
          "start": { "line": 174, "column": 4 },
          "end": { "line": 177, "column": 5 }
        },
        "type": "if",
        "locations": [
          {
            "start": { "line": 174, "column": 4 },
            "end": { "line": 177, "column": 5 }
          },
          { "start": {}, "end": {} }
        ],
        "line": 174
      },
      "8": {
        "loc": {
          "start": { "line": 174, "column": 8 },
          "end": { "line": 174, "column": 24 }
        },
        "type": "binary-expr",
        "locations": [
          {
            "start": { "line": 174, "column": 8 },
            "end": { "line": 174, "column": 12 }
          },
          {
            "start": { "line": 174, "column": 16 },
            "end": { "line": 174, "column": 24 }
          }
        ],
        "line": 174
      },
      "9": {
        "loc": {
          "start": { "line": 185, "column": 10 },
          "end": { "line": 187, "column": 26 }
        },
        "type": "cond-expr",
        "locations": [
          {
            "start": { "line": 186, "column": 14 },
            "end": { "line": 186, "column": 66 }
          },
          {
            "start": { "line": 187, "column": 14 },
            "end": { "line": 187, "column": 26 }
          }
        ],
        "line": 185
      },
      "10": {
        "loc": {
          "start": { "line": 186, "column": 14 },
          "end": { "line": 186, "column": 66 }
        },
        "type": "binary-expr",
        "locations": [
          {
            "start": { "line": 186, "column": 14 },
            "end": { "line": 186, "column": 50 }
          },
          {
            "start": { "line": 186, "column": 54 },
            "end": { "line": 186, "column": 66 }
          }
        ],
        "line": 186
      },
      "11": {
        "loc": {
          "start": { "line": 285, "column": 13 },
          "end": { "line": 298, "column": 13 }
        },
        "type": "binary-expr",
        "locations": [
          {
            "start": { "line": 285, "column": 13 },
            "end": { "line": 285, "column": 27 }
          },
          {
            "start": { "line": 286, "column": 14 },
            "end": { "line": 297, "column": 16 }
          }
        ],
        "line": 285
      },
      "12": {
        "loc": {
          "start": { "line": 292, "column": 18 },
          "end": { "line": 294, "column": 19 }
        },
        "type": "if",
        "locations": [
          {
            "start": { "line": 292, "column": 18 },
            "end": { "line": 294, "column": 19 }
          },
          { "start": {}, "end": {} }
        ],
        "line": 292
      },
      "13": {
        "loc": {
          "start": { "line": 312, "column": 22 },
          "end": { "line": 312, "column": 64 }
        },
        "type": "binary-expr",
        "locations": [
          {
            "start": { "line": 312, "column": 22 },
            "end": { "line": 312, "column": 41 }
          },
          {
            "start": { "line": 312, "column": 45 },
            "end": { "line": 312, "column": 64 }
          }
        ],
        "line": 312
      },
      "14": {
        "loc": {
          "start": { "line": 319, "column": 24 },
          "end": { "line": 319, "column": 70 }
        },
        "type": "binary-expr",
        "locations": [
          {
            "start": { "line": 319, "column": 24 },
            "end": { "line": 319, "column": 43 }
          },
          {
            "start": { "line": 319, "column": 47 },
            "end": { "line": 319, "column": 70 }
          }
        ],
        "line": 319
      },
      "15": {
        "loc": {
          "start": { "line": 349, "column": 20 },
          "end": { "line": 349, "column": 78 }
        },
        "type": "binary-expr",
        "locations": [
          {
            "start": { "line": 349, "column": 20 },
            "end": { "line": 349, "column": 49 }
          },
          {
            "start": { "line": 349, "column": 53 },
            "end": { "line": 349, "column": 78 }
          }
        ],
        "line": 349
      },
      "16": {
        "loc": {
          "start": { "line": 356, "column": 22 },
          "end": { "line": 357, "column": 53 }
        },
        "type": "binary-expr",
        "locations": [
          {
            "start": { "line": 356, "column": 22 },
            "end": { "line": 356, "column": 51 }
          },
          {
            "start": { "line": 357, "column": 24 },
            "end": { "line": 357, "column": 53 }
          }
        ],
        "line": 356
      },
      "17": {
        "loc": {
          "start": { "line": 375, "column": 20 },
          "end": { "line": 376, "column": 47 }
        },
        "type": "binary-expr",
        "locations": [
          {
            "start": { "line": 375, "column": 20 },
            "end": { "line": 375, "column": 54 }
          },
          {
            "start": { "line": 376, "column": 22 },
            "end": { "line": 376, "column": 47 }
          }
        ],
        "line": 375
      },
      "18": {
        "loc": {
          "start": { "line": 383, "column": 22 },
          "end": { "line": 384, "column": 53 }
        },
        "type": "binary-expr",
        "locations": [
          {
            "start": { "line": 383, "column": 22 },
            "end": { "line": 383, "column": 56 }
          },
          {
            "start": { "line": 384, "column": 24 },
            "end": { "line": 384, "column": 53 }
          }
        ],
        "line": 383
      },
      "19": {
        "loc": {
          "start": { "line": 402, "column": 20 },
          "end": { "line": 402, "column": 73 }
        },
        "type": "binary-expr",
        "locations": [
          {
            "start": { "line": 402, "column": 20 },
            "end": { "line": 402, "column": 44 }
          },
          {
            "start": { "line": 402, "column": 48 },
            "end": { "line": 402, "column": 73 }
          }
        ],
        "line": 402
      },
      "20": {
        "loc": {
          "start": { "line": 409, "column": 22 },
          "end": { "line": 409, "column": 79 }
        },
        "type": "binary-expr",
        "locations": [
          {
            "start": { "line": 409, "column": 22 },
            "end": { "line": 409, "column": 46 }
          },
          {
            "start": { "line": 409, "column": 50 },
            "end": { "line": 409, "column": 79 }
          }
        ],
        "line": 409
      },
      "21": {
        "loc": {
          "start": { "line": 431, "column": 15 },
          "end": { "line": 433, "column": 26 }
        },
        "type": "binary-expr",
        "locations": [
          {
            "start": { "line": 431, "column": 15 },
            "end": { "line": 431, "column": 52 }
          },
          {
            "start": { "line": 432, "column": 16 },
            "end": { "line": 432, "column": 29 }
          },
          {
            "start": { "line": 433, "column": 16 },
            "end": { "line": 433, "column": 26 }
          }
        ],
        "line": 431
      },
      "22": {
        "loc": {
          "start": { "line": 440, "column": 14 },
          "end": { "line": 440, "column": 68 }
        },
        "type": "binary-expr",
        "locations": [
          {
            "start": { "line": 440, "column": 15 },
            "end": { "line": 440, "column": 25 }
          },
          {
            "start": { "line": 440, "column": 29 },
            "end": { "line": 440, "column": 36 }
          },
          {
            "start": { "line": 440, "column": 41 },
            "end": { "line": 440, "column": 68 }
          }
        ],
        "line": 440
      },
      "23": {
        "loc": {
          "start": { "line": 443, "column": 22 },
          "end": { "line": 443, "column": 43 }
        },
        "type": "binary-expr",
        "locations": [
          {
            "start": { "line": 443, "column": 22 },
            "end": { "line": 443, "column": 32 }
          },
          {
            "start": { "line": 443, "column": 36 },
            "end": { "line": 443, "column": 43 }
          }
        ],
        "line": 443
      },
      "24": {
        "loc": {
          "start": { "line": 446, "column": 15 },
          "end": { "line": 446, "column": 47 }
        },
        "type": "cond-expr",
        "locations": [
          {
            "start": { "line": 446, "column": 25 },
            "end": { "line": 446, "column": 33 }
          },
          {
            "start": { "line": 446, "column": 36 },
            "end": { "line": 446, "column": 47 }
          }
        ],
        "line": 446
      }
    },
    "s": {
      "0": 0,
      "1": 0,
      "2": 0,
      "3": 0,
      "4": 0,
      "5": 0,
      "6": 0,
      "7": 0,
      "8": 0,
      "9": 0,
      "10": 0,
      "11": 0,
      "12": 0,
      "13": 0,
      "14": 0,
      "15": 0,
      "16": 0,
      "17": 0,
      "18": 0,
      "19": 0,
      "20": 0,
      "21": 0,
      "22": 0,
      "23": 0,
      "24": 0,
      "25": 0,
      "26": 0,
      "27": 0,
      "28": 0,
      "29": 0,
      "30": 0,
      "31": 0,
      "32": 0,
      "33": 0,
      "34": 0,
      "35": 0,
      "36": 0,
      "37": 0,
      "38": 0,
      "39": 0,
      "40": 0,
      "41": 0,
      "42": 0,
      "43": 0,
      "44": 0,
      "45": 0,
      "46": 0,
      "47": 0,
      "48": 0,
      "49": 0,
      "50": 0,
      "51": 0,
      "52": 0,
      "53": 0,
      "54": 0,
      "55": 0,
      "56": 0,
      "57": 0,
      "58": 0,
      "59": 0,
      "60": 0,
      "61": 0,
      "62": 0,
      "63": 0,
      "64": 0,
      "65": 0,
      "66": 0,
      "67": 0,
      "68": 0,
      "69": 0,
      "70": 0,
      "71": 0,
      "72": 0,
      "73": 0,
      "74": 0,
      "75": 0
    },
    "f": {
      "0": 0,
      "1": 0,
      "2": 0,
      "3": 0,
      "4": 0,
      "5": 0,
      "6": 0,
      "7": 0,
      "8": 0,
      "9": 0,
      "10": 0,
      "11": 0,
      "12": 0,
      "13": 0,
      "14": 0,
      "15": 0,
      "16": 0,
      "17": 0,
      "18": 0,
      "19": 0,
      "20": 0,
      "21": 0,
      "22": 0,
      "23": 0
    },
    "b": {
      "0": [0, 0],
      "1": [0, 0],
      "2": [0, 0],
      "3": [0, 0],
      "4": [0, 0],
      "5": [0, 0, 0, 0, 0],
      "6": [0, 0],
      "7": [0, 0],
      "8": [0, 0],
      "9": [0, 0],
      "10": [0, 0],
      "11": [0, 0],
      "12": [0, 0],
      "13": [0, 0],
      "14": [0, 0],
      "15": [0, 0],
      "16": [0, 0],
      "17": [0, 0],
      "18": [0, 0],
      "19": [0, 0],
      "20": [0, 0],
      "21": [0, 0, 0],
      "22": [0, 0, 0],
      "23": [0, 0],
      "24": [0, 0]
    }
  },
  "/Users/kamoi/tsunagite/app/(app)/index.tsx": {
    "path": "/Users/kamoi/tsunagite/app/(app)/index.tsx",
    "statementMap": {
      "0": {
        "start": { "line": 15, "column": 19 },
        "end": { "line": 15, "column": 28 }
      },
      "1": {
        "start": { "line": 16, "column": 32 },
        "end": { "line": 16, "column": 62 }
      },
      "2": {
        "start": { "line": 17, "column": 32 },
        "end": { "line": 17, "column": 46 }
      },
      "3": {
        "start": { "line": 19, "column": 2 },
        "end": { "line": 40, "column": 13 }
      },
      "4": {
        "start": { "line": 20, "column": 25 },
        "end": { "line": 37, "column": 5 }
      },
      "5": {
        "start": { "line": 21, "column": 6 },
        "end": { "line": 21, "column": 29 }
      },
      "6": {
        "start": { "line": 21, "column": 22 },
        "end": { "line": 21, "column": 29 }
      },
      "7": {
        "start": { "line": 23, "column": 6 },
        "end": { "line": 36, "column": 7 }
      },
      "8": {
        "start": { "line": 24, "column": 27 },
        "end": { "line": 24, "column": 70 }
      },
      "9": {
        "start": { "line": 25, "column": 8 },
        "end": { "line": 31, "column": 9 }
      },
      "10": {
        "start": { "line": 26, "column": 30 },
        "end": { "line": 26, "column": 58 }
      },
      "11": {
        "start": { "line": 27, "column": 10 },
        "end": { "line": 27, "column": 77 }
      },
      "12": {
        "start": { "line": 28, "column": 10 },
        "end": { "line": 28, "column": 34 }
      },
      "13": {
        "start": { "line": 30, "column": 10 },
        "end": { "line": 30, "column": 62 }
      },
      "14": {
        "start": { "line": 33, "column": 8 },
        "end": { "line": 33, "column": 56 }
      },
      "15": {
        "start": { "line": 35, "column": 8 },
        "end": { "line": 35, "column": 26 }
      },
      "16": {
        "start": { "line": 39, "column": 4 },
        "end": { "line": 39, "column": 19 }
      },
      "17": {
        "start": { "line": 42, "column": 2 },
        "end": { "line": 44, "column": 3 }
      },
      "18": {
        "start": { "line": 43, "column": 4 },
        "end": { "line": 43, "column": 29 }
      },
      "19": {
        "start": { "line": 46, "column": 2 },
        "end": { "line": 48, "column": 3 }
      },
      "20": {
        "start": { "line": 47, "column": 4 },
        "end": { "line": 47, "column": 52 }
      },
      "21": {
        "start": { "line": 51, "column": 2 },
        "end": { "line": 58, "column": 3 }
      },
      "22": {
        "start": { "line": 53, "column": 6 },
        "end": { "line": 53, "column": 50 }
      },
      "23": {
        "start": { "line": 55, "column": 6 },
        "end": { "line": 55, "column": 47 }
      },
      "24": {
        "start": { "line": 57, "column": 6 },
        "end": { "line": 57, "column": 51 }
      }
    },
    "fnMap": {
      "0": {
        "name": "Home",
        "decl": {
          "start": { "line": 14, "column": 24 },
          "end": { "line": 14, "column": 28 }
        },
        "loc": {
          "start": { "line": 14, "column": 31 },
          "end": { "line": 59, "column": 1 }
        },
        "line": 14
      },
      "1": {
        "name": "(anonymous_1)",
        "decl": {
          "start": { "line": 19, "column": 12 },
          "end": { "line": 19, "column": 13 }
        },
        "loc": {
          "start": { "line": 19, "column": 18 },
          "end": { "line": 40, "column": 3 }
        },
        "line": 19
      },
      "2": {
        "name": "(anonymous_2)",
        "decl": {
          "start": { "line": 20, "column": 25 },
          "end": { "line": 20, "column": 26 }
        },
        "loc": {
          "start": { "line": 20, "column": 37 },
          "end": { "line": 37, "column": 5 }
        },
        "line": 20
      }
    },
    "branchMap": {
      "0": {
        "loc": {
          "start": { "line": 21, "column": 6 },
          "end": { "line": 21, "column": 29 }
        },
        "type": "if",
        "locations": [
          {
            "start": { "line": 21, "column": 6 },
            "end": { "line": 21, "column": 29 }
          },
          { "start": {}, "end": {} }
        ],
        "line": 21
      },
      "1": {
        "loc": {
          "start": { "line": 25, "column": 8 },
          "end": { "line": 31, "column": 9 }
        },
        "type": "if",
        "locations": [
          {
            "start": { "line": 25, "column": 8 },
            "end": { "line": 31, "column": 9 }
          },
          {
            "start": { "line": 29, "column": 15 },
            "end": { "line": 31, "column": 9 }
          }
        ],
        "line": 25
      },
      "2": {
        "loc": {
          "start": { "line": 42, "column": 2 },
          "end": { "line": 44, "column": 3 }
        },
        "type": "if",
        "locations": [
          {
            "start": { "line": 42, "column": 2 },
            "end": { "line": 44, "column": 3 }
          },
          { "start": {}, "end": {} }
        ],
        "line": 42
      },
      "3": {
        "loc": {
          "start": { "line": 46, "column": 2 },
          "end": { "line": 48, "column": 3 }
        },
        "type": "if",
        "locations": [
          {
            "start": { "line": 46, "column": 2 },
            "end": { "line": 48, "column": 3 }
          },
          { "start": {}, "end": {} }
        ],
        "line": 46
      },
      "4": {
        "loc": {
          "start": { "line": 51, "column": 2 },
          "end": { "line": 58, "column": 3 }
        },
        "type": "switch",
        "locations": [
          {
            "start": { "line": 52, "column": 4 },
            "end": { "line": 53, "column": 50 }
          },
          {
            "start": { "line": 54, "column": 4 },
            "end": { "line": 55, "column": 47 }
          },
          {
            "start": { "line": 56, "column": 4 },
            "end": { "line": 57, "column": 51 }
          }
        ],
        "line": 51
      }
    },
    "s": {
      "0": 0,
      "1": 0,
      "2": 0,
      "3": 0,
      "4": 0,
      "5": 0,
      "6": 0,
      "7": 0,
      "8": 0,
      "9": 0,
      "10": 0,
      "11": 0,
      "12": 0,
      "13": 0,
      "14": 0,
      "15": 0,
      "16": 0,
      "17": 0,
      "18": 0,
      "19": 0,
      "20": 0,
      "21": 0,
      "22": 0,
      "23": 0,
      "24": 0
    },
    "f": { "0": 0, "1": 0, "2": 0 },
    "b": { "0": [0, 0], "1": [0, 0], "2": [0, 0], "3": [0, 0], "4": [0, 0, 0] }
  },
  "/Users/kamoi/tsunagite/app/(app)/index_new.tsx": {
    "path": "/Users/kamoi/tsunagite/app/(app)/index_new.tsx",
    "statementMap": {
      "0": {
        "start": { "line": 15, "column": 19 },
        "end": { "line": 15, "column": 28 }
      },
      "1": {
        "start": { "line": 16, "column": 32 },
        "end": { "line": 16, "column": 62 }
      },
      "2": {
        "start": { "line": 17, "column": 32 },
        "end": { "line": 17, "column": 46 }
      },
      "3": {
        "start": { "line": 19, "column": 2 },
        "end": { "line": 40, "column": 13 }
      },
      "4": {
        "start": { "line": 20, "column": 25 },
        "end": { "line": 37, "column": 5 }
      },
      "5": {
        "start": { "line": 21, "column": 6 },
        "end": { "line": 21, "column": 29 }
      },
      "6": {
        "start": { "line": 21, "column": 22 },
        "end": { "line": 21, "column": 29 }
      },
      "7": {
        "start": { "line": 23, "column": 6 },
        "end": { "line": 36, "column": 7 }
      },
      "8": {
        "start": { "line": 24, "column": 27 },
        "end": { "line": 24, "column": 70 }
      },
      "9": {
        "start": { "line": 25, "column": 8 },
        "end": { "line": 31, "column": 9 }
      },
      "10": {
        "start": { "line": 26, "column": 30 },
        "end": { "line": 26, "column": 58 }
      },
      "11": {
        "start": { "line": 27, "column": 10 },
        "end": { "line": 27, "column": 77 }
      },
      "12": {
        "start": { "line": 28, "column": 10 },
        "end": { "line": 28, "column": 34 }
      },
      "13": {
        "start": { "line": 30, "column": 10 },
        "end": { "line": 30, "column": 62 }
      },
      "14": {
        "start": { "line": 33, "column": 8 },
        "end": { "line": 33, "column": 56 }
      },
      "15": {
        "start": { "line": 35, "column": 8 },
        "end": { "line": 35, "column": 26 }
      },
      "16": {
        "start": { "line": 39, "column": 4 },
        "end": { "line": 39, "column": 19 }
      },
      "17": {
        "start": { "line": 42, "column": 2 },
        "end": { "line": 44, "column": 3 }
      },
      "18": {
        "start": { "line": 43, "column": 4 },
        "end": { "line": 43, "column": 29 }
      },
      "19": {
        "start": { "line": 46, "column": 2 },
        "end": { "line": 48, "column": 3 }
      },
      "20": {
        "start": { "line": 47, "column": 4 },
        "end": { "line": 47, "column": 52 }
      },
      "21": {
        "start": { "line": 51, "column": 2 },
        "end": { "line": 58, "column": 3 }
      },
      "22": {
        "start": { "line": 53, "column": 6 },
        "end": { "line": 53, "column": 50 }
      },
      "23": {
        "start": { "line": 55, "column": 6 },
        "end": { "line": 55, "column": 47 }
      },
      "24": {
        "start": { "line": 57, "column": 6 },
        "end": { "line": 57, "column": 51 }
      }
    },
    "fnMap": {
      "0": {
        "name": "Home",
        "decl": {
          "start": { "line": 14, "column": 24 },
          "end": { "line": 14, "column": 28 }
        },
        "loc": {
          "start": { "line": 14, "column": 31 },
          "end": { "line": 59, "column": 1 }
        },
        "line": 14
      },
      "1": {
        "name": "(anonymous_1)",
        "decl": {
          "start": { "line": 19, "column": 12 },
          "end": { "line": 19, "column": 13 }
        },
        "loc": {
          "start": { "line": 19, "column": 18 },
          "end": { "line": 40, "column": 3 }
        },
        "line": 19
      },
      "2": {
        "name": "(anonymous_2)",
        "decl": {
          "start": { "line": 20, "column": 25 },
          "end": { "line": 20, "column": 26 }
        },
        "loc": {
          "start": { "line": 20, "column": 37 },
          "end": { "line": 37, "column": 5 }
        },
        "line": 20
      }
    },
    "branchMap": {
      "0": {
        "loc": {
          "start": { "line": 21, "column": 6 },
          "end": { "line": 21, "column": 29 }
        },
        "type": "if",
        "locations": [
          {
            "start": { "line": 21, "column": 6 },
            "end": { "line": 21, "column": 29 }
          },
          { "start": {}, "end": {} }
        ],
        "line": 21
      },
      "1": {
        "loc": {
          "start": { "line": 25, "column": 8 },
          "end": { "line": 31, "column": 9 }
        },
        "type": "if",
        "locations": [
          {
            "start": { "line": 25, "column": 8 },
            "end": { "line": 31, "column": 9 }
          },
          {
            "start": { "line": 29, "column": 15 },
            "end": { "line": 31, "column": 9 }
          }
        ],
        "line": 25
      },
      "2": {
        "loc": {
          "start": { "line": 42, "column": 2 },
          "end": { "line": 44, "column": 3 }
        },
        "type": "if",
        "locations": [
          {
            "start": { "line": 42, "column": 2 },
            "end": { "line": 44, "column": 3 }
          },
          { "start": {}, "end": {} }
        ],
        "line": 42
      },
      "3": {
        "loc": {
          "start": { "line": 46, "column": 2 },
          "end": { "line": 48, "column": 3 }
        },
        "type": "if",
        "locations": [
          {
            "start": { "line": 46, "column": 2 },
            "end": { "line": 48, "column": 3 }
          },
          { "start": {}, "end": {} }
        ],
        "line": 46
      },
      "4": {
        "loc": {
          "start": { "line": 51, "column": 2 },
          "end": { "line": 58, "column": 3 }
        },
        "type": "switch",
        "locations": [
          {
            "start": { "line": 52, "column": 4 },
            "end": { "line": 53, "column": 50 }
          },
          {
            "start": { "line": 54, "column": 4 },
            "end": { "line": 55, "column": 47 }
          },
          {
            "start": { "line": 56, "column": 4 },
            "end": { "line": 57, "column": 51 }
          }
        ],
        "line": 51
      }
    },
    "s": {
      "0": 0,
      "1": 0,
      "2": 0,
      "3": 0,
      "4": 0,
      "5": 0,
      "6": 0,
      "7": 0,
      "8": 0,
      "9": 0,
      "10": 0,
      "11": 0,
      "12": 0,
      "13": 0,
      "14": 0,
      "15": 0,
      "16": 0,
      "17": 0,
      "18": 0,
      "19": 0,
      "20": 0,
      "21": 0,
      "22": 0,
      "23": 0,
      "24": 0
    },
    "f": { "0": 0, "1": 0, "2": 0 },
    "b": { "0": [0, 0], "1": [0, 0], "2": [0, 0], "3": [0, 0], "4": [0, 0, 0] }
  },
  "/Users/kamoi/tsunagite/app/(app)/applications/index.tsx": {
    "path": "/Users/kamoi/tsunagite/app/(app)/applications/index.tsx",
    "statementMap": {
      "0": {
        "start": { "line": 31, "column": 17 },
        "end": { "line": 31, "column": 28 }
      },
      "1": {
        "start": { "line": 32, "column": 42 },
        "end": { "line": 32, "column": 78 }
      },
      "2": {
        "start": { "line": 33, "column": 32 },
        "end": { "line": 33, "column": 46 }
      },
      "3": {
        "start": { "line": 34, "column": 38 },
        "end": { "line": 34, "column": 53 }
      },
      "4": {
        "start": { "line": 36, "column": 2 },
        "end": { "line": 38, "column": 9 }
      },
      "5": {
        "start": { "line": 37, "column": 4 },
        "end": { "line": 37, "column": 24 }
      },
      "6": {
        "start": { "line": 40, "column": 28 },
        "end": { "line": 96, "column": 3 }
      },
      "7": {
        "start": { "line": 41, "column": 4 },
        "end": { "line": 44, "column": 5 }
      },
      "8": {
        "start": { "line": 42, "column": 6 },
        "end": { "line": 42, "column": 24 }
      },
      "9": {
        "start": { "line": 43, "column": 6 },
        "end": { "line": 43, "column": 13 }
      },
      "10": {
        "start": { "line": 46, "column": 4 },
        "end": { "line": 95, "column": 5 }
      },
      "11": {
        "start": { "line": 47, "column": 32 },
        "end": { "line": 50, "column": 7 }
      },
      "12": {
        "start": { "line": 51, "column": 35 },
        "end": { "line": 51, "column": 67 }
      },
      "13": {
        "start": { "line": 53, "column": 55 },
        "end": { "line": 53, "column": 57 }
      },
      "14": {
        "start": { "line": 55, "column": 6 },
        "end": { "line": 79, "column": 7 }
      },
      "15": {
        "start": { "line": 56, "column": 24 },
        "end": { "line": 59, "column": 33 }
      },
      "16": {
        "start": { "line": 62, "column": 8 },
        "end": { "line": 76, "column": 9 }
      },
      "17": {
        "start": { "line": 63, "column": 27 },
        "end": { "line": 68, "column": 11 }
      },
      "18": {
        "start": { "line": 70, "column": 10 },
        "end": { "line": 73, "column": 11 }
      },
      "19": {
        "start": { "line": 71, "column": 30 },
        "end": { "line": 71, "column": 53 }
      },
      "20": {
        "start": { "line": 72, "column": 12 },
        "end": { "line": 72, "column": 49 }
      },
      "21": {
        "start": { "line": 75, "column": 10 },
        "end": { "line": 75, "column": 61 }
      },
      "22": {
        "start": { "line": 78, "column": 8 },
        "end": { "line": 78, "column": 39 }
      },
      "23": {
        "start": { "line": 82, "column": 6 },
        "end": { "line": 86, "column": 9 }
      },
      "24": {
        "start": { "line": 83, "column": 22 },
        "end": { "line": 83, "column": 58 }
      },
      "25": {
        "start": { "line": 84, "column": 22 },
        "end": { "line": 84, "column": 58 }
      },
      "26": {
        "start": { "line": 85, "column": 8 },
        "end": { "line": 85, "column": 49 }
      },
      "27": {
        "start": { "line": 88, "column": 6 },
        "end": { "line": 88, "column": 40 }
      },
      "28": {
        "start": { "line": 90, "column": 6 },
        "end": { "line": 90, "column": 59 }
      },
      "29": {
        "start": { "line": 91, "column": 6 },
        "end": { "line": 91, "column": 45 }
      },
      "30": {
        "start": { "line": 93, "column": 6 },
        "end": { "line": 93, "column": 24 }
      },
      "31": {
        "start": { "line": 94, "column": 6 },
        "end": { "line": 94, "column": 27 }
      },
      "32": {
        "start": { "line": 98, "column": 24 },
        "end": { "line": 101, "column": 3 }
      },
      "33": {
        "start": { "line": 99, "column": 4 },
        "end": { "line": 99, "column": 24 }
      },
      "34": {
        "start": { "line": 100, "column": 4 },
        "end": { "line": 100, "column": 24 }
      },
      "35": {
        "start": { "line": 103, "column": 34 },
        "end": { "line": 128, "column": 3 }
      },
      "36": {
        "start": { "line": 107, "column": 4 },
        "end": { "line": 127, "column": 5 }
      },
      "37": {
        "start": { "line": 108, "column": 6 },
        "end": { "line": 111, "column": 9 }
      },
      "38": {
        "start": { "line": 114, "column": 6 },
        "end": { "line": 120, "column": 8 }
      },
      "39": {
        "start": { "line": 115, "column": 8 },
        "end": { "line": 119, "column": 9 }
      },
      "40": {
        "start": { "line": 116, "column": 10 },
        "end": { "line": 118, "column": 17 }
      },
      "41": {
        "start": { "line": 122, "column": 25 },
        "end": { "line": 122, "column": 63 }
      },
      "42": {
        "start": { "line": 123, "column": 6 },
        "end": { "line": 123, "column": 52 }
      },
      "43": {
        "start": { "line": 125, "column": 6 },
        "end": { "line": 125, "column": 65 }
      },
      "44": {
        "start": { "line": 126, "column": 6 },
        "end": { "line": 126, "column": 45 }
      },
      "45": {
        "start": { "line": 130, "column": 24 },
        "end": { "line": 138, "column": 3 }
      },
      "46": {
        "start": { "line": 131, "column": 4 },
        "end": { "line": 137, "column": 7 }
      },
      "47": {
        "start": { "line": 135, "column": 23 },
        "end": { "line": 135, "column": 73 }
      },
      "48": {
        "start": { "line": 140, "column": 23 },
        "end": { "line": 149, "column": 3 }
      },
      "49": {
        "start": { "line": 141, "column": 4 },
        "end": { "line": 148, "column": 7 }
      },
      "50": {
        "start": { "line": 146, "column": 23 },
        "end": { "line": 146, "column": 73 }
      },
      "51": {
        "start": { "line": 151, "column": 25 },
        "end": { "line": 162, "column": 3 }
      },
      "52": {
        "start": { "line": 152, "column": 4 },
        "end": { "line": 161, "column": 5 }
      },
      "53": {
        "start": { "line": 154, "column": 8 },
        "end": { "line": 154, "column": 25 }
      },
      "54": {
        "start": { "line": 156, "column": 8 },
        "end": { "line": 156, "column": 25 }
      },
      "55": {
        "start": { "line": 158, "column": 8 },
        "end": { "line": 158, "column": 25 }
      },
      "56": {
        "start": { "line": 160, "column": 8 },
        "end": { "line": 160, "column": 25 }
      },
      "57": {
        "start": { "line": 164, "column": 24 },
        "end": { "line": 175, "column": 3 }
      },
      "58": {
        "start": { "line": 165, "column": 4 },
        "end": { "line": 174, "column": 5 }
      },
      "59": {
        "start": { "line": 167, "column": 8 },
        "end": { "line": 167, "column": 22 }
      },
      "60": {
        "start": { "line": 169, "column": 8 },
        "end": { "line": 169, "column": 22 }
      },
      "61": {
        "start": { "line": 171, "column": 8 },
        "end": { "line": 171, "column": 20 }
      },
      "62": {
        "start": { "line": 173, "column": 8 },
        "end": { "line": 173, "column": 20 }
      },
      "63": {
        "start": { "line": 177, "column": 21 },
        "end": { "line": 186, "column": 3 }
      },
      "64": {
        "start": { "line": 178, "column": 4 },
        "end": { "line": 178, "column": 30 }
      },
      "65": {
        "start": { "line": 178, "column": 20 },
        "end": { "line": 178, "column": 30 }
      },
      "66": {
        "start": { "line": 179, "column": 17 },
        "end": { "line": 179, "column": 76 }
      },
      "67": {
        "start": { "line": 180, "column": 4 },
        "end": { "line": 185, "column": 7 }
      },
      "68": {
        "start": { "line": 188, "column": 2 },
        "end": { "line": 296, "column": 4 }
      },
      "69": {
        "start": { "line": 196, "column": 25 },
        "end": { "line": 196, "column": 38 }
      },
      "70": {
        "start": { "line": 227, "column": 14 },
        "end": { "line": 290, "column": 21 }
      },
      "71": {
        "start": { "line": 275, "column": 24 },
        "end": { "line": 275, "column": 80 }
      },
      "72": {
        "start": { "line": 283, "column": 24 },
        "end": { "line": 283, "column": 79 }
      },
      "73": {
        "start": { "line": 299, "column": 15 },
        "end": { "line": 466, "column": 2 }
      }
    },
    "fnMap": {
      "0": {
        "name": "ApplicationsScreen",
        "decl": {
          "start": { "line": 30, "column": 24 },
          "end": { "line": 30, "column": 42 }
        },
        "loc": {
          "start": { "line": 30, "column": 45 },
          "end": { "line": 297, "column": 1 }
        },
        "line": 30
      },
      "1": {
        "name": "(anonymous_1)",
        "decl": {
          "start": { "line": 36, "column": 12 },
          "end": { "line": 36, "column": 13 }
        },
        "loc": {
          "start": { "line": 36, "column": 18 },
          "end": { "line": 38, "column": 3 }
        },
        "line": 36
      },
      "2": {
        "name": "(anonymous_2)",
        "decl": {
          "start": { "line": 40, "column": 28 },
          "end": { "line": 40, "column": 29 }
        },
        "loc": {
          "start": { "line": 40, "column": 40 },
          "end": { "line": 96, "column": 3 }
        },
        "line": 40
      },
      "3": {
        "name": "(anonymous_3)",
        "decl": {
          "start": { "line": 82, "column": 28 },
          "end": { "line": 82, "column": 29 }
        },
        "loc": {
          "start": { "line": 82, "column": 38 },
          "end": { "line": 86, "column": 7 }
        },
        "line": 82
      },
      "4": {
        "name": "(anonymous_4)",
        "decl": {
          "start": { "line": 98, "column": 24 },
          "end": { "line": 98, "column": 25 }
        },
        "loc": {
          "start": { "line": 98, "column": 30 },
          "end": { "line": 101, "column": 3 }
        },
        "line": 98
      },
      "5": {
        "name": "(anonymous_5)",
        "decl": {
          "start": { "line": 103, "column": 34 },
          "end": { "line": 103, "column": 35 }
        },
        "loc": {
          "start": { "line": 106, "column": 7 },
          "end": { "line": 128, "column": 3 }
        },
        "line": 106
      },
      "6": {
        "name": "(anonymous_6)",
        "decl": {
          "start": { "line": 114, "column": 22 },
          "end": { "line": 114, "column": 23 }
        },
        "loc": {
          "start": { "line": 115, "column": 8 },
          "end": { "line": 119, "column": 9 }
        },
        "line": 115
      },
      "7": {
        "name": "(anonymous_7)",
        "decl": {
          "start": { "line": 115, "column": 17 },
          "end": { "line": 115, "column": 18 }
        },
        "loc": {
          "start": { "line": 116, "column": 10 },
          "end": { "line": 118, "column": 17 }
        },
        "line": 116
      },
      "8": {
        "name": "(anonymous_8)",
        "decl": {
          "start": { "line": 130, "column": 24 },
          "end": { "line": 130, "column": 25 }
        },
        "loc": {
          "start": { "line": 130, "column": 74 },
          "end": { "line": 138, "column": 3 }
        },
        "line": 130
      },
      "9": {
        "name": "(anonymous_9)",
        "decl": {
          "start": { "line": 135, "column": 17 },
          "end": { "line": 135, "column": 18 }
        },
        "loc": {
          "start": { "line": 135, "column": 23 },
          "end": { "line": 135, "column": 73 }
        },
        "line": 135
      },
      "10": {
        "name": "(anonymous_10)",
        "decl": {
          "start": { "line": 140, "column": 23 },
          "end": { "line": 140, "column": 24 }
        },
        "loc": {
          "start": { "line": 140, "column": 73 },
          "end": { "line": 149, "column": 3 }
        },
        "line": 140
      },
      "11": {
        "name": "(anonymous_11)",
        "decl": {
          "start": { "line": 146, "column": 17 },
          "end": { "line": 146, "column": 18 }
        },
        "loc": {
          "start": { "line": 146, "column": 23 },
          "end": { "line": 146, "column": 73 }
        },
        "line": 146
      },
      "12": {
        "name": "(anonymous_12)",
        "decl": {
          "start": { "line": 151, "column": 25 },
          "end": { "line": 151, "column": 26 }
        },
        "loc": {
          "start": { "line": 151, "column": 56 },
          "end": { "line": 162, "column": 3 }
        },
        "line": 151
      },
      "13": {
        "name": "(anonymous_13)",
        "decl": {
          "start": { "line": 164, "column": 24 },
          "end": { "line": 164, "column": 25 }
        },
        "loc": {
          "start": { "line": 164, "column": 55 },
          "end": { "line": 175, "column": 3 }
        },
        "line": 164
      },
      "14": {
        "name": "(anonymous_14)",
        "decl": {
          "start": { "line": 177, "column": 21 },
          "end": { "line": 177, "column": 22 }
        },
        "loc": {
          "start": { "line": 177, "column": 41 },
          "end": { "line": 186, "column": 3 }
        },
        "line": 177
      },
      "15": {
        "name": "(anonymous_15)",
        "decl": {
          "start": { "line": 196, "column": 19 },
          "end": { "line": 196, "column": 20 }
        },
        "loc": {
          "start": { "line": 196, "column": 25 },
          "end": { "line": 196, "column": 38 }
        },
        "line": 196
      },
      "16": {
        "name": "(anonymous_16)",
        "decl": {
          "start": { "line": 226, "column": 30 },
          "end": { "line": 226, "column": 31 }
        },
        "loc": {
          "start": { "line": 227, "column": 14 },
          "end": { "line": 290, "column": 21 }
        },
        "line": 227
      },
      "17": {
        "name": "(anonymous_17)",
        "decl": {
          "start": { "line": 274, "column": 31 },
          "end": { "line": 274, "column": 32 }
        },
        "loc": {
          "start": { "line": 275, "column": 24 },
          "end": { "line": 275, "column": 80 }
        },
        "line": 275
      },
      "18": {
        "name": "(anonymous_18)",
        "decl": {
          "start": { "line": 282, "column": 31 },
          "end": { "line": 282, "column": 32 }
        },
        "loc": {
          "start": { "line": 283, "column": 24 },
          "end": { "line": 283, "column": 79 }
        },
        "line": 283
      }
    },
    "branchMap": {
      "0": {
        "loc": {
          "start": { "line": 41, "column": 4 },
          "end": { "line": 44, "column": 5 }
        },
        "type": "if",
        "locations": [
          {
            "start": { "line": 41, "column": 4 },
            "end": { "line": 44, "column": 5 }
          },
          { "start": {}, "end": {} }
        ],
        "line": 41
      },
      "1": {
        "loc": {
          "start": { "line": 70, "column": 10 },
          "end": { "line": 73, "column": 11 }
        },
        "type": "if",
        "locations": [
          {
            "start": { "line": 70, "column": 10 },
            "end": { "line": 73, "column": 11 }
          },
          { "start": {}, "end": {} }
        ],
        "line": 70
      },
      "2": {
        "loc": {
          "start": { "line": 83, "column": 22 },
          "end": { "line": 83, "column": 58 }
        },
        "type": "binary-expr",
        "locations": [
          {
            "start": { "line": 83, "column": 22 },
            "end": { "line": 83, "column": 43 }
          },
          {
            "start": { "line": 83, "column": 47 },
            "end": { "line": 83, "column": 58 }
          }
        ],
        "line": 83
      },
      "3": {
        "loc": {
          "start": { "line": 84, "column": 22 },
          "end": { "line": 84, "column": 58 }
        },
        "type": "binary-expr",
        "locations": [
          {
            "start": { "line": 84, "column": 22 },
            "end": { "line": 84, "column": 43 }
          },
          {
            "start": { "line": 84, "column": 47 },
            "end": { "line": 84, "column": 58 }
          }
        ],
        "line": 84
      },
      "4": {
        "loc": {
          "start": { "line": 116, "column": 10 },
          "end": { "line": 118, "column": 17 }
        },
        "type": "cond-expr",
        "locations": [
          {
            "start": { "line": 117, "column": 14 },
            "end": { "line": 117, "column": 71 }
          },
          {
            "start": { "line": 118, "column": 14 },
            "end": { "line": 118, "column": 17 }
          }
        ],
        "line": 116
      },
      "5": {
        "loc": {
          "start": { "line": 122, "column": 25 },
          "end": { "line": 122, "column": 63 }
        },
        "type": "cond-expr",
        "locations": [
          {
            "start": { "line": 122, "column": 52 },
            "end": { "line": 122, "column": 56 }
          },
          {
            "start": { "line": 122, "column": 59 },
            "end": { "line": 122, "column": 63 }
          }
        ],
        "line": 122
      },
      "6": {
        "loc": {
          "start": { "line": 152, "column": 4 },
          "end": { "line": 161, "column": 5 }
        },
        "type": "switch",
        "locations": [
          {
            "start": { "line": 153, "column": 6 },
            "end": { "line": 154, "column": 25 }
          },
          {
            "start": { "line": 155, "column": 6 },
            "end": { "line": 156, "column": 25 }
          },
          {
            "start": { "line": 157, "column": 6 },
            "end": { "line": 158, "column": 25 }
          },
          {
            "start": { "line": 159, "column": 6 },
            "end": { "line": 160, "column": 25 }
          }
        ],
        "line": 152
      },
      "7": {
        "loc": {
          "start": { "line": 165, "column": 4 },
          "end": { "line": 174, "column": 5 }
        },
        "type": "switch",
        "locations": [
          {
            "start": { "line": 166, "column": 6 },
            "end": { "line": 167, "column": 22 }
          },
          {
            "start": { "line": 168, "column": 6 },
            "end": { "line": 169, "column": 22 }
          },
          {
            "start": { "line": 170, "column": 6 },
            "end": { "line": 171, "column": 20 }
          },
          {
            "start": { "line": 172, "column": 6 },
            "end": { "line": 173, "column": 20 }
          }
        ],
        "line": 165
      },
      "8": {
        "loc": {
          "start": { "line": 178, "column": 4 },
          "end": { "line": 178, "column": 30 }
        },
        "type": "if",
        "locations": [
          {
            "start": { "line": 178, "column": 4 },
            "end": { "line": 178, "column": 30 }
          },
          { "start": {}, "end": {} }
        ],
        "line": 178
      },
      "9": {
        "loc": {
          "start": { "line": 179, "column": 17 },
          "end": { "line": 179, "column": 76 }
        },
        "type": "cond-expr",
        "locations": [
          {
            "start": { "line": 179, "column": 36 },
            "end": { "line": 179, "column": 54 }
          },
          {
            "start": { "line": 179, "column": 57 },
            "end": { "line": 179, "column": 76 }
          }
        ],
        "line": 179
      },
      "10": {
        "loc": {
          "start": { "line": 212, "column": 9 },
          "end": { "line": 293, "column": 9 }
        },
        "type": "cond-expr",
        "locations": [
          {
            "start": { "line": 213, "column": 10 },
            "end": { "line": 215, "column": 17 }
          },
          {
            "start": { "line": 216, "column": 12 },
            "end": { "line": 293, "column": 9 }
          }
        ],
        "line": 212
      },
      "11": {
        "loc": {
          "start": { "line": 216, "column": 12 },
          "end": { "line": 293, "column": 9 }
        },
        "type": "cond-expr",
        "locations": [
          {
            "start": { "line": 217, "column": 10 },
            "end": { "line": 223, "column": 17 }
          },
          {
            "start": { "line": 225, "column": 10 },
            "end": { "line": 292, "column": 17 }
          }
        ],
        "line": 216
      },
      "12": {
        "loc": {
          "start": { "line": 234, "column": 23 },
          "end": { "line": 234, "column": 58 }
        },
        "type": "binary-expr",
[...]
          {
            "start": { "line": 56, "column": 10 },
            "end": { "line": 58, "column": 18 }
          },
          {
            "start": { "line": 59, "column": 10 },
            "end": { "line": 61, "column": 18 }
          },
          {
            "start": { "line": 62, "column": 10 },
            "end": { "line": 64, "column": 18 }
          }
        ],
        "line": 55
      },
      "2": {
        "loc": {
          "start": { "line": 132, "column": 21 },
          "end": { "line": 132, "column": 68 }
        },
        "type": "binary-expr",
        "locations": [
          {
            "start": { "line": 132, "column": 21 },
            "end": { "line": 132, "column": 52 }
          },
          {
            "start": { "line": 132, "column": 56 },
            "end": { "line": 132, "column": 68 }
          }
        ],
        "line": 132
      },
      "3": {
        "loc": {
          "start": { "line": 146, "column": 15 },
          "end": { "line": 148, "column": 23 }
        },
        "type": "cond-expr",
        "locations": [
          {
            "start": { "line": 147, "column": 18 },
            "end": { "line": 147, "column": 61 }
          },
          {
            "start": { "line": 148, "column": 18 },
            "end": { "line": 148, "column": 23 }
          }
        ],
        "line": 146
      },
      "4": {
        "loc": {
          "start": { "line": 154, "column": 15 },
          "end": { "line": 154, "column": 66 }
        },
        "type": "binary-expr",
        "locations": [
          {
            "start": { "line": 154, "column": 15 },
            "end": { "line": 154, "column": 57 }
          },
          {
            "start": { "line": 154, "column": 61 },
            "end": { "line": 154, "column": 66 }
          }
        ],
        "line": 154
      },
      "5": {
        "loc": {
          "start": { "line": 162, "column": 9 },
          "end": { "line": 193, "column": 9 }
        },
        "type": "cond-expr",
        "locations": [
          {
            "start": { "line": 163, "column": 10 },
            "end": { "line": 165, "column": 17 }
          },
          {
            "start": { "line": 167, "column": 10 },
            "end": { "line": 192, "column": 17 }
          }
        ],
        "line": 162
      },
      "6": {
        "loc": {
          "start": { "line": 198, "column": 9 },
          "end": { "line": 217, "column": 9 }
        },
        "type": "cond-expr",
        "locations": [
          {
            "start": { "line": 199, "column": 10 },
            "end": { "line": 201, "column": 17 }
          },
          {
            "start": { "line": 203, "column": 10 },
            "end": { "line": 216, "column": 17 }
          }
        ],
        "line": 198
      },
      "7": {
        "loc": {
          "start": { "line": 274, "column": 20 },
          "end": { "line": 274, "column": 63 }
        },
        "type": "binary-expr",
        "locations": [
          {
            "start": { "line": 274, "column": 20 },
            "end": { "line": 274, "column": 55 }
          },
          {
            "start": { "line": 274, "column": 59 },
            "end": { "line": 274, "column": 63 }
          }
        ],
        "line": 274
      }
    },
    "s": {
      "0": 0,
      "1": 0,
      "2": 0,
      "3": 0,
      "4": 0,
      "5": 0,
      "6": 0,
      "7": 0,
      "8": 0,
      "9": 0,
      "10": 0,
      "11": 0,
      "12": 0,
      "13": 0,
      "14": 0,
      "15": 0,
      "16": 0,
      "17": 0,
      "18": 0,
      "19": 0,
      "20": 0,
      "21": 0,
      "22": 0,
      "23": 0,
      "24": 0,
      "25": 0,
      "26": 0,
      "27": 0,
      "28": 0,
      "29": 0,
      "30": 0,
      "31": 0,
      "32": 0,
      "33": 0,
      "34": 0,
      "35": 0,
      "36": 0,
      "37": 0,
      "38": 0,
      "39": 0,
      "40": 0,
      "41": 0,
      "42": 0,
      "43": 0,
      "44": 0,
      "45": 0,
      "46": 0,
      "47": 0,
      "48": 0,
      "49": 0,
      "50": 0,
      "51": 0,
      "52": 0,
      "53": 0,
      "54": 0,
      "55": 0,
      "56": 0
    },
    "f": {
      "0": 0,
      "1": 0,
      "2": 0,
      "3": 0,
      "4": 0,
      "5": 0,
      "6": 0,
      "7": 0,
      "8": 0,
      "9": 0,
      "10": 0,
      "11": 0,
      "12": 0,
      "13": 0,
      "14": 0,
      "15": 0
    },
    "b": {
      "0": [0, 0],
      "1": [0, 0, 0],
      "2": [0, 0],
      "3": [0, 0],
      "4": [0, 0],
      "5": [0, 0],
      "6": [0, 0],
      "7": [0, 0]
    }
  },
  "/Users/kamoi/tsunagite/components/home/StatCard.tsx": {
    "path": "/Users/kamoi/tsunagite/components/home/StatCard.tsx",
    "statementMap": {
      "0": {
        "start": { "line": 11, "column": 49 },
        "end": { "line": 25, "column": 1 }
      },
      "1": {
        "start": { "line": 17, "column": 24 },
        "end": { "line": 17, "column": 57 }
      },
      "2": {
        "start": { "line": 19, "column": 2 },
        "end": { "line": 24, "column": 4 }
      },
      "3": {
        "start": { "line": 27, "column": 15 },
        "end": { "line": 46, "column": 2 }
      }
    },
    "fnMap": {
      "0": {
        "name": "(anonymous_0)",
        "decl": {
          "start": { "line": 11, "column": 49 },
          "end": { "line": 11, "column": 50 }
        },
        "loc": {
          "start": { "line": 16, "column": 6 },
          "end": { "line": 25, "column": 1 }
        },
        "line": 16
      }
    },
    "branchMap": {
      "0": {
        "loc": {
          "start": { "line": 14, "column": 2 },
          "end": { "line": 14, "column": 19 }
        },
        "type": "default-arg",
        "locations": [
          {
            "start": { "line": 14, "column": 10 },
            "end": { "line": 14, "column": 19 }
          }
        ],
        "line": 14
      },
      "1": {
        "loc": {
          "start": { "line": 17, "column": 24 },
          "end": { "line": 17, "column": 57 }
        },
        "type": "cond-expr",
        "locations": [
          {
            "start": { "line": 17, "column": 34 },
            "end": { "line": 17, "column": 50 }
          },
          {
            "start": { "line": 17, "column": 53 },
            "end": { "line": 17, "column": 57 }
          }
        ],
        "line": 17
      }
    },
    "s": { "0": 0, "1": 0, "2": 0, "3": 0 },
    "f": { "0": 0 },
    "b": { "0": [0], "1": [0, 0] }
  },
  "/Users/kamoi/tsunagite/components/home/index.ts": {
    "path": "/Users/kamoi/tsunagite/components/home/index.ts",
    "statementMap": {},
    "fnMap": {},
    "branchMap": {},
    "s": {},
    "f": {},
    "b": {}
  },
  "/Users/kamoi/tsunagite/components/home/index.tsx": {
    "path": "/Users/kamoi/tsunagite/components/home/index.tsx",
    "statementMap": {},
    "fnMap": {},
    "branchMap": {},
    "s": {},
    "f": {},
    "b": {}
  },
  "/Users/kamoi/tsunagite/components/ui/IconSymbol.ios.tsx": {
    "path": "/Users/kamoi/tsunagite/components/ui/IconSymbol.ios.tsx",
    "statementMap": {
      "0": {
        "start": { "line": 17, "column": 2 },
        "end": { "line": 31, "column": 4 }
      }
    },
    "fnMap": {
      "0": {
        "name": "IconSymbol",
        "decl": {
          "start": { "line": 4, "column": 16 },
          "end": { "line": 4, "column": 26 }
        },
        "loc": {
          "start": { "line": 16, "column": 3 },
          "end": { "line": 32, "column": 1 }
        },
        "line": 16
      }
    },
    "branchMap": {
      "0": {
        "loc": {
          "start": { "line": 6, "column": 2 },
          "end": { "line": 6, "column": 11 }
        },
        "type": "default-arg",
        "locations": [
          {
            "start": { "line": 6, "column": 9 },
            "end": { "line": 6, "column": 11 }
          }
        ],
        "line": 6
      },
      "1": {
        "loc": {
          "start": { "line": 9, "column": 2 },
          "end": { "line": 9, "column": 20 }
        },
        "type": "default-arg",
        "locations": [
          {
            "start": { "line": 9, "column": 11 },
            "end": { "line": 9, "column": 20 }
          }
        ],
        "line": 9
      }
    },
    "s": { "0": 0 },
    "f": { "0": 0 },
    "b": { "0": [0], "1": [0] }
  },
  "/Users/kamoi/tsunagite/components/ui/IconSymbol.tsx": {
    "path": "/Users/kamoi/tsunagite/components/ui/IconSymbol.tsx",
    "statementMap": {
      "0": {
        "start": { "line": 19, "column": 16 },
        "end": { "line": 26, "column": 16 }
      },
      "1": {
        "start": { "line": 45, "column": 2 },
        "end": { "line": 52, "column": 4 }
      }
    },
    "fnMap": {
      "0": {
        "name": "IconSymbol",
        "decl": {
          "start": { "line": 33, "column": 16 },
          "end": { "line": 33, "column": 26 }
        },
        "loc": {
          "start": { "line": 44, "column": 3 },
          "end": { "line": 53, "column": 1 }
        },
        "line": 44
      }
    },
    "branchMap": {
      "0": {
        "loc": {
          "start": { "line": 35, "column": 2 },
          "end": { "line": 35, "column": 11 }
        },
        "type": "default-arg",
        "locations": [
          {
            "start": { "line": 35, "column": 9 },
            "end": { "line": 35, "column": 11 }
          }
        ],
        "line": 35
      }
    },
    "s": { "0": 0, "1": 0 },
    "f": { "0": 0 },
    "b": { "0": [0] }
  },
  "/Users/kamoi/tsunagite/components/ui/TabBarBackground.ios.tsx": {
    "path": "/Users/kamoi/tsunagite/components/ui/TabBarBackground.ios.tsx",
    "statementMap": {
      "0": {
        "start": { "line": 6, "column": 2 },
        "end": { "line": 14, "column": 4 }
      },
      "1": {
        "start": { "line": 18, "column": 2 },
        "end": { "line": 18, "column": 33 }
      }
    },
    "fnMap": {
      "0": {
        "name": "BlurTabBarBackground",
        "decl": {
          "start": { "line": 5, "column": 24 },
          "end": { "line": 5, "column": 44 }
        },
        "loc": {
          "start": { "line": 5, "column": 47 },
          "end": { "line": 15, "column": 1 }
        },
        "line": 5
      },
      "1": {
        "name": "useBottomTabOverflow",
        "decl": {
          "start": { "line": 17, "column": 16 },
          "end": { "line": 17, "column": 36 }
        },
        "loc": {
          "start": { "line": 17, "column": 39 },
          "end": { "line": 19, "column": 1 }
        },
        "line": 17
      }
    },
    "branchMap": {},
    "s": { "0": 0, "1": 0 },
    "f": { "0": 0, "1": 0 },
    "b": {}
  },
  "/Users/kamoi/tsunagite/components/ui/TabBarBackground.tsx": {
    "path": "/Users/kamoi/tsunagite/components/ui/TabBarBackground.tsx",
    "statementMap": {
      "0": {
        "start": { "line": 5, "column": 2 },
        "end": { "line": 5, "column": 11 }
      }
    },
    "fnMap": {
      "0": {
        "name": "useBottomTabOverflow",
        "decl": {
          "start": { "line": 4, "column": 16 },
          "end": { "line": 4, "column": 36 }
        },
        "loc": {
          "start": { "line": 4, "column": 39 },
          "end": { "line": 6, "column": 1 }
        },
        "line": 4
      }
    },
    "branchMap": {},
    "s": { "0": 0 },
    "f": { "0": 0 },
    "b": {}
  },
  "/Users/kamoi/tsunagite/constants/Colors.ts": {
    "path": "/Users/kamoi/tsunagite/constants/Colors.ts",
    "statementMap": {
      "0": {
        "start": { "line": 6, "column": 23 },
        "end": { "line": 6, "column": 32 }
      },
      "1": {
        "start": { "line": 7, "column": 22 },
        "end": { "line": 7, "column": 28 }
      },
      "2": {
        "start": { "line": 9, "column": 22 },
        "end": { "line": 26, "column": 1 }
      }
    },
    "fnMap": {},
    "branchMap": {},
    "s": { "0": 0, "1": 0, "2": 0 },
    "f": {},
    "b": {}
  },
  "/Users/kamoi/tsunagite/hooks/useColorScheme.ts": {
    "path": "/Users/kamoi/tsunagite/hooks/useColorScheme.ts",
    "statementMap": {},
    "fnMap": {},
    "branchMap": {},
    "s": {},
    "f": {},
    "b": {}
  },
  "/Users/kamoi/tsunagite/hooks/useColorScheme.web.ts": {
    "path": "/Users/kamoi/tsunagite/hooks/useColorScheme.web.ts",
    "statementMap": {
      "0": {
        "start": { "line": 8, "column": 40 },
        "end": { "line": 8, "column": 55 }
      },
      "1": {
        "start": { "line": 10, "column": 2 },
        "end": { "line": 12, "column": 9 }
      },
      "2": {
        "start": { "line": 11, "column": 4 },
        "end": { "line": 11, "column": 25 }
      },
      "3": {
        "start": { "line": 14, "column": 22 },
        "end": { "line": 14, "column": 40 }
      },
      "4": {
        "start": { "line": 16, "column": 2 },
        "end": { "line": 18, "column": 3 }
      },
      "5": {
        "start": { "line": 17, "column": 4 },
        "end": { "line": 17, "column": 23 }
      },
      "6": {
        "start": { "line": 20, "column": 2 },
        "end": { "line": 20, "column": 17 }
      }
    },
    "fnMap": {
      "0": {
        "name": "useColorScheme",
        "decl": {
          "start": { "line": 7, "column": 16 },
          "end": { "line": 7, "column": 30 }
        },
        "loc": {
          "start": { "line": 7, "column": 33 },
          "end": { "line": 21, "column": 1 }
        },
        "line": 7
      },
      "1": {
        "name": "(anonymous_1)",
        "decl": {
          "start": { "line": 10, "column": 12 },
          "end": { "line": 10, "column": 13 }
        },
        "loc": {
          "start": { "line": 10, "column": 18 },
          "end": { "line": 12, "column": 3 }
        },
        "line": 10
      }
    },
    "branchMap": {
      "0": {
        "loc": {
          "start": { "line": 16, "column": 2 },
          "end": { "line": 18, "column": 3 }
        },
        "type": "if",
        "locations": [
          {
            "start": { "line": 16, "column": 2 },
            "end": { "line": 18, "column": 3 }
          },
          { "start": {}, "end": {} }
        ],
        "line": 16
      }
    },
    "s": { "0": 0, "1": 0, "2": 0, "3": 0, "4": 0, "5": 0, "6": 0 },
    "f": { "0": 0, "1": 0 },
    "b": { "0": [0, 0] }
  },
  "/Users/kamoi/tsunagite/hooks/useThemeColor.ts": {
    "path": "/Users/kamoi/tsunagite/hooks/useThemeColor.ts",
    "statementMap": {
      "0": {
        "start": { "line": 13, "column": 16 },
        "end": { "line": 13, "column": 43 }
      },
      "1": {
        "start": { "line": 14, "column": 25 },
        "end": { "line": 14, "column": 37 }
      },
      "2": {
        "start": { "line": 16, "column": 2 },
        "end": { "line": 20, "column": 3 }
      },
      "3": {
        "start": { "line": 17, "column": 4 },
        "end": { "line": 17, "column": 26 }
      },
      "4": {
        "start": { "line": 19, "column": 4 },
        "end": { "line": 19, "column": 36 }
      }
    },
    "fnMap": {
      "0": {
        "name": "useThemeColor",
        "decl": {
          "start": { "line": 9, "column": 16 },
          "end": { "line": 9, "column": 29 }
        },
        "loc": {
          "start": { "line": 12, "column": 2 },
          "end": { "line": 21, "column": 1 }
        },
        "line": 12
      }
    },
    "branchMap": {
      "0": {
        "loc": {
          "start": { "line": 13, "column": 16 },
          "end": { "line": 13, "column": 43 }
        },
        "type": "binary-expr",
        "locations": [
          {
            "start": { "line": 13, "column": 16 },
            "end": { "line": 13, "column": 32 }
          },
          {
            "start": { "line": 13, "column": 36 },
            "end": { "line": 13, "column": 43 }
          }
        ],
        "line": 13
      },
      "1": {
        "loc": {
          "start": { "line": 16, "column": 2 },
          "end": { "line": 20, "column": 3 }
        },
        "type": "if",
        "locations": [
          {
            "start": { "line": 16, "column": 2 },
            "end": { "line": 20, "column": 3 }
          },
          {
            "start": { "line": 18, "column": 9 },
            "end": { "line": 20, "column": 3 }
          }
        ],
        "line": 16
      }
    },
    "s": { "0": 0, "1": 0, "2": 0, "3": 0, "4": 0 },
    "f": { "0": 0 },
    "b": { "0": [0, 0], "1": [0, 0] }
  },
  "/Users/kamoi/tsunagite/lib/firebase.ts": {
    "path": "/Users/kamoi/tsunagite/lib/firebase.ts",
    "statementMap": {
      "0": {
        "start": { "line": 7, "column": 23 },
        "end": { "line": 14, "column": 1 }
      },
      "1": {
        "start": { "line": 17, "column": 0 },
        "end": { "line": 27, "column": 3 }
      },
      "2": {
        "start": { "line": 25, "column": 11 },
        "end": { "line": 25, "column": 38 }
      },
      "3": {
        "start": { "line": 29, "column": 12 },
        "end": { "line": 29, "column": 71 }
      },
      "4": {
        "start": { "line": 33, "column": 0 },
        "end": { "line": 42, "column": 1 }
      },
      "5": {
        "start": { "line": 34, "column": 2 },
        "end": { "line": 34, "column": 23 }
      },
      "6": {
        "start": { "line": 36, "column": 2 },
        "end": { "line": 41, "column": 3 }
      },
      "7": {
        "start": { "line": 37, "column": 4 },
        "end": { "line": 37, "column": 32 }
      },
      "8": {
        "start": { "line": 40, "column": 4 },
        "end": { "line": 40, "column": 25 }
      },
      "9": {
        "start": { "line": 44, "column": 20 },
        "end": { "line": 44, "column": 25 }
      },
      "10": {
        "start": { "line": 45, "column": 18 },
        "end": { "line": 45, "column": 35 }
      }
    },
    "fnMap": {
      "0": {
        "name": "(anonymous_0)",
        "decl": {
          "start": { "line": 25, "column": 4 },
          "end": { "line": 25, "column": 5 }
        },
        "loc": {
          "start": { "line": 25, "column": 11 },
          "end": { "line": 25, "column": 38 }
        },
        "line": 25
      }
    },
    "branchMap": {
      "0": {
        "loc": {
          "start": { "line": 25, "column": 11 },
          "end": { "line": 25, "column": 38 }
        },
        "type": "binary-expr",
        "locations": [
          {
            "start": { "line": 25, "column": 11 },
            "end": { "line": 25, "column": 26 }
          },
          {
            "start": { "line": 25, "column": 30 },
            "end": { "line": 25, "column": 38 }
          }
        ],
        "line": 25
      },
      "1": {
        "loc": {
          "start": { "line": 29, "column": 12 },
          "end": { "line": 29, "column": 71 }
        },
        "type": "cond-expr",
        "locations": [
          {
            "start": { "line": 29, "column": 31 },
            "end": { "line": 29, "column": 39 }
          },
          {
            "start": { "line": 29, "column": 42 },
            "end": { "line": 29, "column": 71 }
          }
        ],
        "line": 29
      },
      "2": {
        "loc": {
          "start": { "line": 33, "column": 0 },
          "end": { "line": 42, "column": 1 }
        },
        "type": "if",
        "locations": [
          {
            "start": { "line": 33, "column": 0 },
            "end": { "line": 42, "column": 1 }
          },
          {
            "start": { "line": 35, "column": 7 },
            "end": { "line": 42, "column": 1 }
          }
        ],
        "line": 33
      }
    },
    "s": {
      "0": 0,
      "1": 0,
      "2": 0,
      "3": 0,
      "4": 0,
      "5": 0,
      "6": 0,
      "7": 0,
      "8": 0,
      "9": 0,
      "10": 0
    },
    "f": { "0": 0 },
    "b": { "0": [0, 0], "1": [0, 0], "2": [0, 0] }
  },
  "/Users/kamoi/tsunagite/lib/types.ts": {
    "path": "/Users/kamoi/tsunagite/lib/types.ts",
    "statementMap": {},
    "fnMap": {},
    "branchMap": {},
    "s": {},
    "f": {},
    "b": {}
  }
}
