{
  "/Users/kamoi/tsunagite/expo-env.d.ts": {
    "path": "/Users/kamoi/tsunagite/expo-env.d.ts",
    "statementMap": {},
    "fnMap": {},
    "branchMap": {},
    "s": {},
    "f": {},
    "b": {}
  },
  "/Users/kamoi/tsunagite/.expo/types/router.d.ts": {
    "path": "/Users/kamoi/tsunagite/.expo/types/router.d.ts",
    "statementMap": {},
    "fnMap": {},
    "branchMap": {},
    "s": {},
    "f": {},
    "b": {}
  },
  "/Users/kamoi/tsunagite/app/+not-found.tsx": {
    "path": "/Users/kamoi/tsunagite/app/+not-found.tsx",
    "statementMap": {
      "0": {
        "start": { "line": 8, "column": 2 },
        "end": { "line": 18, "column": 4 }
      },
      "1": {
        "start": { "line": 21, "column": 15 },
        "end": { "line": 32, "column": 2 }
      }
    },
    "fnMap": {
      "0": {
        "name": "NotFoundScreen",
        "decl": {
          "start": { "line": 7, "column": 24 },
          "end": { "line": 7, "column": 38 }
        },
        "loc": {
          "start": { "line": 7, "column": 41 },
          "end": { "line": 19, "column": 1 }
        },
        "line": 7
      }
    },
    "branchMap": {},
    "s": { "0": 0, "1": 0 },
    "f": { "0": 0 },
    "b": {}
  },
  "/Users/kamoi/tsunagite/app/_layout.tsx": {
    "path": "/Users/kamoi/tsunagite/app/_layout.tsx",
    "statementMap": {
      "0": {
        "start": { "line": 9, "column": 20 },
        "end": { "line": 12, "column": 33 }
      },
      "1": {
        "start": { "line": 14, "column": 23 },
        "end": { "line": 14, "column": 52 }
      },
      "2": {
        "start": { "line": 14, "column": 29 },
        "end": { "line": 14, "column": 52 }
      },
      "3": {
        "start": { "line": 17, "column": 26 },
        "end": { "line": 17, "column": 56 }
      },
      "4": {
        "start": { "line": 18, "column": 32 },
        "end": { "line": 18, "column": 46 }
      },
      "5": {
        "start": { "line": 20, "column": 2 },
        "end": { "line": 61, "column": 9 }
      },
      "6": {
        "start": { "line": 21, "column": 4 },
        "end": { "line": 21, "column": 53 }
      },
      "7": {
        "start": { "line": 22, "column": 18 },
        "end": { "line": 59, "column": 6 }
      },
      "8": {
        "start": { "line": 23, "column": 6 },
        "end": { "line": 26, "column": 8 }
      },
      "9": {
        "start": { "line": 28, "column": 6 },
        "end": { "line": 33, "column": 7 }
      },
      "10": {
        "start": { "line": 29, "column": 8 },
        "end": { "line": 29, "column": 53 }
      },
      "11": {
        "start": { "line": 30, "column": 8 },
        "end": { "line": 30, "column": 22 }
      },
      "12": {
        "start": { "line": 31, "column": 8 },
        "end": { "line": 31, "column": 26 }
      },
      "13": {
        "start": { "line": 32, "column": 8 },
        "end": { "line": 32, "column": 15 }
      },
      "14": {
        "start": { "line": 35, "column": 6 },
        "end": { "line": 35, "column": 38 }
      },
      "15": {
        "start": { "line": 36, "column": 6 },
        "end": { "line": 36, "column": 65 }
      },
      "16": {
        "start": { "line": 38, "column": 6 },
        "end": { "line": 58, "column": 7 }
      },
      "17": {
        "start": { "line": 39, "column": 21 },
        "end": { "line": 39, "column": 58 }
      },
      "18": {
        "start": { "line": 40, "column": 8 },
        "end": { "line": 40, "column": 60 }
      },
      "19": {
        "start": { "line": 42, "column": 21 },
        "end": { "line": 42, "column": 53 }
      },
      "20": {
        "start": { "line": 43, "column": 8 },
        "end": { "line": 43, "column": 40 }
      },
      "21": {
        "start": { "line": 45, "column": 34 },
        "end": { "line": 50, "column": 9 }
      },
      "22": {
        "start": { "line": 52, "column": 8 },
        "end": { "line": 52, "column": 53 }
      },
      "23": {
        "start": { "line": 53, "column": 8 },
        "end": { "line": 53, "column": 26 }
      },
      "24": {
        "start": { "line": 54, "column": 8 },
        "end": { "line": 54, "column": 26 }
      },
      "25": {
        "start": { "line": 56, "column": 8 },
        "end": { "line": 56, "column": 58 }
      },
      "26": {
        "start": { "line": 57, "column": 8 },
        "end": { "line": 57, "column": 26 }
      },
      "27": {
        "start": { "line": 60, "column": 4 },
        "end": { "line": 60, "column": 25 }
      },
      "28": {
        "start": { "line": 60, "column": 17 },
        "end": { "line": 60, "column": 24 }
      },
      "29": {
        "start": { "line": 63, "column": 2 },
        "end": { "line": 69, "column": 3 }
      },
      "30": {
        "start": { "line": 64, "column": 4 },
        "end": { "line": 68, "column": 6 }
      },
      "31": {
        "start": { "line": 71, "column": 2 },
        "end": { "line": 75, "column": 4 }
      }
    },
    "fnMap": {
      "0": {
        "name": "(anonymous_0)",
        "decl": {
          "start": { "line": 14, "column": 23 },
          "end": { "line": 14, "column": 24 }
        },
        "loc": {
          "start": { "line": 14, "column": 29 },
          "end": { "line": 14, "column": 52 }
        },
        "line": 14
      },
      "1": {
        "name": "RootLayout",
        "decl": {
          "start": { "line": 16, "column": 24 },
          "end": { "line": 16, "column": 34 }
        },
        "loc": {
          "start": { "line": 16, "column": 37 },
          "end": { "line": 76, "column": 1 }
        },
        "line": 16
      },
      "2": {
        "name": "(anonymous_2)",
        "decl": {
          "start": { "line": 20, "column": 12 },
          "end": { "line": 20, "column": 13 }
        },
        "loc": {
          "start": { "line": 20, "column": 18 },
          "end": { "line": 61, "column": 3 }
        },
        "line": 20
      },
      "3": {
        "name": "(anonymous_3)",
        "decl": {
          "start": { "line": 22, "column": 43 },
          "end": { "line": 22, "column": 44 }
        },
        "loc": {
          "start": { "line": 22, "column": 69 },
          "end": { "line": 59, "column": 5 }
        },
        "line": 22
      },
      "4": {
        "name": "(anonymous_4)",
        "decl": {
          "start": { "line": 60, "column": 11 },
          "end": { "line": 60, "column": 12 }
        },
        "loc": {
          "start": { "line": 60, "column": 17 },
          "end": { "line": 60, "column": 24 }
        },
        "line": 60
      }
    },
    "branchMap": {
      "0": {
        "loc": {
          "start": { "line": 25, "column": 8 },
          "end": { "line": 25, "column": 48 }
        },
        "type": "cond-expr",
        "locations": [
          {
            "start": { "line": 25, "column": 12 },
            "end": { "line": 25, "column": 28 }
          },
          {
            "start": { "line": 25, "column": 31 },
            "end": { "line": 25, "column": 48 }
          }
        ],
        "line": 25
      },
      "1": {
        "loc": {
          "start": { "line": 28, "column": 6 },
          "end": { "line": 33, "column": 7 }
        },
        "type": "if",
        "locations": [
          {
            "start": { "line": 28, "column": 6 },
            "end": { "line": 33, "column": 7 }
          },
          { "start": {}, "end": {} }
        ],
        "line": 28
      },
      "2": {
        "loc": {
          "start": { "line": 42, "column": 21 },
          "end": { "line": 42, "column": 53 }
        },
        "type": "cond-expr",
        "locations": [
          {
            "start": { "line": 42, "column": 37 },
            "end": { "line": 42, "column": 48 }
          },
          {
            "start": { "line": 42, "column": 51 },
            "end": { "line": 42, "column": 53 }
          }
        ],
        "line": 42
      },
      "3": {
        "loc": {
          "start": { "line": 48, "column": 16 },
          "end": { "line": 48, "column": 59 }
        },
        "type": "binary-expr",
        "locations": [
          {
            "start": { "line": 48, "column": 17 },
            "end": { "line": 48, "column": 45 }
          },
          {
            "start": { "line": 48, "column": 50 },
            "end": { "line": 48, "column": 59 }
          }
        ],
        "line": 48
      },
      "4": {
        "loc": {
          "start": { "line": 63, "column": 2 },
          "end": { "line": 69, "column": 3 }
        },
        "type": "if",
        "locations": [
          {
            "start": { "line": 63, "column": 2 },
            "end": { "line": 69, "column": 3 }
          },
          { "start": {}, "end": {} }
        ],
        "line": 63
      }
    },
    "s": {
      "0": 0,
      "1": 0,
      "2": 0,
      "3": 0,
      "4": 0,
      "5": 0,
      "6": 0,
      "7": 0,
      "8": 0,
      "9": 0,
      "10": 0,
      "11": 0,
      "12": 0,
      "13": 0,
      "14": 0,
      "15": 0,
      "16": 0,
      "17": 0,
      "18": 0,
      "19": 0,
      "20": 0,
      "21": 0,
      "22": 0,
      "23": 0,
      "24": 0,
      "25": 0,
      "26": 0,
      "27": 0,
      "28": 0,
      "29": 0,
      "30": 0,
      "31": 0
    },
    "f": { "0": 0, "1": 0, "2": 0, "3": 0, "4": 0 },
    "b": { "0": [0, 0], "1": [0, 0], "2": [0, 0], "3": [0, 0], "4": [0, 0] }
  },
  "/Users/kamoi/tsunagite/app/index.tsx": {
    "path": "/Users/kamoi/tsunagite/app/index.tsx",
    "statementMap": {
      "0": {
        "start": { "line": 5, "column": 28 },
        "end": { "line": 5, "column": 37 }
      },
      "1": {
        "start": { "line": 7, "column": 2 },
        "end": { "line": 7, "column": 50 }
      },
      "2": {
        "start": { "line": 8, "column": 2 },
        "end": { "line": 8, "column": 44 }
      },
      "3": {
        "start": { "line": 10, "column": 2 },
        "end": { "line": 13, "column": 3 }
      },
      "4": {
        "start": { "line": 11, "column": 4 },
        "end": { "line": 11, "column": 57 }
      },
      "5": {
        "start": { "line": 12, "column": 4 },
        "end": { "line": 12, "column": 16 }
      },
      "6": {
        "start": { "line": 15, "column": 2 },
        "end": { "line": 18, "column": 3 }
      },
      "7": {
        "start": { "line": 16, "column": 4 },
        "end": { "line": 16, "column": 49 }
      },
      "8": {
        "start": { "line": 17, "column": 4 },
        "end": { "line": 17, "column": 45 }
      },
      "9": {
        "start": { "line": 20, "column": 2 },
        "end": { "line": 23, "column": 3 }
      },
      "10": {
        "start": { "line": 21, "column": 4 },
        "end": { "line": 21, "column": 71 }
      },
      "11": {
        "start": { "line": 22, "column": 4 },
        "end": { "line": 22, "column": 45 }
      },
      "12": {
        "start": { "line": 25, "column": 2 },
        "end": { "line": 25, "column": 58 }
      },
      "13": {
        "start": { "line": 26, "column": 2 },
        "end": { "line": 26, "column": 36 }
      }
    },
    "fnMap": {
      "0": {
        "name": "Index",
        "decl": {
          "start": { "line": 4, "column": 24 },
          "end": { "line": 4, "column": 29 }
        },
        "loc": {
          "start": { "line": 4, "column": 32 },
          "end": { "line": 27, "column": 1 }
        },
        "line": 4
      }
    },
    "branchMap": {
      "0": {
        "loc": {
          "start": { "line": 10, "column": 2 },
          "end": { "line": 13, "column": 3 }
        },
        "type": "if",
        "locations": [
          {
            "start": { "line": 10, "column": 2 },
            "end": { "line": 13, "column": 3 }
          },
          { "start": {}, "end": {} }
        ],
        "line": 10
      },
      "1": {
        "loc": {
          "start": { "line": 15, "column": 2 },
          "end": { "line": 18, "column": 3 }
        },
        "type": "if",
        "locations": [
          {
            "start": { "line": 15, "column": 2 },
            "end": { "line": 18, "column": 3 }
          },
          { "start": {}, "end": {} }
        ],
        "line": 15
      },
      "2": {
        "loc": {
          "start": { "line": 20, "column": 2 },
          "end": { "line": 23, "column": 3 }
        },
        "type": "if",
        "locations": [
          {
            "start": { "line": 20, "column": 2 },
            "end": { "line": 23, "column": 3 }
          },
          { "start": {}, "end": {} }
        ],
        "line": 20
      }
    },
    "s": {
      "0": 0,
      "1": 0,
      "2": 0,
      "3": 0,
      "4": 0,
      "5": 0,
      "6": 0,
      "7": 0,
      "8": 0,
      "9": 0,
      "10": 0,
      "11": 0,
      "12": 0,
      "13": 0
    },
    "f": { "0": 0 },
    "b": { "0": [0, 0], "1": [0, 0], "2": [0, 0] }
  },
  "/Users/kamoi/tsunagite/app/(app)/_layout.tsx": {
    "path": "/Users/kamoi/tsunagite/app/(app)/_layout.tsx",
    "statementMap": {
      "0": {
        "start": { "line": 5, "column": 19 },
        "end": { "line": 5, "column": 28 }
      },
      "1": {
        "start": { "line": 6, "column": 2 },
        "end": { "line": 6, "column": 54 }
      },
      "2": {
        "start": { "line": 6, "column": 13 },
        "end": { "line": 6, "column": 54 }
      },
      "3": {
        "start": { "line": 7, "column": 2 },
        "end": { "line": 7, "column": 69 }
      },
      "4": {
        "start": { "line": 7, "column": 28 },
        "end": { "line": 7, "column": 69 }
      },
      "5": {
        "start": { "line": 8, "column": 2 },
        "end": { "line": 8, "column": 58 }
      }
    },
    "fnMap": {
      "0": {
        "name": "AppLayout",
        "decl": {
          "start": { "line": 4, "column": 24 },
          "end": { "line": 4, "column": 33 }
        },
        "loc": {
          "start": { "line": 4, "column": 36 },
          "end": { "line": 9, "column": 1 }
        },
        "line": 4
      }
    },
    "branchMap": {
      "0": {
        "loc": {
          "start": { "line": 6, "column": 2 },
          "end": { "line": 6, "column": 54 }
        },
        "type": "if",
        "locations": [
          {
            "start": { "line": 6, "column": 2 },
            "end": { "line": 6, "column": 54 }
          },
          { "start": {}, "end": {} }
        ],
        "line": 6
      },
      "1": {
        "loc": {
          "start": { "line": 7, "column": 2 },
          "end": { "line": 7, "column": 69 }
        },
        "type": "if",
        "locations": [
          {
            "start": { "line": 7, "column": 2 },
            "end": { "line": 7, "column": 69 }
          },
          { "start": {}, "end": {} }
        ],
        "line": 7
      }
    },
    "s": { "0": 0, "1": 0, "2": 0, "3": 0, "4": 0, "5": 0 },
    "f": { "0": 0 },
    "b": { "0": [0, 0], "1": [0, 0] }
  },
  "/Users/kamoi/tsunagite/app/(app)/index.tsx": {
    "path": "/Users/kamoi/tsunagite/app/(app)/index.tsx",
    "statementMap": {
      "0": {
        "start": { "line": 9, "column": 19 },
        "end": { "line": 9, "column": 28 }
      },
      "1": {
        "start": { "line": 10, "column": 32 },
        "end": { "line": 10, "column": 62 }
      },
      "2": {
        "start": { "line": 11, "column": 32 },
        "end": { "line": 11, "column": 46 }
      },
      "3": {
        "start": { "line": 13, "column": 2 },
        "end": { "line": 30, "column": 13 }
      },
      "4": {
        "start": { "line": 14, "column": 25 },
        "end": { "line": 27, "column": 5 }
      },
      "5": {
        "start": { "line": 15, "column": 6 },
        "end": { "line": 15, "column": 29 }
      },
      "6": {
        "start": { "line": 15, "column": 22 },
        "end": { "line": 15, "column": 29 }
      },
      "7": {
        "start": { "line": 17, "column": 6 },
        "end": { "line": 26, "column": 7 }
      },
      "8": {
        "start": { "line": 18, "column": 27 },
        "end": { "line": 18, "column": 70 }
      },
      "9": {
        "start": { "line": 19, "column": 8 },
        "end": { "line": 21, "column": 9 }
      },
      "10": {
        "start": { "line": 20, "column": 10 },
        "end": { "line": 20, "column": 51 }
      },
      "11": {
        "start": { "line": 23, "column": 8 },
        "end": { "line": 23, "column": 56 }
      },
      "12": {
        "start": { "line": 25, "column": 8 },
        "end": { "line": 25, "column": 26 }
      },
      "13": {
        "start": { "line": 29, "column": 4 },
        "end": { "line": 29, "column": 19 }
      },
      "14": {
        "start": { "line": 32, "column": 2 },
        "end": { "line": 38, "column": 3 }
      },
      "15": {
        "start": { "line": 33, "column": 4 },
        "end": { "line": 37, "column": 6 }
      },
      "16": {
        "start": { "line": 40, "column": 23 },
        "end": { "line": 46, "column": 3 }
      },
      "17": {
        "start": { "line": 41, "column": 4 },
        "end": { "line": 45, "column": 5 }
      },
      "18": {
        "start": { "line": 42, "column": 21 },
        "end": { "line": 42, "column": 37 }
      },
      "19": {
        "start": { "line": 43, "column": 18 },
        "end": { "line": 43, "column": 34 }
      },
      "20": {
        "start": { "line": 44, "column": 15 },
        "end": { "line": 44, "column": 28 }
      },
      "21": {
        "start": { "line": 48, "column": 2 },
        "end": { "line": 116, "column": 4 }
      },
      "22": {
        "start": { "line": 119, "column": 16 },
        "end": { "line": 124, "column": 1 }
      },
      "23": {
        "start": { "line": 120, "column": 2 },
        "end": { "line": 123, "column": 9 }
      }
    },
    "fnMap": {
      "0": {
        "name": "Home",
        "decl": {
          "start": { "line": 8, "column": 24 },
          "end": { "line": 8, "column": 28 }
        },
        "loc": {
          "start": { "line": 8, "column": 31 },
          "end": { "line": 117, "column": 1 }
        },
        "line": 8
      },
      "1": {
        "name": "(anonymous_1)",
        "decl": {
          "start": { "line": 13, "column": 12 },
          "end": { "line": 13, "column": 13 }
        },
        "loc": {
          "start": { "line": 13, "column": 18 },
          "end": { "line": 30, "column": 3 }
        },
        "line": 13
      },
      "2": {
        "name": "(anonymous_2)",
        "decl": {
          "start": { "line": 14, "column": 25 },
          "end": { "line": 14, "column": 26 }
        },
        "loc": {
          "start": { "line": 14, "column": 37 },
          "end": { "line": 27, "column": 5 }
        },
        "line": 14
      },
      "3": {
        "name": "(anonymous_3)",
        "decl": {
          "start": { "line": 40, "column": 23 },
          "end": { "line": 40, "column": 24 }
        },
        "loc": {
          "start": { "line": 40, "column": 42 },
          "end": { "line": 46, "column": 3 }
        },
        "line": 40
      },
      "4": {
        "name": "(anonymous_4)",
        "decl": {
          "start": { "line": 119, "column": 16 },
          "end": { "line": 119, "column": 17 }
        },
        "loc": {
          "start": { "line": 120, "column": 2 },
          "end": { "line": 123, "column": 9 }
        },
        "line": 120
      }
    },
    "branchMap": {
      "0": {
        "loc": {
          "start": { "line": 15, "column": 6 },
          "end": { "line": 15, "column": 29 }
        },
        "type": "if",
        "locations": [
          {
            "start": { "line": 15, "column": 6 },
            "end": { "line": 15, "column": 29 }
          },
          { "start": {}, "end": {} }
        ],
        "line": 15
      },
      "1": {
        "loc": {
          "start": { "line": 19, "column": 8 },
          "end": { "line": 21, "column": 9 }
        },
        "type": "if",
        "locations": [
          {
            "start": { "line": 19, "column": 8 },
            "end": { "line": 21, "column": 9 }
          },
          { "start": {}, "end": {} }
        ],
        "line": 19
      },
      "2": {
        "loc": {
          "start": { "line": 32, "column": 2 },
          "end": { "line": 38, "column": 3 }
        },
        "type": "if",
        "locations": [
          {
            "start": { "line": 32, "column": 2 },
            "end": { "line": 38, "column": 3 }
          },
          { "start": {}, "end": {} }
        ],
        "line": 32
      },
      "3": {
        "loc": {
          "start": { "line": 41, "column": 4 },
          "end": { "line": 45, "column": 5 }
        },
        "type": "switch",
        "locations": [
          {
            "start": { "line": 42, "column": 6 },
            "end": { "line": 42, "column": 37 }
          },
          {
            "start": { "line": 43, "column": 6 },
            "end": { "line": 43, "column": 34 }
          },
          {
            "start": { "line": 44, "column": 6 },
            "end": { "line": 44, "column": 28 }
          }
        ],
        "line": 41
      },
      "4": {
        "loc": {
          "start": { "line": 55, "column": 11 },
          "end": { "line": 55, "column": 39 }
        },
        "type": "binary-expr",
        "locations": [
          {
            "start": { "line": 55, "column": 11 },
            "end": { "line": 55, "column": 24 }
          },
          {
            "start": { "line": 55, "column": 28 },
            "end": { "line": 55, "column": 39 }
          }
        ],
        "line": 55
      },
      "5": {
        "loc": {
          "start": { "line": 64, "column": 40 },
          "end": { "line": 64, "column": 58 }
        },
        "type": "binary-expr",
        "locations": [
          {
            "start": { "line": 64, "column": 40 },
            "end": { "line": 64, "column": 51 }
          },
          {
            "start": { "line": 64, "column": 55 },
            "end": { "line": 64, "column": 58 }
          }
        ],
        "line": 64
      },
      "6": {
        "loc": {
          "start": { "line": 66, "column": 10 },
          "end": { "line": 66, "column": 75 }
        },
        "type": "cond-expr",
        "locations": [
          {
            "start": { "line": 66, "column": 26 },
            "end": { "line": 66, "column": 69 }
          },
          {
            "start": { "line": 66, "column": 72 },
            "end": { "line": 66, "column": 75 }
          }
        ],
        "line": 66
      },
      "7": {
        "loc": {
          "start": { "line": 70, "column": 7 },
          "end": { "line": 85, "column": 7 }
        },
        "type": "binary-expr",
        "locations": [
          {
            "start": { "line": 70, "column": 7 },
            "end": { "line": 70, "column": 30 }
          },
          {
            "start": { "line": 70, "column": 34 },
            "end": { "line": 70, "column": 56 }
          },
          {
            "start": { "line": 71, "column": 8 },
            "end": { "line": 84, "column": 15 }
          }
        ],
        "line": 70
      },
      "8": {
        "loc": {
          "start": { "line": 77, "column": 12 },
          "end": { "line": 79, "column": 70 }
        },
        "type": "cond-expr",
        "locations": [
          {
            "start": { "line": 77, "column": 54 },
            "end": { "line": 77, "column": 58 }
          },
          {
            "start": { "line": 78, "column": 12 },
            "end": { "line": 79, "column": 70 }
          }
        ],
        "line": 77
      },
      "9": {
        "loc": {
          "start": { "line": 78, "column": 12 },
          "end": { "line": 79, "column": 70 }
        },
        "type": "cond-expr",
        "locations": [
          {
            "start": { "line": 78, "column": 56 },
            "end": { "line": 78, "column": 60 }
          },
          {
            "start": { "line": 79, "column": 12 },
            "end": { "line": 79, "column": 70 }
          }
        ],
        "line": 78
      },
      "10": {
        "loc": {
          "start": { "line": 79, "column": 12 },
          "end": { "line": 79, "column": 70 }
        },
        "type": "cond-expr",
        "locations": [
          {
            "start": { "line": 79, "column": 55 },
            "end": { "line": 79, "column": 60 }
          },
          {
            "start": { "line": 79, "column": 63 },
            "end": { "line": 79, "column": 70 }
          }
        ],
        "line": 79
      },
      "11": {
        "loc": {
          "start": { "line": 82, "column": 37 },
          "end": { "line": 82, "column": 83 }
        },
        "type": "binary-expr",
        "locations": [
          {
            "start": { "line": 82, "column": 37 },
            "end": { "line": 82, "column": 76 }
          },
          {
            "start": { "line": 82, "column": 80 },
            "end": { "line": 82, "column": 83 }
          }
        ],
        "line": 82
      },
      "12": {
        "loc": {
          "start": { "line": 83, "column": 38 },
          "end": { "line": 83, "column": 83 }
        },
        "type": "binary-expr",
        "locations": [
          {
            "start": { "line": 83, "column": 38 },
            "end": { "line": 83, "column": 76 }
          },
          {
            "start": { "line": 83, "column": 80 },
            "end": { "line": 83, "column": 83 }
          }
        ],
        "line": 83
      },
      "13": {
        "loc": {
          "start": { "line": 87, "column": 7 },
          "end": { "line": 103, "column": 7 }
        },
        "type": "binary-expr",
        "locations": [
          {
            "start": { "line": 87, "column": 7 },
            "end": { "line": 87, "column": 27 }
          },
          {
            "start": { "line": 87, "column": 31 },
            "end": { "line": 87, "column": 50 }
          },
          {
            "start": { "line": 88, "column": 8 },
            "end": { "line": 102, "column": 15 }
          }
        ],
        "line": 87
      },
      "14": {
        "loc": {
          "start": { "line": 94, "column": 12 },
          "end": { "line": 96, "column": 76 }
        },
        "type": "cond-expr",
        "locations": [
          {
            "start": { "line": 94, "column": 66 },
            "end": { "line": 94, "column": 72 }
          },
          {
            "start": { "line": 95, "column": 12 },
            "end": { "line": 96, "column": 76 }
          }
        ],
        "line": 94
      },
      "15": {
        "loc": {
          "start": { "line": 95, "column": 12 },
          "end": { "line": 96, "column": 76 }
        },
        "type": "cond-expr",
        "locations": [
          {
            "start": { "line": 95, "column": 67 },
            "end": { "line": 95, "column": 74 }
          },
          {
            "start": { "line": 96, "column": 12 },
            "end": { "line": 96, "column": 76 }
          }
        ],
        "line": 95
      },
      "16": {
        "loc": {
          "start": { "line": 96, "column": 12 },
          "end": { "line": 96, "column": 76 }
        },
        "type": "cond-expr",
        "locations": [
          {
            "start": { "line": 96, "column": 60 },
            "end": { "line": 96, "column": 69 }
          },
          {
            "start": { "line": 96, "column": 72 },
            "end": { "line": 96, "column": 76 }
          }
        ],
        "line": 96
      },
      "17": {
        "loc": {
          "start": { "line": 99, "column": 38 },
          "end": { "line": 99, "column": 91 }
        },
        "type": "binary-expr",
        "locations": [
          {
            "start": { "line": 99, "column": 38 },
            "end": { "line": 99, "column": 84 }
          },
          {
            "start": { "line": 99, "column": 88 },
            "end": { "line": 99, "column": 91 }
          }
        ],
        "line": 99
      },
      "18": {
        "loc": {
          "start": { "line": 100, "column": 41 },
          "end": { "line": 100, "column": 85 }
        },
        "type": "binary-expr",
        "locations": [
          {
            "start": { "line": 100, "column": 41 },
            "end": { "line": 100, "column": 78 }
          },
          {
            "start": { "line": 100, "column": 82 },
            "end": { "line": 100, "column": 85 }
          }
        ],
        "line": 100
      },
      "19": {
        "loc": {
          "start": { "line": 101, "column": 38 },
          "end": { "line": 101, "column": 88 }
        },
        "type": "binary-expr",
        "locations": [
          {
            "start": { "line": 101, "column": 38 },
            "end": { "line": 101, "column": 81 }
          },
          {
            "start": { "line": 101, "column": 85 },
            "end": { "line": 101, "column": 88 }
          }
        ],
        "line": 101
      },
      "20": {
        "loc": {
          "start": { "line": 105, "column": 7 },
          "end": { "line": 114, "column": 7 }
        },
        "type": "binary-expr",
        "locations": [
          {
            "start": { "line": 105, "column": 7 },
            "end": { "line": 105, "column": 19 }
          },
          {
            "start": { "line": 106, "column": 8 },
            "end": { "line": 113, "column": 15 }
          }
        ],
        "line": 105
      }
    },
    "s": {
      "0": 0,
      "1": 0,
      "2": 0,
      "3": 0,
      "4": 0,
      "5": 0,
      "6": 0,
      "7": 0,
      "8": 0,
      "9": 0,
      "10": 0,
      "11": 0,
      "12": 0,
      "13": 0,
      "14": 0,
      "15": 0,
      "16": 0,
      "17": 0,
      "18": 0,
      "19": 0,
      "20": 0,
      "21": 0,
      "22": 0,
      "23": 0
    },
    "f": { "0": 0, "1": 0, "2": 0, "3": 0, "4": 0 },
    "b": {
      "0": [0, 0],
      "1": [0, 0],
      "2": [0, 0],
      "3": [0, 0, 0],
      "4": [0, 0],
      "5": [0, 0],
      "6": [0, 0],
      "7": [0, 0, 0],
      "8": [0, 0],
      "9": [0, 0],
      "10": [0, 0],
      "11": [0, 0],
      "12": [0, 0],
      "13": [0, 0, 0],
      "14": [0, 0],
      "15": [0, 0],
      "16": [0, 0],
      "17": [0, 0],
      "18": [0, 0],
      "19": [0, 0],
      "20": [0, 0]
    }
  },
  "/Users/kamoi/tsunagite/app/(auth)/_layout.tsx": {
    "path": "/Users/kamoi/tsunagite/app/(auth)/_layout.tsx",
    "statementMap": {
      "0": {
        "start": { "line": 5, "column": 19 },
        "end": { "line": 5, "column": 28 }
      },
      "1": {
        "start": { "line": 6, "column": 2 },
        "end": { "line": 9, "column": 3 }
      },
      "2": {
        "start": { "line": 7, "column": 4 },
        "end": { "line": 7, "column": 71 }
      },
      "3": {
        "start": { "line": 7, "column": 30 },
        "end": { "line": 7, "column": 71 }
      },
      "4": {
        "start": { "line": 8, "column": 4 },
        "end": { "line": 8, "column": 38 }
      },
      "5": {
        "start": { "line": 10, "column": 2 },
        "end": { "line": 10, "column": 58 }
      }
    },
    "fnMap": {
      "0": {
        "name": "AuthLayout",
        "decl": {
          "start": { "line": 4, "column": 24 },
          "end": { "line": 4, "column": 34 }
        },
        "loc": {
          "start": { "line": 4, "column": 37 },
          "end": { "line": 11, "column": 1 }
        },
        "line": 4
      }
    },
    "branchMap": {
      "0": {
        "loc": {
          "start": { "line": 6, "column": 2 },
          "end": { "line": 9, "column": 3 }
        },
        "type": "if",
        "locations": [
          {
            "start": { "line": 6, "column": 2 },
            "end": { "line": 9, "column": 3 }
          },
          { "start": {}, "end": {} }
        ],
        "line": 6
      },
      "1": {
        "loc": {
          "start": { "line": 7, "column": 4 },
          "end": { "line": 7, "column": 71 }
        },
        "type": "if",
        "locations": [
          {
            "start": { "line": 7, "column": 4 },
            "end": { "line": 7, "column": 71 }
          },
          { "start": {}, "end": {} }
        ],
        "line": 7
      }
    },
    "s": { "0": 0, "1": 0, "2": 0, "3": 0, "4": 0, "5": 0 },
    "f": { "0": 0 },
    "b": { "0": [0, 0], "1": [0, 0] }
  },
  "/Users/kamoi/tsunagite/app/(auth)/login.tsx": {
    "path": "/Users/kamoi/tsunagite/app/(auth)/login.tsx",
    "statementMap": {
      "0": {
        "start": { "line": 8, "column": 28 },
        "end": { "line": 8, "column": 40 }
      },
      "1": {
        "start": { "line": 9, "column": 34 },
        "end": { "line": 9, "column": 46 }
      },
      "2": {
        "start": { "line": 10, "column": 32 },
        "end": { "line": 10, "column": 47 }
      },
      "3": {
        "start": { "line": 12, "column": 18 },
        "end": { "line": 48, "column": 3 }
      },
      "4": {
        "start": { "line": 13, "column": 4 },
        "end": { "line": 47, "column": 5 }
      },
      "5": {
        "start": { "line": 14, "column": 6 },
        "end": { "line": 14, "column": 23 }
      },
      "6": {
        "start": { "line": 15, "column": 6 },
        "end": { "line": 15, "column": 41 }
      },
      "7": {
        "start": { "line": 18, "column": 6 },
        "end": { "line": 18, "column": 53 }
      },
      "8": {
        "start": { "line": 19, "column": 6 },
        "end": { "line": 29, "column": 7 }
      },
      "9": {
        "start": { "line": 20, "column": 25 },
        "end": { "line": 22, "column": 10 }
      },
      "10": {
        "start": { "line": 23, "column": 8 },
        "end": { "line": 26, "column": 10 }
      },
      "11": {
        "start": { "line": 28, "column": 8 },
        "end": { "line": 28, "column": 54 }
      },
      "12": {
        "start": { "line": 32, "column": 6 },
        "end": { "line": 32, "column": 52 }
      },
      "13": {
        "start": { "line": 33, "column": 6 },
        "end": { "line": 33, "column": 54 }
      },
      "14": {
        "start": { "line": 34, "column": 6 },
        "end": { "line": 34, "column": 54 }
      },
      "15": {
        "start": { "line": 36, "column": 6 },
        "end": { "line": 36, "column": 69 }
      },
      "16": {
        "start": { "line": 37, "column": 6 },
        "end": { "line": 37, "column": 38 }
      },
      "17": {
        "start": { "line": 39, "column": 6 },
        "end": { "line": 39, "column": 49 }
      },
      "18": {
        "start": { "line": 40, "column": 6 },
        "end": { "line": 40, "column": 55 }
      },
      "19": {
        "start": { "line": 41, "column": 6 },
        "end": { "line": 44, "column": 8 }
      },
      "20": {
        "start": { "line": 46, "column": 6 },
        "end": { "line": 46, "column": 24 }
      },
      "21": {
        "start": { "line": 50, "column": 2 },
        "end": { "line": 96, "column": 4 }
      }
    },
    "fnMap": {
      "0": {
        "name": "Login",
        "decl": {
          "start": { "line": 7, "column": 24 },
          "end": { "line": 7, "column": 29 }
        },
        "loc": {
          "start": { "line": 7, "column": 32 },
          "end": { "line": 97, "column": 1 }
        },
        "line": 7
      },
      "1": {
        "name": "(anonymous_1)",
        "decl": {
          "start": { "line": 12, "column": 18 },
          "end": { "line": 12, "column": 19 }
        },
        "loc": {
          "start": { "line": 12, "column": 30 },
          "end": { "line": 48, "column": 3 }
        },
        "line": 12
      }
    },
    "branchMap": {
      "0": {
        "loc": {
          "start": { "line": 25, "column": 10 },
          "end": { "line": 25, "column": 46 }
        },
        "type": "cond-expr",
        "locations": [
          {
            "start": { "line": 25, "column": 24 },
            "end": { "line": 25, "column": 35 }
          },
          {
            "start": { "line": 25, "column": 38 },
            "end": { "line": 25, "column": 46 }
          }
        ],
        "line": 25
      },
      "1": {
        "loc": {
          "start": { "line": 88, "column": 13 },
          "end": { "line": 88, "column": 38 }
        },
        "type": "cond-expr",
        "locations": [
          {
            "start": { "line": 88, "column": 23 },
            "end": { "line": 88, "column": 29 }
          },
          {
            "start": { "line": 88, "column": 32 },
            "end": { "line": 88, "column": 38 }
          }
        ],
        "line": 88
      }
    },
    "s": {
      "0": 0,
      "1": 0,
      "2": 0,
      "3": 0,
      "4": 0,
      "5": 0,
      "6": 0,
      "7": 0,
      "8": 0,
      "9": 0,
      "10": 0,
      "11": 0,
      "12": 0,
      "13": 0,
      "14": 0,
      "15": 0,
      "16": 0,
      "17": 0,
      "18": 0,
      "19": 0,
      "20": 0,
      "21": 0
    },
    "f": { "0": 0, "1": 0 },
    "b": { "0": [0, 0], "1": [0, 0] }
  },
  "/Users/kamoi/tsunagite/app/(auth)/register.tsx": {
    "path": "/Users/kamoi/tsunagite/app/(auth)/register.tsx",
    "statementMap": {
      "0": {
        "start": { "line": 8, "column": 28 },
        "end": { "line": 8, "column": 40 }
      },
      "1": {
        "start": { "line": 9, "column": 34 },
        "end": { "line": 9, "column": 46 }
      },
      "2": {
        "start": { "line": 10, "column": 40 },
        "end": { "line": 10, "column": 52 }
      },
      "3": {
        "start": { "line": 11, "column": 32 },
        "end": { "line": 11, "column": 47 }
      },
      "4": {
        "start": { "line": 13, "column": 21 },
        "end": { "line": 40, "column": 3 }
      },
      "5": {
        "start": { "line": 14, "column": 4 },
        "end": { "line": 39, "column": 5 }
      },
      "6": {
        "start": { "line": 15, "column": 6 },
        "end": { "line": 15, "column": 23 }
      },
      "7": {
        "start": { "line": 16, "column": 19 },
        "end": { "line": 20, "column": 7 }
      },
      "8": {
        "start": { "line": 21, "column": 6 },
        "end": { "line": 21, "column": 54 }
      },
      "9": {
        "start": { "line": 23, "column": 6 },
        "end": { "line": 34, "column": 8 }
      },
      "10": {
        "start": { "line": 36, "column": 6 },
        "end": { "line": 36, "column": 37 }
      },
      "11": {
        "start": { "line": 38, "column": 6 },
        "end": { "line": 38, "column": 24 }
      },
      "12": {
        "start": { "line": 42, "column": 2 },
        "end": { "line": 80, "column": 4 }
      }
    },
    "fnMap": {
      "0": {
        "name": "Register",
        "decl": {
          "start": { "line": 7, "column": 24 },
          "end": { "line": 7, "column": 32 }
        },
        "loc": {
          "start": { "line": 7, "column": 35 },
          "end": { "line": 81, "column": 1 }
        },
        "line": 7
      },
      "1": {
        "name": "(anonymous_1)",
        "decl": {
          "start": { "line": 13, "column": 21 },
          "end": { "line": 13, "column": 22 }
        },
        "loc": {
          "start": { "line": 13, "column": 33 },
          "end": { "line": 40, "column": 3 }
        },
        "line": 13
      }
    },
    "branchMap": {
      "0": {
        "loc": {
          "start": { "line": 76, "column": 11 },
          "end": { "line": 76, "column": 34 }
        },
        "type": "cond-expr",
        "locations": [
          {
            "start": { "line": 76, "column": 21 },
            "end": { "line": 76, "column": 27 }
          },
          {
            "start": { "line": 76, "column": 30 },
            "end": { "line": 76, "column": 34 }
          }
        ],
        "line": 76
      }
    },
    "s": {
      "0": 0,
      "1": 0,
      "2": 0,
      "3": 0,
      "4": 0,
      "5": 0,
      "6": 0,
      "7": 0,
      "8": 0,
      "9": 0,
      "10": 0,
      "11": 0,
      "12": 0
    },
    "f": { "0": 0, "1": 0 },
    "b": { "0": [0, 0] }
  },
  "/Users/kamoi/tsunagite/app/(onboarding)/_layout.tsx": {
    "path": "/Users/kamoi/tsunagite/app/(onboarding)/_layout.tsx",
    "statementMap": {
      "0": {
        "start": { "line": 5, "column": 28 },
        "end": { "line": 5, "column": 37 }
      },
      "1": {
        "start": { "line": 7, "column": 2 },
        "end": { "line": 7, "column": 54 }
      },
      "2": {
        "start": { "line": 8, "column": 2 },
        "end": { "line": 8, "column": 48 }
      },
      "3": {
        "start": { "line": 10, "column": 2 },
        "end": { "line": 13, "column": 3 }
      },
      "4": {
        "start": { "line": 11, "column": 4 },
        "end": { "line": 11, "column": 50 }
      },
      "5": {
        "start": { "line": 12, "column": 4 },
        "end": { "line": 12, "column": 16 }
      },
      "6": {
        "start": { "line": 15, "column": 2 },
        "end": { "line": 18, "column": 3 }
      },
      "7": {
        "start": { "line": 16, "column": 4 },
        "end": { "line": 16, "column": 68 }
      },
      "8": {
        "start": { "line": 17, "column": 4 },
        "end": { "line": 17, "column": 45 }
      },
      "9": {
        "start": { "line": 20, "column": 2 },
        "end": { "line": 23, "column": 3 }
      },
      "10": {
        "start": { "line": 21, "column": 4 },
        "end": { "line": 21, "column": 74 }
      },
      "11": {
        "start": { "line": 22, "column": 4 },
        "end": { "line": 22, "column": 38 }
      },
      "12": {
        "start": { "line": 25, "column": 2 },
        "end": { "line": 25, "column": 61 }
      },
      "13": {
        "start": { "line": 26, "column": 2 },
        "end": { "line": 26, "column": 58 }
      }
    },
    "fnMap": {
      "0": {
        "name": "OnboardingLayout",
        "decl": {
          "start": { "line": 4, "column": 24 },
          "end": { "line": 4, "column": 40 }
        },
        "loc": {
          "start": { "line": 4, "column": 43 },
          "end": { "line": 27, "column": 1 }
        },
        "line": 4
      }
    },
    "branchMap": {
      "0": {
        "loc": {
          "start": { "line": 10, "column": 2 },
          "end": { "line": 13, "column": 3 }
        },
        "type": "if",
        "locations": [
          {
            "start": { "line": 10, "column": 2 },
            "end": { "line": 13, "column": 3 }
          },
          { "start": {}, "end": {} }
        ],
        "line": 10
      },
      "1": {
        "loc": {
          "start": { "line": 15, "column": 2 },
          "end": { "line": 18, "column": 3 }
        },
        "type": "if",
        "locations": [
          {
            "start": { "line": 15, "column": 2 },
            "end": { "line": 18, "column": 3 }
          },
          { "start": {}, "end": {} }
        ],
        "line": 15
      },
      "2": {
        "loc": {
          "start": { "line": 20, "column": 2 },
          "end": { "line": 23, "column": 3 }
        },
        "type": "if",
        "locations": [
          {
            "start": { "line": 20, "column": 2 },
            "end": { "line": 23, "column": 3 }
          },
          { "start": {}, "end": {} }
        ],
        "line": 20
      }
    },
    "s": {
      "0": 0,
      "1": 0,
      "2": 0,
      "3": 0,
      "4": 0,
      "5": 0,
      "6": 0,
      "7": 0,
      "8": 0,
      "9": 0,
      "10": 0,
      "11": 0,
      "12": 0,
      "13": 0
    },
    "f": { "0": 0 },
    "b": { "0": [0, 0], "1": [0, 0], "2": [0, 0] }
  },
  "/Users/kamoi/tsunagite/app/(onboarding)/index.tsx": {
    "path": "/Users/kamoi/tsunagite/app/(onboarding)/index.tsx",
    "statementMap": {
      "0": {
        "start": { "line": 9, "column": 19 },
        "end": { "line": 9, "column": 28 }
      },
      "1": {
        "start": { "line": 10, "column": 34 },
        "end": { "line": 10, "column": 48 }
      },
      "2": {
        "start": { "line": 11, "column": 32 },
        "end": { "line": 11, "column": 62 }
      },
      "3": {
        "start": { "line": 12, "column": 46 },
        "end": { "line": 12, "column": 76 }
      },
      "4": {
        "start": { "line": 14, "column": 2 },
        "end": { "line": 14, "column": 47 }
      },
      "5": {
        "start": { "line": 16, "column": 2 },
        "end": { "line": 51, "column": 13 }
      },
      "6": {
        "start": { "line": 17, "column": 18 },
        "end": { "line": 17, "column": 22 }
      },
      "7": {
        "start": { "line": 18, "column": 16 },
        "end": { "line": 46, "column": 5 }
      },
      "8": {
        "start": { "line": 19, "column": 6 },
        "end": { "line": 23, "column": 7 }
      },
      "9": {
        "start": { "line": 20, "column": 8 },
        "end": { "line": 20, "column": 65 }
      },
      "10": {
        "start": { "line": 21, "column": 8 },
        "end": { "line": 21, "column": 27 }
      },
      "11": {
        "start": { "line": 22, "column": 8 },
        "end": { "line": 22, "column": 15 }
      },
      "12": {
        "start": { "line": 25, "column": 6 },
        "end": { "line": 25, "column": 63 }
      },
      "13": {
        "start": { "line": 26, "column": 6 },
        "end": { "line": 45, "column": 7 }
      },
      "14": {
        "start": { "line": 28, "column": 25 },
        "end": { "line": 28, "column": 65 }
      },
      "15": {
        "start": { "line": 29, "column": 8 },
        "end": { "line": 29, "column": 29 }
      },
      "16": {
        "start": { "line": 29, "column": 22 },
        "end": { "line": 29, "column": 29 }
      },
      "17": {
        "start": { "line": 31, "column": 25 },
        "end": { "line": 31, "column": 40 }
      },
      "18": {
        "start": { "line": 32, "column": 24 },
        "end": { "line": 32, "column": 40 }
      },
      "19": {
        "start": { "line": 33, "column": 31 },
        "end": { "line": 33, "column": 64 }
      },
      "20": {
        "start": { "line": 35, "column": 8 },
        "end": { "line": 35, "column": 62 }
      },
      "21": {
        "start": { "line": 36, "column": 8 },
        "end": { "line": 36, "column": 60 }
      },
      "22": {
        "start": { "line": 37, "column": 8 },
        "end": { "line": 37, "column": 74 }
      },
      "23": {
        "start": { "line": 39, "column": 8 },
        "end": { "line": 39, "column": 28 }
      },
      "24": {
        "start": { "line": 40, "column": 8 },
        "end": { "line": 40, "column": 42 }
      },
      "25": {
        "start": { "line": 41, "column": 8 },
        "end": { "line": 41, "column": 27 }
      },
      "26": {
        "start": { "line": 43, "column": 8 },
        "end": { "line": 43, "column": 78 }
      },
      "27": {
        "start": { "line": 44, "column": 8 },
        "end": { "line": 44, "column": 27 }
      },
      "28": {
        "start": { "line": 47, "column": 4 },
        "end": { "line": 47, "column": 10 }
      },
      "29": {
        "start": { "line": 48, "column": 4 },
        "end": { "line": 50, "column": 6 }
      },
      "30": {
        "start": { "line": 49, "column": 6 },
        "end": { "line": 49, "column": 22 }
      },
      "31": {
        "start": { "line": 54, "column": 2 },
        "end": { "line": 57, "column": 3 }
      },
      "32": {
        "start": { "line": 55, "column": 4 },
        "end": { "line": 55, "column": 67 }
      },
      "33": {
        "start": { "line": 56, "column": 4 },
        "end": { "line": 56, "column": 45 }
      },
      "34": {
        "start": { "line": 60, "column": 2 },
        "end": { "line": 67, "column": 3 }
      },
      "35": {
        "start": { "line": 61, "column": 4 },
        "end": { "line": 61, "column": 69 }
      },
      "36": {
        "start": { "line": 62, "column": 4 },
        "end": { "line": 66, "column": 6 }
      },
      "37": {
        "start": { "line": 70, "column": 2 },
        "end": { "line": 73, "column": 3 }
      },
      "38": {
        "start": { "line": 71, "column": 4 },
        "end": { "line": 71, "column": 80 }
      },
      "39": {
        "start": { "line": 72, "column": 4 },
        "end": { "line": 72, "column": 57 }
      },
      "40": {
        "start": { "line": 76, "column": 2 },
        "end": { "line": 82, "column": 3 }
      },
      "41": {
        "start": { "line": 77, "column": 23 },
        "end": { "line": 79, "column": 35 }
      },
      "42": {
        "start": { "line": 80, "column": 4 },
        "end": { "line": 80, "column": 86 }
      },
      "43": {
        "start": { "line": 81, "column": 4 },
        "end": { "line": 81, "column": 42 }
      },
      "44": {
        "start": { "line": 85, "column": 2 },
        "end": { "line": 85, "column": 75 }
      },
      "45": {
        "start": { "line": 86, "column": 2 },
        "end": { "line": 86, "column": 36 }
      }
    },
    "fnMap": {
      "0": {
        "name": "OnboardingIndex",
        "decl": {
          "start": { "line": 8, "column": 24 },
          "end": { "line": 8, "column": 39 }
        },
        "loc": {
          "start": { "line": 8, "column": 42 },
          "end": { "line": 87, "column": 1 }
        },
        "line": 8
      },
      "1": {
        "name": "(anonymous_1)",
        "decl": {
          "start": { "line": 16, "column": 12 },
          "end": { "line": 16, "column": 13 }
        },
        "loc": {
          "start": { "line": 16, "column": 18 },
          "end": { "line": 51, "column": 3 }
        },
        "line": 16
      },
      "2": {
        "name": "(anonymous_2)",
        "decl": {
          "start": { "line": 18, "column": 16 },
          "end": { "line": 18, "column": 17 }
        },
        "loc": {
          "start": { "line": 18, "column": 28 },
          "end": { "line": 46, "column": 5 }
        },
        "line": 18
      },
      "3": {
        "name": "(anonymous_3)",
        "decl": {
          "start": { "line": 48, "column": 11 },
          "end": { "line": 48, "column": 12 }
        },
        "loc": {
          "start": { "line": 48, "column": 17 },
          "end": { "line": 50, "column": 5 }
        },
        "line": 48
      }
    },
    "branchMap": {
      "0": {
        "loc": {
          "start": { "line": 19, "column": 6 },
          "end": { "line": 23, "column": 7 }
        },
        "type": "if",
        "locations": [
          {
            "start": { "line": 19, "column": 6 },
            "end": { "line": 23, "column": 7 }
          },
          { "start": {}, "end": {} }
        ],
        "line": 19
      },
      "1": {
        "loc": {
          "start": { "line": 29, "column": 8 },
          "end": { "line": 29, "column": 29 }
        },
        "type": "if",
        "locations": [
          {
            "start": { "line": 29, "column": 8 },
            "end": { "line": 29, "column": 29 }
          },
          { "start": {}, "end": {} }
        ],
        "line": 29
      },
      "2": {
        "loc": {
          "start": { "line": 54, "column": 2 },
          "end": { "line": 57, "column": 3 }
        },
        "type": "if",
        "locations": [
          {
            "start": { "line": 54, "column": 2 },
            "end": { "line": 57, "column": 3 }
          },
          { "start": {}, "end": {} }
        ],
        "line": 54
      },
      "3": {
        "loc": {
          "start": { "line": 60, "column": 2 },
          "end": { "line": 67, "column": 3 }
        },
        "type": "if",
        "locations": [
          {
            "start": { "line": 60, "column": 2 },
            "end": { "line": 67, "column": 3 }
          },
          { "start": {}, "end": {} }
        ],
        "line": 60
      },
      "4": {
        "loc": {
          "start": { "line": 70, "column": 2 },
          "end": { "line": 73, "column": 3 }
        },
        "type": "if",
        "locations": [
          {
            "start": { "line": 70, "column": 2 },
            "end": { "line": 73, "column": 3 }
          },
          { "start": {}, "end": {} }
        ],
        "line": 70
      },
      "5": {
        "loc": {
          "start": { "line": 76, "column": 2 },
          "end": { "line": 82, "column": 3 }
        },
        "type": "if",
        "locations": [
          {
            "start": { "line": 76, "column": 2 },
            "end": { "line": 82, "column": 3 }
          },
          { "start": {}, "end": {} }
        ],
        "line": 76
      },
      "6": {
        "loc": {
          "start": { "line": 77, "column": 23 },
          "end": { "line": 79, "column": 35 }
        },
        "type": "cond-expr",
        "locations": [
          {
            "start": { "line": 78, "column": 8 },
            "end": { "line": 78, "column": 31 }
          },
          {
            "start": { "line": 79, "column": 8 },
            "end": { "line": 79, "column": 35 }
          }
        ],
        "line": 77
      }
    },
    "s": {
      "0": 0,
      "1": 0,
      "2": 0,
      "3": 0,
      "4": 0,
      "5": 0,
      "6": 0,
      "7": 0,
      "8": 0,
      "9": 0,
      "10": 0,
      "11": 0,
      "12": 0,
      "13": 0,
      "14": 0,
      "15": 0,
      "16": 0,
      "17": 0,
      "18": 0,
      "19": 0,
      "20": 0,
      "21": 0,
      "22": 0,
      "23": 0,
      "24": 0,
      "25": 0,
      "26": 0,
      "27": 0,
      "28": 0,
      "29": 0,
      "30": 0,
      "31": 0,
      "32": 0,
      "33": 0,
      "34": 0,
      "35": 0,
      "36": 0,
      "37": 0,
      "38": 0,
      "39": 0,
      "40": 0,
      "41": 0,
      "42": 0,
      "43": 0,
      "44": 0,
      "45": 0
    },
    "f": { "0": 0, "1": 0, "2": 0, "3": 0 },
    "b": {
      "0": [0, 0],
      "1": [0, 0],
      "2": [0, 0],
      "3": [0, 0],
      "4": [0, 0],
      "5": [0, 0],
      "6": [0, 0]
    }
  },
  "/Users/kamoi/tsunagite/app/(onboarding)/org-profile.tsx": {
    "path": "/Users/kamoi/tsunagite/app/(onboarding)/org-profile.tsx",
    "statementMap": {
      "0": {
        "start": { "line": 9, "column": 18 },
        "end": { "line": 9, "column": 72 }
      },
      "1": {
        "start": { "line": 10, "column": 24 },
        "end": { "line": 15, "column": 1 }
      },
      "2": {
        "start": { "line": 17, "column": 17 },
        "end": { "line": 17, "column": 72 }
      },
      "3": {
        "start": { "line": 18, "column": 24 },
        "end": { "line": 18, "column": 73 }
      },
      "4": {
        "start": { "line": 21, "column": 17 },
        "end": { "line": 21, "column": 28 }
      },
      "5": {
        "start": { "line": 22, "column": 26 },
        "end": { "line": 22, "column": 52 }
      },
      "6": {
        "start": { "line": 23, "column": 50 },
        "end": { "line": 23, "column": 65 }
      },
      "7": {
        "start": { "line": 26, "column": 50 },
        "end": { "line": 26, "column": 62 }
      },
      "8": {
        "start": { "line": 27, "column": 50 },
        "end": { "line": 27, "column": 80 }
      },
      "9": {
        "start": { "line": 28, "column": 42 },
        "end": { "line": 28, "column": 54 }
      },
      "10": {
        "start": { "line": 31, "column": 48 },
        "end": { "line": 31, "column": 60 }
      },
      "11": {
        "start": { "line": 32, "column": 38 },
        "end": { "line": 32, "column": 50 }
      },
      "12": {
        "start": { "line": 33, "column": 42 },
        "end": { "line": 33, "column": 54 }
      },
      "13": {
        "start": { "line": 34, "column": 24 },
        "end": { "line": 34, "column": 36 }
      },
      "14": {
        "start": { "line": 37, "column": 26 },
        "end": { "line": 37, "column": 38 }
      },
      "15": {
        "start": { "line": 38, "column": 26 },
        "end": { "line": 38, "column": 38 }
      },
      "16": {
        "start": { "line": 39, "column": 34 },
        "end": { "line": 39, "column": 56 }
      },
      "17": {
        "start": { "line": 40, "column": 46 },
        "end": { "line": 40, "column": 68 }
      },
      "18": {
        "start": { "line": 42, "column": 19 },
        "end": { "line": 42, "column": 81 }
      },
      "19": {
        "start": { "line": 42, "column": 34 },
        "end": { "line": 42, "column": 71 }
      },
      "20": {
        "start": { "line": 43, "column": 17 },
        "end": { "line": 43, "column": 105 }
      },
      "21": {
        "start": { "line": 43, "column": 48 },
        "end": { "line": 43, "column": 104 }
      },
      "22": {
        "start": { "line": 43, "column": 82 },
        "end": { "line": 43, "column": 89 }
      },
      "23": {
        "start": { "line": 45, "column": 26 },
        "end": { "line": 47, "column": 3 }
      },
      "24": {
        "start": { "line": 46, "column": 4 },
        "end": { "line": 46, "column": 34 }
      },
      "25": {
        "start": { "line": 49, "column": 19 },
        "end": { "line": 49, "column": 87 }
      },
      "26": {
        "start": { "line": 50, "column": 19 },
        "end": { "line": 50, "column": 67 }
      },
      "27": {
        "start": { "line": 52, "column": 19 },
        "end": { "line": 96, "column": 3 }
      },
      "28": {
        "start": { "line": 53, "column": 16 },
        "end": { "line": 53, "column": 37 }
      },
      "29": {
        "start": { "line": 54, "column": 4 },
        "end": { "line": 57, "column": 5 }
      },
      "30": {
        "start": { "line": 55, "column": 6 },
        "end": { "line": 55, "column": 31 }
      },
      "31": {
        "start": { "line": 56, "column": 6 },
        "end": { "line": 56, "column": 13 }
      },
      "32": {
        "start": { "line": 59, "column": 4 },
        "end": { "line": 95, "column": 5 }
      },
      "33": {
        "start": { "line": 60, "column": 6 },
        "end": { "line": 60, "column": 43 }
      },
      "34": {
        "start": { "line": 63, "column": 6 },
        "end": { "line": 82, "column": 26 }
      },
      "35": {
        "start": { "line": 85, "column": 6 },
        "end": { "line": 88, "column": 26 }
      },
      "36": {
        "start": { "line": 90, "column": 6 },
        "end": { "line": 90, "column": 37 }
      },
      "37": {
        "start": { "line": 91, "column": 6 },
        "end": { "line": 91, "column": 31 }
      },
      "38": {
        "start": { "line": 93, "column": 6 },
        "end": { "line": 93, "column": 52 }
      },
      "39": {
        "start": { "line": 94, "column": 6 },
        "end": { "line": 94, "column": 56 }
      },
      "40": {
        "start": { "line": 98, "column": 2 },
        "end": { "line": 296, "column": 4 }
      },
      "41": {
        "start": { "line": 123, "column": 31 },
        "end": { "line": 123, "column": 56 }
      },
      "42": {
        "start": { "line": 152, "column": 57 },
        "end": { "line": 152, "column": 67 }
      },
      "43": {
        "start": { "line": 206, "column": 40 },
        "end": { "line": 206, "column": 50 }
      },
      "44": {
        "start": { "line": 207, "column": 38 },
        "end": { "line": 207, "column": 48 }
      },
      "45": {
        "start": { "line": 222, "column": 76 },
        "end": { "line": 222, "column": 108 }
      },
      "46": {
        "start": { "line": 226, "column": 89 },
        "end": { "line": 226, "column": 133 }
      },
      "47": {
        "start": { "line": 230, "column": 40 },
        "end": { "line": 230, "column": 50 }
      },
      "48": {
        "start": { "line": 231, "column": 59 },
        "end": { "line": 231, "column": 69 }
      },
      "49": {
        "start": { "line": 249, "column": 40 },
        "end": { "line": 249, "column": 50 }
      },
      "50": {
        "start": { "line": 261, "column": 30 },
        "end": { "line": 261, "column": 56 }
      },
      "51": {
        "start": { "line": 267, "column": 14 },
        "end": { "line": 284, "column": 33 }
      },
      "52": {
        "start": { "line": 270, "column": 18 },
        "end": { "line": 270, "column": 44 }
      },
      "53": {
        "start": { "line": 271, "column": 18 },
        "end": { "line": 271, "column": 45 }
      },
      "54": {
        "start": { "line": 287, "column": 29 },
        "end": { "line": 287, "column": 55 }
      },
      "55": {
        "start": { "line": 299, "column": 14 },
        "end": { "line": 304, "column": 1 }
      },
      "56": {
        "start": { "line": 300, "column": 2 },
        "end": { "line": 303, "column": 9 }
      },
      "57": {
        "start": { "line": 306, "column": 12 },
        "end": { "line": 308, "column": 1 }
      },
      "58": {
        "start": { "line": 307, "column": 2 },
        "end": { "line": 307, "column": 66 }
      },
      "59": {
        "start": { "line": 310, "column": 16 },
        "end": { "line": 313, "column": 1 }
      },
      "60": {
        "start": { "line": 311, "column": 2 },
        "end": { "line": 312, "column": 118 }
      },
      "61": {
        "start": { "line": 315, "column": 16 },
        "end": { "line": 324, "column": 1 }
      },
      "62": {
        "start": { "line": 316, "column": 2 },
        "end": { "line": 323, "column": 21 }
      },
      "63": {
        "start": { "line": 326, "column": 18 },
        "end": { "line": 331, "column": 1 }
      },
      "64": {
        "start": { "line": 327, "column": 2 },
        "end": { "line": 330, "column": 21 }
      },
      "65": {
        "start": { "line": 333, "column": 16 },
        "end": { "line": 338, "column": 1 }
      },
      "66": {
        "start": { "line": 334, "column": 2 },
        "end": { "line": 337, "column": 9 }
      }
    },
    "fnMap": {
      "0": {
        "name": "OrgProfileScreen",
        "decl": {
          "start": { "line": 20, "column": 24 },
          "end": { "line": 20, "column": 40 }
        },
        "loc": {
          "start": { "line": 20, "column": 43 },
          "end": { "line": 297, "column": 1 }
        },
        "line": 20
      },
      "1": {
        "name": "(anonymous_1)",
        "decl": {
          "start": { "line": 42, "column": 27 },
          "end": { "line": 42, "column": 28 }
        },
        "loc": {
          "start": { "line": 42, "column": 34 },
          "end": { "line": 42, "column": 71 }
        },
        "line": 42
      },
      "2": {
        "name": "(anonymous_2)",
        "decl": {
          "start": { "line": 43, "column": 17 },
          "end": { "line": 43, "column": 18 }
        },
        "loc": {
          "start": { "line": 43, "column": 48 },
          "end": { "line": 43, "column": 104 }
        },
        "line": 43
      },
      "3": {
        "name": "(anonymous_3)",
        "decl": {
          "start": { "line": 43, "column": 77 },
          "end": { "line": 43, "column": 78 }
        },
        "loc": {
          "start": { "line": 43, "column": 82 },
          "end": { "line": 43, "column": 89 }
        },
        "line": 43
      },
      "4": {
        "name": "(anonymous_4)",
        "decl": {
          "start": { "line": 45, "column": 26 },
          "end": { "line": 45, "column": 27 }
        },
        "loc": {
          "start": { "line": 45, "column": 46 },
          "end": { "line": 47, "column": 3 }
        },
        "line": 45
      },
      "5": {
        "name": "(anonymous_5)",
        "decl": {
          "start": { "line": 52, "column": 19 },
          "end": { "line": 52, "column": 20 }
        },
        "loc": {
          "start": { "line": 52, "column": 31 },
          "end": { "line": 96, "column": 3 }
        },
        "line": 52
      },
      "6": {
        "name": "(anonymous_6)",
        "decl": {
          "start": { "line": 123, "column": 25 },
          "end": { "line": 123, "column": 26 }
        },
        "loc": {
          "start": { "line": 123, "column": 31 },
          "end": { "line": 123, "column": 56 }
        },
        "line": 123
      },
      "7": {
        "name": "(anonymous_7)",
        "decl": {
          "start": { "line": 152, "column": 51 },
          "end": { "line": 152, "column": 52 }
        },
        "loc": {
          "start": { "line": 152, "column": 57 },
          "end": { "line": 152, "column": 67 }
        },
        "line": 152
      },
      "8": {
        "name": "(anonymous_8)",
        "decl": {
          "start": { "line": 206, "column": 34 },
          "end": { "line": 206, "column": 35 }
        },
        "loc": {
          "start": { "line": 206, "column": 40 },
          "end": { "line": 206, "column": 50 }
        },
        "line": 206
      },
      "9": {
        "name": "(anonymous_9)",
        "decl": {
          "start": { "line": 207, "column": 32 },
          "end": { "line": 207, "column": 33 }
        },
        "loc": {
          "start": { "line": 207, "column": 38 },
          "end": { "line": 207, "column": 48 }
        },
        "line": 207
      },
      "10": {
        "name": "(anonymous_10)",
        "decl": {
          "start": { "line": 222, "column": 69 },
          "end": { "line": 222, "column": 70 }
        },
        "loc": {
          "start": { "line": 222, "column": 76 },
          "end": { "line": 222, "column": 108 }
        },
        "line": 222
      },
      "11": {
        "name": "(anonymous_11)",
        "decl": {
          "start": { "line": 226, "column": 82 },
          "end": { "line": 226, "column": 83 }
        },
        "loc": {
          "start": { "line": 226, "column": 89 },
          "end": { "line": 226, "column": 133 }
        },
        "line": 226
      },
      "12": {
        "name": "(anonymous_12)",
        "decl": {
          "start": { "line": 230, "column": 34 },
          "end": { "line": 230, "column": 35 }
        },
        "loc": {
          "start": { "line": 230, "column": 40 },
          "end": { "line": 230, "column": 50 }
        },
        "line": 230
      },
      "13": {
        "name": "(anonymous_13)",
        "decl": {
          "start": { "line": 231, "column": 53 },
          "end": { "line": 231, "column": 54 }
        },
        "loc": {
          "start": { "line": 231, "column": 59 },
          "end": { "line": 231, "column": 69 }
        },
        "line": 231
      },
      "14": {
        "name": "(anonymous_14)",
        "decl": {
          "start": { "line": 249, "column": 34 },
          "end": { "line": 249, "column": 35 }
        },
        "loc": {
          "start": { "line": 249, "column": 40 },
          "end": { "line": 249, "column": 50 }
        },
        "line": 249
      },
      "15": {
        "name": "(anonymous_15)",
        "decl": {
          "start": { "line": 261, "column": 24 },
          "end": { "line": 261, "column": 25 }
        },
        "loc": {
          "start": { "line": 261, "column": 30 },
          "end": { "line": 261, "column": 56 }
        },
        "line": 261
      },
      "16": {
        "name": "(anonymous_16)",
        "decl": {
          "start": { "line": 266, "column": 27 },
          "end": { "line": 266, "column": 28 }
        },
        "loc": {
          "start": { "line": 267, "column": 14 },
          "end": { "line": 284, "column": 33 }
        },
        "line": 267
      },
      "17": {
        "name": "(anonymous_17)",
        "decl": {
          "start": { "line": 269, "column": 25 },
          "end": { "line": 269, "column": 26 }
        },
        "loc": {
          "start": { "line": 269, "column": 31 },
          "end": { "line": 272, "column": 17 }
        },
        "line": 269
      },
      "18": {
        "name": "(anonymous_18)",
        "decl": {
          "start": { "line": 287, "column": 23 },
          "end": { "line": 287, "column": 24 }
        },
        "loc": {
          "start": { "line": 287, "column": 29 },
          "end": { "line": 287, "column": 55 }
        },
        "line": 287
      },
      "19": {
        "name": "(anonymous_19)",
        "decl": {
          "start": { "line": 299, "column": 14 },
          "end": { "line": 299, "column": 15 }
        },
        "loc": {
          "start": { "line": 300, "column": 2 },
          "end": { "line": 303, "column": 9 }
        },
        "line": 300
      },
      "20": {
        "name": "(anonymous_20)",
        "decl": {
          "start": { "line": 306, "column": 12 },
          "end": { "line": 306, "column": 13 }
        },
        "loc": {
          "start": { "line": 307, "column": 2 },
          "end": { "line": 307, "column": 66 }
        },
        "line": 307
      },
      "21": {
        "name": "(anonymous_21)",
        "decl": {
          "start": { "line": 310, "column": 16 },
          "end": { "line": 310, "column": 17 }
        },
        "loc": {
          "start": { "line": 311, "column": 2 },
          "end": { "line": 312, "column": 118 }
        },
        "line": 311
      },
      "22": {
        "name": "(anonymous_22)",
        "decl": {
          "start": { "line": 315, "column": 16 },
          "end": { "line": 315, "column": 17 }
        },
        "loc": {
          "start": { "line": 316, "column": 2 },
          "end": { "line": 323, "column": 21 }
        },
        "line": 316
      },
      "23": {
        "name": "(anonymous_23)",
        "decl": {
          "start": { "line": 326, "column": 18 },
          "end": { "line": 326, "column": 19 }
        },
        "loc": {
          "start": { "line": 327, "column": 2 },
          "end": { "line": 330, "column": 21 }
        },
        "line": 327
      },
      "24": {
        "name": "(anonymous_24)",
        "decl": {
          "start": { "line": 333, "column": 16 },
          "end": { "line": 333, "column": 17 }
        },
        "loc": {
          "start": { "line": 334, "column": 2 },
          "end": { "line": 337, "column": 9 }
        },
        "line": 334
      }
    },
    "branchMap": {
      "0": {
        "loc": {
          "start": { "line": 43, "column": 48 },
          "end": { "line": 43, "column": 104 }
        },
        "type": "cond-expr",
        "locations": [
          {
            "start": { "line": 43, "column": 66 },
            "end": { "line": 43, "column": 90 }
          },
          {
            "start": { "line": 43, "column": 93 },
            "end": { "line": 43, "column": 104 }
          }
        ],
        "line": 43
      },
      "1": {
        "loc": {
          "start": { "line": 49, "column": 19 },
          "end": { "line": 49, "column": 87 }
        },
        "type": "binary-expr",
        "locations": [
          {
            "start": { "line": 49, "column": 19 },
            "end": { "line": 49, "column": 53 }
          },
          {
            "start": { "line": 49, "column": 57 },
            "end": { "line": 49, "column": 87 }
          }
        ],
        "line": 49
      },
      "2": {
        "loc": {
          "start": { "line": 50, "column": 19 },
          "end": { "line": 50, "column": 67 }
        },
        "type": "binary-expr",
        "locations": [
          {
            "start": { "line": 50, "column": 19 },
            "end": { "line": 50, "column": 41 }
          },
          {
            "start": { "line": 50, "column": 45 },
            "end": { "line": 50, "column": 67 }
          }
        ],
        "line": 50
      },
      "3": {
        "loc": {
          "start": { "line": 54, "column": 4 },
          "end": { "line": 57, "column": 5 }
        },
        "type": "if",
        "locations": [
          {
            "start": { "line": 54, "column": 4 },
            "end": { "line": 57, "column": 5 }
          },
          { "start": {}, "end": {} }
        ],
        "line": 54
      },
      "4": {
        "loc": {
          "start": { "line": 72, "column": 27 },
          "end": { "line": 72, "column": 80 }
        },
        "type": "cond-expr",
        "locations": [
          {
            "start": { "line": 72, "column": 45 },
            "end": { "line": 72, "column": 68 }
          },
          {
            "start": { "line": 72, "column": 71 },
            "end": { "line": 72, "column": 80 }
          }
        ],
        "line": 72
      },
      "5": {
        "loc": {
          "start": { "line": 73, "column": 22 },
          "end": { "line": 73, "column": 45 }
        },
        "type": "binary-expr",
        "locations": [
          {
            "start": { "line": 73, "column": 22 },
            "end": { "line": 73, "column": 32 }
          },
          {
            "start": { "line": 73, "column": 36 },
            "end": { "line": 73, "column": 45 }
          }
        ],
        "line": 73
      },
      "6": {
        "loc": {
          "start": { "line": 75, "column": 24 },
          "end": { "line": 75, "column": 49 }
        },
        "type": "binary-expr",
        "locations": [
          {
            "start": { "line": 75, "column": 24 },
            "end": { "line": 75, "column": 36 }
          },
          {
            "start": { "line": 75, "column": 40 },
            "end": { "line": 75, "column": 49 }
          }
        ],
        "line": 75
      },
      "7": {
        "loc": {
          "start": { "line": 94, "column": 38 },
          "end": { "line": 94, "column": 53 }
        },
        "type": "binary-expr",
        "locations": [
          {
            "start": { "line": 94, "column": 38 },
            "end": { "line": 94, "column": 48 }
          },
          {
            "start": { "line": 94, "column": 52 },
            "end": { "line": 94, "column": 53 }
          }
        ],
        "line": 94
      },
      "8": {
        "loc": {
          "start": { "line": 109, "column": 11 },
          "end": { "line": 109, "column": 37 }
        },
        "type": "binary-expr",
        "locations": [
          {
            "start": { "line": 109, "column": 11 },
            "end": { "line": 109, "column": 21 }
          },
          {
            "start": { "line": 109, "column": 25 },
            "end": { "line": 109, "column": 37 }
          }
        ],
        "line": 109
      },
      "9": {
        "loc": {
          "start": { "line": 110, "column": 11 },
          "end": { "line": 110, "column": 37 }
        },
        "type": "binary-expr",
        "locations": [
          {
            "start": { "line": 110, "column": 11 },
            "end": { "line": 110, "column": 21 }
          },
          {
            "start": { "line": 110, "column": 25 },
            "end": { "line": 110, "column": 37 }
          }
        ],
        "line": 110
      },
      "10": {
        "loc": {
          "start": { "line": 111, "column": 11 },
          "end": { "line": 111, "column": 41 }
        },
        "type": "binary-expr",
        "locations": [
          {
            "start": { "line": 111, "column": 11 },
            "end": { "line": 111, "column": 21 }
          },
          {
            "start": { "line": 111, "column": 25 },
            "end": { "line": 111, "column": 41 }
          }
        ],
        "line": 111
      },
      "11": {
        "loc": {
          "start": { "line": 112, "column": 11 },
          "end": { "line": 112, "column": 29 }
        },
        "type": "binary-expr",
        "locations": [
          {
            "start": { "line": 112, "column": 11 },
            "end": { "line": 112, "column": 21 }
          },
          {
            "start": { "line": 112, "column": 25 },
            "end": { "line": 112, "column": 29 }
          }
        ],
        "line": 112
      },
      "12": {
        "loc": {
          "start": { "line": 115, "column": 9 },
          "end": { "line": 154, "column": 9 }
        },
        "type": "binary-expr",
        "locations": [
          {
            "start": { "line": 115, "column": 9 },
            "end": { "line": 115, "column": 19 }
          },
          {
            "start": { "line": 116, "column": 10 },
            "end": { "line": 153, "column": 17 }
          }
        ],
        "line": 115
      },
      "13": {
        "loc": {
          "start": { "line": 156, "column": 9 },
          "end": { "line": 210, "column": 9 }
        },
        "type": "binary-expr",
        "locations": [
          {
            "start": { "line": 156, "column": 9 },
            "end": { "line": 156, "column": 19 }
          },
          {
            "start": { "line": 157, "column": 10 },
            "end": { "line": 209, "column": 17 }
          }
        ],
        "line": 156
      },
      "14": {
        "loc": {
          "start": { "line": 212, "column": 9 },
          "end": { "line": 234, "column": 9 }
        },
        "type": "binary-expr",
        "locations": [
          {
            "start": { "line": 212, "column": 9 },
            "end": { "line": 212, "column": 19 }
          },
          {
            "start": { "line": 213, "column": 10 },
            "end": { "line": 233, "column": 17 }
          }
        ],
        "line": 212
      },
      "15": {
        "loc": {
          "start": { "line": 236, "column": 9 },
          "end": { "line": 253, "column": 9 }
        },
        "type": "binary-expr",
        "locations": [
          {
            "start": { "line": 236, "column": 9 },
            "end": { "line": 236, "column": 19 }
          },
          {
            "start": { "line": 237, "column": 10 },
            "end": { "line": 252, "column": 17 }
          }
        ],
        "line": 236
      },
      "16": {
        "loc": {
          "start": { "line": 241, "column": 40 },
          "end": { "line": 241, "column": 62 }
        },
        "type": "binary-expr",
        "locations": [
          {
            "start": { "line": 241, "column": 40 },
            "end": { "line": 241, "column": 55 }
          },
          {
            "start": { "line": 241, "column": 59 },
            "end": { "line": 241, "column": 62 }
          }
        ],
        "line": 241
      },
      "17": {
        "loc": {
          "start": { "line": 242, "column": 43 },
          "end": { "line": 242, "column": 60 }
        },
        "type": "binary-expr",
        "locations": [
          {
            "start": { "line": 242, "column": 43 },
            "end": { "line": 242, "column": 53 }
          },
          {
            "start": { "line": 242, "column": 57 },
            "end": { "line": 242, "column": 60 }
          }
        ],
        "line": 242
      },
      "18": {
        "loc": {
          "start": { "line": 243, "column": 41 },
          "end": { "line": 243, "column": 60 }
        },
        "type": "binary-expr",
        "locations": [
          {
            "start": { "line": 243, "column": 41 },
            "end": { "line": 243, "column": 53 }
          },
          {
            "start": { "line": 243, "column": 57 },
            "end": { "line": 243, "column": 60 }
          }
        ],
        "line": 243
      },
      "19": {
        "loc": {
          "start": { "line": 245, "column": 43 },
          "end": { "line": 245, "column": 68 }
        },
        "type": "binary-expr",
        "locations": [
          {
            "start": { "line": 245, "column": 43 },
            "end": { "line": 245, "column": 61 }
          },
          {
            "start": { "line": 245, "column": 65 },
            "end": { "line": 245, "column": 68 }
          }
        ],
        "line": 245
      },
      "20": {
        "loc": {
          "start": { "line": 246, "column": 40 },
          "end": { "line": 246, "column": 71 }
        },
        "type": "binary-expr",
        "locations": [
          {
            "start": { "line": 246, "column": 40 },
            "end": { "line": 246, "column": 64 }
          },
          {
            "start": { "line": 246, "column": 68 },
            "end": { "line": 246, "column": 71 }
          }
        ],
        "line": 246
      },
      "21": {
        "loc": {
          "start": { "line": 278, "column": 35 },
          "end": { "line": 278, "column": 81 }
        },
        "type": "cond-expr",
        "locations": [
          {
[...]
      "0": {
        "start": { "line": 14, "column": 22 },
        "end": { "line": 14, "column": 25 }
      },
      "1": {
        "start": { "line": 26, "column": 22 },
        "end": { "line": 26, "column": 49 }
      },
      "2": {
        "start": { "line": 27, "column": 20 },
        "end": { "line": 27, "column": 57 }
      },
      "3": {
        "start": { "line": 28, "column": 23 },
        "end": { "line": 28, "column": 53 }
      },
      "4": {
        "start": { "line": 29, "column": 17 },
        "end": { "line": 29, "column": 39 }
      },
      "5": {
        "start": { "line": 30, "column": 30 },
        "end": { "line": 49, "column": 4 }
      },
      "6": {
        "start": { "line": 31, "column": 4 },
        "end": { "line": 48, "column": 6 }
      },
      "7": {
        "start": { "line": 51, "column": 2 },
        "end": { "line": 71, "column": 4 }
      },
      "8": {
        "start": { "line": 74, "column": 15 },
        "end": { "line": 88, "column": 2 }
      }
    },
    "fnMap": {
      "0": {
        "name": "ParallaxScrollView",
        "decl": {
          "start": { "line": 21, "column": 24 },
          "end": { "line": 21, "column": 42 }
        },
        "loc": {
          "start": { "line": 25, "column": 10 },
          "end": { "line": 72, "column": 1 }
        },
        "line": 25
      },
      "1": {
        "name": "(anonymous_1)",
        "decl": {
          "start": { "line": 30, "column": 47 },
          "end": { "line": 30, "column": 48 }
        },
        "loc": {
          "start": { "line": 30, "column": 53 },
          "end": { "line": 49, "column": 3 }
        },
        "line": 30
      }
    },
    "branchMap": {
      "0": {
        "loc": {
          "start": { "line": 26, "column": 22 },
          "end": { "line": 26, "column": 49 }
        },
        "type": "binary-expr",
        "locations": [
          {
            "start": { "line": 26, "column": 22 },
            "end": { "line": 26, "column": 38 }
          },
          {
            "start": { "line": 26, "column": 42 },
            "end": { "line": 26, "column": 49 }
          }
        ],
        "line": 26
      }
    },
    "s": {
      "0": 0,
      "1": 0,
      "2": 0,
      "3": 0,
      "4": 0,
      "5": 0,
      "6": 0,
      "7": 0,
      "8": 0
    },
    "f": { "0": 0, "1": 0 },
    "b": { "0": [0, 0] }
  },
  "/Users/kamoi/tsunagite/components/ThemedText.tsx": {
    "path": "/Users/kamoi/tsunagite/components/ThemedText.tsx",
    "statementMap": {
      "0": {
        "start": { "line": 18, "column": 16 },
        "end": { "line": 18, "column": 77 }
      },
      "1": {
        "start": { "line": 20, "column": 2 },
        "end": { "line": 33, "column": 4 }
      },
      "2": {
        "start": { "line": 36, "column": 15 },
        "end": { "line": 60, "column": 2 }
      }
    },
    "fnMap": {
      "0": {
        "name": "ThemedText",
        "decl": {
          "start": { "line": 11, "column": 16 },
          "end": { "line": 11, "column": 26 }
        },
        "loc": {
          "start": { "line": 17, "column": 20 },
          "end": { "line": 34, "column": 1 }
        },
        "line": 17
      }
    },
    "branchMap": {
      "0": {
        "loc": {
          "start": { "line": 15, "column": 2 },
          "end": { "line": 15, "column": 18 }
        },
        "type": "default-arg",
        "locations": [
          {
            "start": { "line": 15, "column": 9 },
            "end": { "line": 15, "column": 18 }
          }
        ],
        "line": 15
      },
      "1": {
        "loc": {
          "start": { "line": 24, "column": 8 },
          "end": { "line": 24, "column": 55 }
        },
        "type": "cond-expr",
        "locations": [
          {
            "start": { "line": 24, "column": 29 },
            "end": { "line": 24, "column": 43 }
          },
          {
            "start": { "line": 24, "column": 46 },
            "end": { "line": 24, "column": 55 }
          }
        ],
        "line": 24
      },
      "2": {
        "loc": {
          "start": { "line": 25, "column": 8 },
          "end": { "line": 25, "column": 51 }
        },
        "type": "cond-expr",
        "locations": [
          {
            "start": { "line": 25, "column": 27 },
            "end": { "line": 25, "column": 39 }
          },
          {
            "start": { "line": 25, "column": 42 },
            "end": { "line": 25, "column": 51 }
          }
        ],
        "line": 25
      },
      "3": {
        "loc": {
          "start": { "line": 26, "column": 8 },
          "end": { "line": 26, "column": 71 }
        },
        "type": "cond-expr",
        "locations": [
          {
            "start": { "line": 26, "column": 37 },
            "end": { "line": 26, "column": 59 }
          },
          {
            "start": { "line": 26, "column": 62 },
            "end": { "line": 26, "column": 71 }
          }
        ],
        "line": 26
      },
      "4": {
        "loc": {
          "start": { "line": 27, "column": 8 },
          "end": { "line": 27, "column": 57 }
        },
        "type": "cond-expr",
        "locations": [
          {
            "start": { "line": 27, "column": 30 },
            "end": { "line": 27, "column": 45 }
          },
          {
            "start": { "line": 27, "column": 48 },
            "end": { "line": 27, "column": 57 }
          }
        ],
        "line": 27
      },
      "5": {
        "loc": {
          "start": { "line": 28, "column": 8 },
          "end": { "line": 28, "column": 49 }
        },
        "type": "cond-expr",
        "locations": [
          {
            "start": { "line": 28, "column": 26 },
            "end": { "line": 28, "column": 37 }
          },
          {
            "start": { "line": 28, "column": 40 },
            "end": { "line": 28, "column": 49 }
          }
        ],
        "line": 28
      }
    },
    "s": { "0": 0, "1": 0, "2": 0 },
    "f": { "0": 0 },
    "b": {
      "0": [0],
      "1": [0, 0],
      "2": [0, 0],
      "3": [0, 0],
      "4": [0, 0],
      "5": [0, 0]
    }
  },
  "/Users/kamoi/tsunagite/components/ThemedView.tsx": {
    "path": "/Users/kamoi/tsunagite/components/ThemedView.tsx",
    "statementMap": {
      "0": {
        "start": { "line": 16, "column": 26 },
        "end": { "line": 19, "column": 3 }
      },
      "1": {
        "start": { "line": 21, "column": 2 },
        "end": { "line": 21, "column": 71 }
      }
    },
    "fnMap": {
      "0": {
        "name": "ThemedView",
        "decl": {
          "start": { "line": 10, "column": 16 },
          "end": { "line": 10, "column": 26 }
        },
        "loc": {
          "start": { "line": 15, "column": 20 },
          "end": { "line": 22, "column": 1 }
        },
        "line": 15
      }
    },
    "branchMap": {},
    "s": { "0": 0, "1": 0 },
    "f": { "0": 0 },
    "b": {}
  },
  "/Users/kamoi/tsunagite/components/ui/IconSymbol.ios.tsx": {
    "path": "/Users/kamoi/tsunagite/components/ui/IconSymbol.ios.tsx",
    "statementMap": {
      "0": {
        "start": { "line": 17, "column": 2 },
        "end": { "line": 31, "column": 4 }
      }
    },
    "fnMap": {
      "0": {
        "name": "IconSymbol",
        "decl": {
          "start": { "line": 4, "column": 16 },
          "end": { "line": 4, "column": 26 }
        },
        "loc": {
          "start": { "line": 16, "column": 3 },
          "end": { "line": 32, "column": 1 }
        },
        "line": 16
      }
    },
    "branchMap": {
      "0": {
        "loc": {
          "start": { "line": 6, "column": 2 },
          "end": { "line": 6, "column": 11 }
        },
        "type": "default-arg",
        "locations": [
          {
            "start": { "line": 6, "column": 9 },
            "end": { "line": 6, "column": 11 }
          }
        ],
        "line": 6
      },
      "1": {
        "loc": {
          "start": { "line": 9, "column": 2 },
          "end": { "line": 9, "column": 20 }
        },
        "type": "default-arg",
        "locations": [
          {
            "start": { "line": 9, "column": 11 },
            "end": { "line": 9, "column": 20 }
          }
        ],
        "line": 9
      }
    },
    "s": { "0": 0 },
    "f": { "0": 0 },
    "b": { "0": [0], "1": [0] }
  },
  "/Users/kamoi/tsunagite/components/ui/IconSymbol.tsx": {
    "path": "/Users/kamoi/tsunagite/components/ui/IconSymbol.tsx",
    "statementMap": {
      "0": {
        "start": { "line": 19, "column": 16 },
        "end": { "line": 24, "column": 16 }
      },
      "1": {
        "start": { "line": 43, "column": 2 },
        "end": { "line": 50, "column": 4 }
      }
    },
    "fnMap": {
      "0": {
        "name": "IconSymbol",
        "decl": {
          "start": { "line": 31, "column": 16 },
          "end": { "line": 31, "column": 26 }
        },
        "loc": {
          "start": { "line": 42, "column": 3 },
          "end": { "line": 51, "column": 1 }
        },
        "line": 42
      }
    },
    "branchMap": {
      "0": {
        "loc": {
          "start": { "line": 33, "column": 2 },
          "end": { "line": 33, "column": 11 }
        },
        "type": "default-arg",
        "locations": [
          {
            "start": { "line": 33, "column": 9 },
            "end": { "line": 33, "column": 11 }
          }
        ],
        "line": 33
      }
    },
    "s": { "0": 0, "1": 0 },
    "f": { "0": 0 },
    "b": { "0": [0] }
  },
  "/Users/kamoi/tsunagite/components/ui/TabBarBackground.ios.tsx": {
    "path": "/Users/kamoi/tsunagite/components/ui/TabBarBackground.ios.tsx",
    "statementMap": {
      "0": {
        "start": { "line": 6, "column": 2 },
        "end": { "line": 14, "column": 4 }
      },
      "1": {
        "start": { "line": 18, "column": 2 },
        "end": { "line": 18, "column": 33 }
      }
    },
    "fnMap": {
      "0": {
        "name": "BlurTabBarBackground",
        "decl": {
          "start": { "line": 5, "column": 24 },
          "end": { "line": 5, "column": 44 }
        },
        "loc": {
          "start": { "line": 5, "column": 47 },
          "end": { "line": 15, "column": 1 }
        },
        "line": 5
      },
      "1": {
        "name": "useBottomTabOverflow",
        "decl": {
          "start": { "line": 17, "column": 16 },
          "end": { "line": 17, "column": 36 }
        },
        "loc": {
          "start": { "line": 17, "column": 39 },
          "end": { "line": 19, "column": 1 }
        },
        "line": 17
      }
    },
    "branchMap": {},
    "s": { "0": 0, "1": 0 },
    "f": { "0": 0, "1": 0 },
    "b": {}
  },
  "/Users/kamoi/tsunagite/components/ui/TabBarBackground.tsx": {
    "path": "/Users/kamoi/tsunagite/components/ui/TabBarBackground.tsx",
    "statementMap": {
      "0": {
        "start": { "line": 5, "column": 2 },
        "end": { "line": 5, "column": 11 }
      }
    },
    "fnMap": {
      "0": {
        "name": "useBottomTabOverflow",
        "decl": {
          "start": { "line": 4, "column": 16 },
          "end": { "line": 4, "column": 36 }
        },
        "loc": {
          "start": { "line": 4, "column": 39 },
          "end": { "line": 6, "column": 1 }
        },
        "line": 4
      }
    },
    "branchMap": {},
    "s": { "0": 0 },
    "f": { "0": 0 },
    "b": {}
  },
  "/Users/kamoi/tsunagite/constants/Colors.ts": {
    "path": "/Users/kamoi/tsunagite/constants/Colors.ts",
    "statementMap": {
      "0": {
        "start": { "line": 6, "column": 23 },
        "end": { "line": 6, "column": 32 }
      },
      "1": {
        "start": { "line": 7, "column": 22 },
        "end": { "line": 7, "column": 28 }
      },
      "2": {
        "start": { "line": 9, "column": 22 },
        "end": { "line": 26, "column": 1 }
      }
    },
    "fnMap": {},
    "branchMap": {},
    "s": { "0": 0, "1": 0, "2": 0 },
    "f": {},
    "b": {}
  },
  "/Users/kamoi/tsunagite/hooks/useColorScheme.ts": {
    "path": "/Users/kamoi/tsunagite/hooks/useColorScheme.ts",
    "statementMap": {},
    "fnMap": {},
    "branchMap": {},
    "s": {},
    "f": {},
    "b": {}
  },
  "/Users/kamoi/tsunagite/hooks/useColorScheme.web.ts": {
    "path": "/Users/kamoi/tsunagite/hooks/useColorScheme.web.ts",
    "statementMap": {
      "0": {
        "start": { "line": 8, "column": 40 },
        "end": { "line": 8, "column": 55 }
      },
      "1": {
        "start": { "line": 10, "column": 2 },
        "end": { "line": 12, "column": 9 }
      },
      "2": {
        "start": { "line": 11, "column": 4 },
        "end": { "line": 11, "column": 25 }
      },
      "3": {
        "start": { "line": 14, "column": 22 },
        "end": { "line": 14, "column": 40 }
      },
      "4": {
        "start": { "line": 16, "column": 2 },
        "end": { "line": 18, "column": 3 }
      },
      "5": {
        "start": { "line": 17, "column": 4 },
        "end": { "line": 17, "column": 23 }
      },
      "6": {
        "start": { "line": 20, "column": 2 },
        "end": { "line": 20, "column": 17 }
      }
    },
    "fnMap": {
      "0": {
        "name": "useColorScheme",
        "decl": {
          "start": { "line": 7, "column": 16 },
          "end": { "line": 7, "column": 30 }
        },
        "loc": {
          "start": { "line": 7, "column": 33 },
          "end": { "line": 21, "column": 1 }
        },
        "line": 7
      },
      "1": {
        "name": "(anonymous_1)",
        "decl": {
          "start": { "line": 10, "column": 12 },
          "end": { "line": 10, "column": 13 }
        },
        "loc": {
          "start": { "line": 10, "column": 18 },
          "end": { "line": 12, "column": 3 }
        },
        "line": 10
      }
    },
    "branchMap": {
      "0": {
        "loc": {
          "start": { "line": 16, "column": 2 },
          "end": { "line": 18, "column": 3 }
        },
        "type": "if",
        "locations": [
          {
            "start": { "line": 16, "column": 2 },
            "end": { "line": 18, "column": 3 }
          },
          { "start": {}, "end": {} }
        ],
        "line": 16
      }
    },
    "s": { "0": 0, "1": 0, "2": 0, "3": 0, "4": 0, "5": 0, "6": 0 },
    "f": { "0": 0, "1": 0 },
    "b": { "0": [0, 0] }
  },
  "/Users/kamoi/tsunagite/hooks/useThemeColor.ts": {
    "path": "/Users/kamoi/tsunagite/hooks/useThemeColor.ts",
    "statementMap": {
      "0": {
        "start": { "line": 13, "column": 16 },
        "end": { "line": 13, "column": 43 }
      },
      "1": {
        "start": { "line": 14, "column": 25 },
        "end": { "line": 14, "column": 37 }
      },
      "2": {
        "start": { "line": 16, "column": 2 },
        "end": { "line": 20, "column": 3 }
      },
      "3": {
        "start": { "line": 17, "column": 4 },
        "end": { "line": 17, "column": 26 }
      },
      "4": {
        "start": { "line": 19, "column": 4 },
        "end": { "line": 19, "column": 36 }
      }
    },
    "fnMap": {
      "0": {
        "name": "useThemeColor",
        "decl": {
          "start": { "line": 9, "column": 16 },
          "end": { "line": 9, "column": 29 }
        },
        "loc": {
          "start": { "line": 12, "column": 2 },
          "end": { "line": 21, "column": 1 }
        },
        "line": 12
      }
    },
    "branchMap": {
      "0": {
        "loc": {
          "start": { "line": 13, "column": 16 },
          "end": { "line": 13, "column": 43 }
        },
        "type": "binary-expr",
        "locations": [
          {
            "start": { "line": 13, "column": 16 },
            "end": { "line": 13, "column": 32 }
          },
          {
            "start": { "line": 13, "column": 36 },
            "end": { "line": 13, "column": 43 }
          }
        ],
        "line": 13
      },
      "1": {
        "loc": {
          "start": { "line": 16, "column": 2 },
          "end": { "line": 20, "column": 3 }
        },
        "type": "if",
        "locations": [
          {
            "start": { "line": 16, "column": 2 },
            "end": { "line": 20, "column": 3 }
          },
          {
            "start": { "line": 18, "column": 9 },
            "end": { "line": 20, "column": 3 }
          }
        ],
        "line": 16
      }
    },
    "s": { "0": 0, "1": 0, "2": 0, "3": 0, "4": 0 },
    "f": { "0": 0 },
    "b": { "0": [0, 0], "1": [0, 0] }
  },
  "/Users/kamoi/tsunagite/lib/firebase.ts": {
    "path": "/Users/kamoi/tsunagite/lib/firebase.ts",
    "statementMap": {
      "0": {
        "start": { "line": 7, "column": 23 },
        "end": { "line": 14, "column": 1 }
      },
      "1": {
        "start": { "line": 17, "column": 0 },
        "end": { "line": 27, "column": 3 }
      },
      "2": {
        "start": { "line": 25, "column": 11 },
        "end": { "line": 25, "column": 38 }
      },
      "3": {
        "start": { "line": 29, "column": 12 },
        "end": { "line": 29, "column": 71 }
      },
      "4": {
        "start": { "line": 33, "column": 0 },
        "end": { "line": 42, "column": 1 }
      },
      "5": {
        "start": { "line": 34, "column": 2 },
        "end": { "line": 34, "column": 23 }
      },
      "6": {
        "start": { "line": 36, "column": 2 },
        "end": { "line": 41, "column": 3 }
      },
      "7": {
        "start": { "line": 37, "column": 4 },
        "end": { "line": 37, "column": 32 }
      },
      "8": {
        "start": { "line": 40, "column": 4 },
        "end": { "line": 40, "column": 25 }
      },
      "9": {
        "start": { "line": 44, "column": 20 },
        "end": { "line": 44, "column": 25 }
      },
      "10": {
        "start": { "line": 45, "column": 18 },
        "end": { "line": 45, "column": 35 }
      }
    },
    "fnMap": {
      "0": {
        "name": "(anonymous_0)",
        "decl": {
          "start": { "line": 25, "column": 4 },
          "end": { "line": 25, "column": 5 }
        },
        "loc": {
          "start": { "line": 25, "column": 11 },
          "end": { "line": 25, "column": 38 }
        },
        "line": 25
      }
    },
    "branchMap": {
      "0": {
        "loc": {
          "start": { "line": 25, "column": 11 },
          "end": { "line": 25, "column": 38 }
        },
        "type": "binary-expr",
        "locations": [
          {
            "start": { "line": 25, "column": 11 },
            "end": { "line": 25, "column": 26 }
          },
          {
            "start": { "line": 25, "column": 30 },
            "end": { "line": 25, "column": 38 }
          }
        ],
        "line": 25
      },
      "1": {
        "loc": {
          "start": { "line": 29, "column": 12 },
          "end": { "line": 29, "column": 71 }
        },
        "type": "cond-expr",
        "locations": [
          {
            "start": { "line": 29, "column": 31 },
            "end": { "line": 29, "column": 39 }
          },
          {
            "start": { "line": 29, "column": 42 },
            "end": { "line": 29, "column": 71 }
          }
        ],
        "line": 29
      },
      "2": {
        "loc": {
          "start": { "line": 33, "column": 0 },
          "end": { "line": 42, "column": 1 }
        },
        "type": "if",
        "locations": [
          {
            "start": { "line": 33, "column": 0 },
            "end": { "line": 42, "column": 1 }
          },
          {
            "start": { "line": 35, "column": 7 },
            "end": { "line": 42, "column": 1 }
          }
        ],
        "line": 33
      }
    },
    "s": {
      "0": 0,
      "1": 0,
      "2": 0,
      "3": 0,
      "4": 0,
      "5": 0,
      "6": 0,
      "7": 0,
      "8": 0,
      "9": 0,
      "10": 0
    },
    "f": { "0": 0 },
    "b": { "0": [0, 0], "1": [0, 0], "2": [0, 0] }
  },
  "/Users/kamoi/tsunagite/lib/types.ts": {
    "path": "/Users/kamoi/tsunagite/lib/types.ts",
    "statementMap": {},
    "fnMap": {},
    "branchMap": {},
    "s": {},
    "f": {},
    "b": {}
  }
}
