TN:
SF:expo-env.d.ts
FNF:0
FNH:0
LF:0
LH:0
BRF:0
BRH:0
end_of_record
TN:
SF:.expo/types/router.d.ts
FNF:0
FNH:0
LF:0
LH:0
BRF:0
BRH:0
end_of_record
TN:
SF:app/+not-found.tsx
FN:7,NotFoundScreen
FNF:1
FNH:0
FNDA:0,NotFoundScreen
DA:8,0
DA:21,0
LF:2
LH:0
BRF:0
BRH:0
end_of_record
TN:
SF:app/_layout.tsx
FN:13,(anonymous_0)
FN:15,(anonymous_1)
FN:17,RootLayout
FN:21,(anonymous_3)
FN:41,(anonymous_4)
FN:48,(anonymous_5)
FN:49,(anonymous_6)
FN:59,(anonymous_7)
FNF:8
FNH:0
FNDA:0,(anonymous_0)
FNDA:0,(anonymous_1)
FNDA:0,RootLayout
FNDA:0,(anonymous_3)
FNDA:0,(anonymous_4)
FNDA:0,(anonymous_5)
FNDA:0,(anonymous_6)
FNDA:0,(anonymous_7)
DA:9,0
DA:15,0
DA:18,0
DA:19,0
DA:21,0
DA:22,0
DA:23,0
DA:24,0
DA:26,0
DA:33,0
DA:34,0
DA:36,0
DA:37,0
DA:41,0
DA:42,0
DA:43,0
DA:44,0
DA:48,0
DA:49,0
DA:50,0
DA:51,0
DA:52,0
DA:53,0
DA:56,0
DA:57,0
DA:59,0
DA:62,0
DA:63,0
DA:70,0
LF:29
LH:0
BRDA:24,0,0,0
BRDA:24,0,1,0
BRDA:29,1,0,0
BRDA:29,1,1,0
BRDA:43,2,0,0
BRDA:43,2,1,0
BRDA:50,3,0,0
BRDA:50,3,1,0
BRDA:62,4,0,0
BRDA:62,4,1,0
BRF:10
BRH:0
end_of_record
TN:
SF:app/index.tsx
FN:4,Index
FNF:1
FNH:0
FNDA:0,Index
DA:5,0
DA:7,0
DA:8,0
DA:11,0
DA:12,0
DA:15,0
DA:16,0
DA:19,0
LF:8
LH:0
BRDA:7,0,0,0
BRDA:7,0,1,0
BRDA:11,1,0,0
BRDA:11,1,1,0
BRDA:15,2,0,0
BRDA:15,2,1,0
BRF:6
BRH:0
end_of_record
TN:
SF:app/(app)/_layout.tsx
FN:4,AppLayout
FNF:1
FNH:0
FNDA:0,AppLayout
DA:5,0
DA:6,0
DA:7,0
DA:8,0
LF:4
LH:0
BRDA:6,0,0,0
BRDA:6,0,1,0
BRDA:7,1,0,0
BRDA:7,1,1,0
BRF:4
BRH:0
end_of_record
TN:
SF:app/(app)/create-event.tsx
FN:105,CreateEventScreen
FN:122,(anonymous_1)
FN:123,(anonymous_2)
FN:146,(anonymous_3)
FN:147,(anonymous_4)
FN:148,(anonymous_5)
FN:152,(anonymous_6)
FN:153,(anonymous_7)
FN:155,(anonymous_8)
FN:167,(anonymous_9)
FN:207,(anonymous_10)
FN:224,(anonymous_11)
FN:226,(anonymous_12)
FN:238,(anonymous_13)
FN:272,(anonymous_14)
FN:290,(anonymous_15)
FN:307,(anonymous_16)
FN:314,(anonymous_17)
FN:344,(anonymous_18)
FN:351,(anonymous_19)
FN:370,(anonymous_20)
FN:378,(anonymous_21)
FN:397,(anonymous_22)
FN:404,(anonymous_23)
FNF:24
FNH:0
FNDA:0,CreateEventScreen
FNDA:0,(anonymous_1)
FNDA:0,(anonymous_2)
FNDA:0,(anonymous_3)
FNDA:0,(anonymous_4)
FNDA:0,(anonymous_5)
FNDA:0,(anonymous_6)
FNDA:0,(anonymous_7)
FNDA:0,(anonymous_8)
FNDA:0,(anonymous_9)
FNDA:0,(anonymous_10)
FNDA:0,(anonymous_11)
FNDA:0,(anonymous_12)
FNDA:0,(anonymous_13)
FNDA:0,(anonymous_14)
FNDA:0,(anonymous_15)
FNDA:0,(anonymous_16)
FNDA:0,(anonymous_17)
FNDA:0,(anonymous_18)
FNDA:0,(anonymous_19)
FNDA:0,(anonymous_20)
FNDA:0,(anonymous_21)
FNDA:0,(anonymous_22)
FNDA:0,(anonymous_23)
DA:19,0
DA:69,0
DA:75,0
DA:77,0
DA:85,0
DA:106,0
DA:107,0
DA:108,0
DA:111,0
DA:112,0
DA:113,0
DA:114,0
DA:115,0
DA:116,0
DA:117,0
DA:118,0
DA:119,0
DA:120,0
DA:122,0
DA:123,0
DA:124,0
DA:125,0
DA:127,0
DA:128,0
DA:129,0
DA:130,0
DA:131,0
DA:133,0
DA:134,0
DA:135,0
DA:139,0
DA:143,0
DA:146,0
DA:147,0
DA:148,0
DA:152,0
DA:153,0
DA:154,0
DA:155,0
DA:161,0
DA:167,0
DA:168,0
DA:169,0
DA:170,0
DA:173,0
DA:174,0
DA:175,0
DA:176,0
DA:179,0
DA:180,0
DA:182,0
DA:202,0
DA:204,0
DA:207,0
DA:211,0
DA:212,0
DA:214,0
DA:218,0
DA:225,0
DA:226,0
DA:238,0
DA:272,0
DA:291,0
DA:292,0
DA:293,0
DA:308,0
DA:314,0
DA:345,0
DA:351,0
DA:371,0
DA:378,0
DA:398,0
DA:404,0
DA:455,0
LF:74
LH:0
BRDA:125,0,0,0
BRDA:125,0,1,0
BRDA:129,1,0,0
BRDA:129,1,1,0
BRDA:133,2,0,0
BRDA:133,2,1,0
BRDA:148,3,0,0
BRDA:148,3,1,0
BRDA:154,4,0,0
BRDA:154,4,1,0
BRDA:161,5,0,0
BRDA:161,5,1,0
BRDA:161,5,2,0
BRDA:161,5,3,0
BRDA:161,5,4,0
BRDA:168,6,0,0
BRDA:168,6,1,0
BRDA:174,7,0,0
BRDA:174,7,1,0
BRDA:174,8,0,0
BRDA:174,8,1,0
BRDA:185,9,0,0
BRDA:185,9,1,0
BRDA:186,10,0,0
BRDA:186,10,1,0
BRDA:285,11,0,0
BRDA:285,11,1,0
BRDA:292,12,0,0
BRDA:292,12,1,0
BRDA:312,13,0,0
BRDA:312,13,1,0
BRDA:319,14,0,0
BRDA:319,14,1,0
BRDA:349,15,0,0
BRDA:349,15,1,0
BRDA:356,16,0,0
BRDA:356,16,1,0
BRDA:375,17,0,0
BRDA:375,17,1,0
BRDA:383,18,0,0
BRDA:383,18,1,0
BRDA:402,19,0,0
BRDA:402,19,1,0
BRDA:409,20,0,0
BRDA:409,20,1,0
BRDA:431,21,0,0
BRDA:431,21,1,0
BRDA:431,21,2,0
BRDA:440,22,0,0
BRDA:440,22,1,0
BRDA:440,22,2,0
BRDA:443,23,0,0
BRDA:443,23,1,0
BRDA:446,24,0,0
BRDA:446,24,1,0
BRF:55
BRH:0
end_of_record
TN:
SF:app/(app)/index.tsx
FN:14,Home
FN:19,(anonymous_1)
FN:20,(anonymous_2)
FNF:3
FNH:0
FNDA:0,Home
FNDA:0,(anonymous_1)
FNDA:0,(anonymous_2)
DA:15,0
DA:16,0
DA:17,0
DA:19,0
DA:20,0
DA:21,0
DA:23,0
DA:24,0
DA:25,0
DA:26,0
DA:27,0
DA:28,0
DA:30,0
DA:33,0
DA:35,0
DA:39,0
DA:42,0
DA:43,0
DA:46,0
DA:47,0
DA:51,0
DA:53,0
DA:55,0
DA:57,0
LF:24
LH:0
BRDA:21,0,0,0
BRDA:21,0,1,0
BRDA:25,1,0,0
BRDA:25,1,1,0
BRDA:42,2,0,0
BRDA:42,2,1,0
BRDA:46,3,0,0
BRDA:46,3,1,0
BRDA:51,4,0,0
BRDA:51,4,1,0
BRDA:51,4,2,0
BRF:11
BRH:0
end_of_record
TN:
SF:app/(app)/index_new.tsx
FN:14,Home
FN:19,(anonymous_1)
FN:20,(anonymous_2)
FNF:3
FNH:0
FNDA:0,Home
FNDA:0,(anonymous_1)
FNDA:0,(anonymous_2)
DA:15,0
DA:16,0
DA:17,0
DA:19,0
DA:20,0
DA:21,0
DA:23,0
DA:24,0
DA:25,0
DA:26,0
DA:27,0
DA:28,0
DA:30,0
DA:33,0
DA:35,0
DA:39,0
DA:42,0
DA:43,0
DA:46,0
DA:47,0
DA:51,0
DA:53,0
DA:55,0
DA:57,0
LF:24
LH:0
BRDA:21,0,0,0
BRDA:21,0,1,0
BRDA:25,1,0,0
BRDA:25,1,1,0
BRDA:42,2,0,0
BRDA:42,2,1,0
BRDA:46,3,0,0
BRDA:46,3,1,0
BRDA:51,4,0,0
BRDA:51,4,1,0
BRDA:51,4,2,0
BRF:11
BRH:0
end_of_record
TN:
SF:app/(app)/applications/index.tsx
FN:30,ApplicationsScreen
FN:36,(anonymous_1)
FN:40,(anonymous_2)
FN:82,(anonymous_3)
FN:98,(anonymous_4)
FN:103,(anonymous_5)
FN:114,(anonymous_6)
FN:115,(anonymous_7)
FN:130,(anonymous_8)
FN:135,(anonymous_9)
FN:140,(anonymous_10)
FN:146,(anonymous_11)
FN:151,(anonymous_12)
FN:164,(anonymous_13)
FN:177,(anonymous_14)
FN:196,(anonymous_15)
FN:226,(anonymous_16)
FN:274,(anonymous_17)
FN:282,(anonymous_18)
FNF:19
FNH:0
FNDA:0,ApplicationsScreen
FNDA:0,(anonymous_1)
FNDA:0,(anonymous_2)
FNDA:0,(anonymous_3)
FNDA:0,(anonymous_4)
FNDA:0,(anonymous_5)
FNDA:0,(anonymous_6)
FNDA:0,(anonymous_7)
FNDA:0,(anonymous_8)
FNDA:0,(anonymous_9)
FNDA:0,(anonymous_10)
FNDA:0,(anonymous_11)
FNDA:0,(anonymous_12)
FNDA:0,(anonymous_13)
FNDA:0,(anonymous_14)
FNDA:0,(anonymous_15)
FNDA:0,(anonymous_16)
FNDA:0,(anonymous_17)
FNDA:0,(anonymous_18)
DA:31,0
DA:32,0
DA:33,0
DA:34,0
DA:36,0
DA:37,0
DA:40,0
DA:41,0
DA:42,0
DA:43,0
DA:46,0
DA:47,0
DA:51,0
DA:53,0
DA:55,0
DA:56,0
DA:62,0
DA:63,0
DA:70,0
DA:71,0
DA:72,0
DA:75,0
DA:78,0
DA:82,0
DA:83,0
DA:84,0
DA:85,0
DA:88,0
DA:90,0
DA:91,0
DA:93,0
DA:94,0
DA:98,0
DA:99,0
DA:100,0
DA:103,0
DA:107,0
DA:108,0
DA:114,0
DA:115,0
DA:116,0
DA:122,0
DA:123,0
DA:125,0
DA:126,0
DA:130,0
DA:131,0
DA:135,0
DA:140,0
DA:141,0
DA:146,0
DA:151,0
DA:152,0
DA:154,0
DA:156,0
DA:158,0
DA:160,0
DA:164,0
DA:165,0
DA:167,0
DA:169,0
DA:171,0
DA:173,0
DA:177,0
DA:178,0
DA:179,0
DA:180,0
DA:188,0
DA:196,0
DA:227,0
DA:275,0
DA:283,0
DA:299,0
LF:73
LH:0
BRDA:41,0,0,0
BRDA:41,0,1,0
BRDA:70,1,0,0
BRDA:70,1,1,0
BRDA:83,2,0,0
BRDA:83,2,1,0
BRDA:84,3,0,0
BRDA:84,3,1,0
BRDA:116,4,0,0
BRDA:116,4,1,0
BRDA:122,5,0,0
BRDA:122,5,1,0
BRDA:152,6,0,0
BRDA:152,6,1,0
BRDA:152,6,2,0
BRDA:152,6,3,0
BRDA:165,7,0,0
BRDA:165,7,1,0
BRDA:165,7,2,0
BRDA:165,7,3,0
BRDA:178,8,0,0
BRDA:178,8,1,0
BRDA:179,9,0,0
BRDA:179,9,1,0
BRDA:212,10,0,0
BRDA:212,10,1,0
BRDA:216,11,0,0
BRDA:216,11,1,0
BRDA:234,12,0,0
BRDA:234,12,1,0
BRDA:261,13,0,0
BRDA:261,13,1,0
BRDA:270,14,0,0
BRDA:270,14,1,0
BRF:34
BRH:0
end_of_record
TN:
SF:app/(app)/events/[id].tsx
FN:32,EventDetailScreen
FN:42,(anonymous_1)
FN:43,(anonymous_2)
FN:77,(anonymous_3)
FN:96,(anonymous_4)
FN:113,(anonymous_5)
FN:130,(anonymous_6)
FN:143,(anonymous_7)
FN:158,(anonymous_8)
FN:251,(anonymous_9)
FN:329,(anonymous_10)
FN:394,(anonymous_11)
FNF:12
FNH:0
FNDA:0,EventDetailScreen
FNDA:0,(anonymous_1)
FNDA:0,(anonymous_2)
FNDA:0,(anonymous_3)
FNDA:0,(anonymous_4)
FNDA:0,(anonymous_5)
FNDA:0,(anonymous_6)
FNDA:0,(anonymous_7)
FNDA:0,(anonymous_8)
FNDA:0,(anonymous_9)
FNDA:0,(anonymous_10)
FNDA:0,(anonymous_11)
DA:33,0
DA:34,0
DA:35,0
DA:36,0
DA:37,0
DA:39,0
DA:40,0
DA:42,0
DA:43,0
DA:44,0
DA:46,0
DA:47,0
DA:48,0
DA:49,0
DA:53,0
DA:56,0
DA:60,0
DA:63,0
DA:64,0
DA:67,0
DA:68,0
DA:70,0
DA:74,0
DA:77,0
DA:78,0
DA:79,0
DA:84,0
DA:86,0
DA:88,0
DA:89,0
DA:92,0
DA:96,0
DA:97,0
DA:99,0
DA:101,0
DA:103,0
DA:105,0
DA:107,0
DA:109,0
DA:113,0
DA:114,0
DA:116,0
DA:118,0
DA:120,0
DA:122,0
DA:124,0
DA:126,0
DA:130,0
DA:131,0
DA:132,0
DA:133,0
DA:143,0
DA:144,0
DA:145,0
DA:146,0
DA:149,0
DA:150,0
DA:151,0
DA:154,0
DA:159,0
DA:160,0
DA:162,0
DA:163,0
DA:166,0
DA:169,0
DA:172,0
DA:173,0
DA:174,0
DA:175,0
DA:180,0
DA:187,0
DA:197,0
DA:198,0
DA:200,0
DA:202,0
DA:206,0
DA:208,0
DA:209,0
DA:214,0
DA:221,0
DA:223,0
DA:224,0
DA:233,0
DA:234,0
DA:243,0
DA:251,0
DA:330,0
DA:395,0
DA:409,0
LF:89
LH:0
BRDA:35,0,0,0
BRDA:35,0,1,0
BRDA:44,1,0,0
BRDA:44,1,1,0
BRDA:44,2,0,0
BRDA:44,2,1,0
BRDA:48,3,0,0
BRDA:48,3,1,0
BRDA:56,4,0,0
BRDA:56,4,1,0
BRDA:57,5,0,0
BRDA:57,5,1,0
BRDA:86,6,0,0
BRDA:86,6,1,0
BRDA:97,7,0,0
BRDA:97,7,1,0
BRDA:97,7,2,0
BRDA:97,7,3,0
BRDA:97,7,4,0
BRDA:97,7,5,0
BRDA:114,8,0,0
BRDA:114,8,1,0
BRDA:114,8,2,0
BRDA:114,8,3,0
BRDA:114,8,4,0
BRDA:114,8,5,0
BRDA:131,9,0,0
BRDA:131,9,1,0
BRDA:132,10,0,0
BRDA:132,10,1,0
BRDA:144,11,0,0
BRDA:144,11,1,0
BRDA:144,12,0,0
BRDA:144,12,1,0
BRDA:149,13,0,0
BRDA:149,13,1,0
BRDA:162,14,0,0
BRDA:162,14,1,0
BRDA:173,15,0,0
BRDA:173,15,1,0
BRDA:174,16,0,0
BRDA:174,16,1,0
BRDA:176,17,0,0
BRDA:176,17,1,0
BRDA:176,17,2,0
BRDA:181,18,0,0
BRDA:181,18,1,0
BRDA:181,18,2,0
BRDA:200,19,0,0
BRDA:200,19,1,0
BRDA:202,20,0,0
BRDA:202,20,1,0
BRDA:223,21,0,0
BRDA:223,21,1,0
BRDA:233,22,0,0
BRDA:233,22,1,0
BRDA:290,23,0,0
BRDA:290,23,1,0
BRDA:325,24,0,0
BRDA:325,24,1,0
BRDA:339,25,0,0
BRDA:339,25,1,0
BRDA:341,26,0,0
BRDA:341,26,1,0
BRDA:345,27,0,0
BRDA:345,27,1,0
BRDA:351,28,0,0
BRDA:351,28,1,0
BRDA:361,29,0,0
BRDA:361,29,1,0
BRDA:371,30,0,0
BRDA:371,30,1,0
BRDA:375,31,0,0
BRDA:375,31,1,0
BRDA:381,32,0,0
BRDA:381,32,1,0
BRDA:389,33,0,0
BRDA:389,33,1,0
BRF:78
BRH:0
end_of_record
TN:
SF:app/(app)/events/index.tsx
FN:16,EventsScreen
FN:22,(anonymous_1)
FN:31,(anonymous_2)
FN:45,(anonymous_3)
FN:49,(anonymous_4)
FN:54,(anonymous_5)
FN:71,(anonymous_6)
FN:88,(anonymous_7)
FN:98,(anonymous_8)
FN:101,(anonymous_9)
FN:190,(anonymous_10)
FN:192,(anonymous_11)
FN:198,(anonymous_12)
FN:200,(anonymous_13)
FN:212,(anonymous_14)
FN:219,(anonymous_15)
FN:246,(anonymous_16)
FNF:17
FNH:0
FNDA:0,EventsScreen
FNDA:0,(anonymous_1)
FNDA:0,(anonymous_2)
FNDA:0,(anonymous_3)
FNDA:0,(anonymous_4)
FNDA:0,(anonymous_5)
FNDA:0,(anonymous_6)
FNDA:0,(anonymous_7)
FNDA:0,(anonymous_8)
FNDA:0,(anonymous_9)
FNDA:0,(anonymous_10)
FNDA:0,(anonymous_11)
FNDA:0,(anonymous_12)
FNDA:0,(anonymous_13)
FNDA:0,(anonymous_14)
FNDA:0,(anonymous_15)
FNDA:0,(anonymous_16)
DA:17,0
DA:18,0
DA:19,0
DA:20,0
DA:22,0
DA:23,0
DA:24,0
DA:30,0
DA:31,0
DA:36,0
DA:38,0
DA:40,0
DA:41,0
DA:45,0
DA:46,0
DA:49,0
DA:50,0
DA:51,0
DA:54,0
DA:55,0
DA:57,0
DA:59,0
DA:61,0
DA:63,0
DA:65,0
DA:67,0
DA:71,0
DA:72,0
DA:74,0
DA:76,0
DA:78,0
DA:80,0
DA:82,0
DA:84,0
DA:88,0
DA:89,0
DA:90,0
DA:91,0
DA:98,0
DA:99,0
DA:101,0
DA:176,0
DA:177,0
DA:184,0
DA:191,0
DA:192,0
DA:199,0
DA:200,0
DA:212,0
DA:219,0
DA:247,0
DA:257,0
LF:52
LH:0
BRDA:55,0,0,0
BRDA:55,0,1,0
BRDA:55,0,2,0
BRDA:55,0,3,0
BRDA:55,0,4,0
BRDA:55,0,5,0
BRDA:72,1,0,0
BRDA:72,1,1,0
BRDA:72,1,2,0
BRDA:72,1,3,0
BRDA:72,1,4,0
BRDA:72,1,5,0
BRDA:89,2,0,0
BRDA:89,2,1,0
BRDA:90,3,0,0
BRDA:90,3,1,0
BRDA:109,4,0,0
BRDA:109,4,1,0
BRDA:117,5,0,0
BRDA:117,5,1,0
BRDA:122,6,0,0
BRDA:122,6,1,0
BRDA:158,7,0,0
BRDA:158,7,1,0
BRDA:163,8,0,0
BRDA:163,8,1,0
BRDA:176,9,0,0
BRDA:176,9,1,0
BRDA:233,10,0,0
BRDA:233,10,1,0
BRF:30
BRH:0
end_of_record
TN:
SF:app/(app)/my-applications/index.tsx
FN:32,MyApplicationsScreen
FN:38,(anonymous_1)
FN:42,(anonymous_2)
FN:82,(anonymous_3)
FN:98,(anonymous_4)
FN:103,(anonymous_5)
FN:116,(anonymous_6)
FN:129,(anonymous_7)
FN:142,(anonymous_8)
FN:153,(anonymous_9)
FN:172,(anonymous_10)
FN:201,(anonymous_11)
FN:208,(anonymous_12)
FN:212,(anonymous_13)
FNF:14
FNH:0
FNDA:0,MyApplicationsScreen
FNDA:0,(anonymous_1)
FNDA:0,(anonymous_2)
FNDA:0,(anonymous_3)
FNDA:0,(anonymous_4)
FNDA:0,(anonymous_5)
FNDA:0,(anonymous_6)
FNDA:0,(anonymous_7)
FNDA:0,(anonymous_8)
FNDA:0,(anonymous_9)
FNDA:0,(anonymous_10)
FNDA:0,(anonymous_11)
FNDA:0,(anonymous_12)
FNDA:0,(anonymous_13)
DA:33,0
DA:34,0
DA:35,0
DA:36,0
DA:38,0
DA:39,0
DA:42,0
DA:43,0
DA:44,0
DA:45,0
DA:48,0
DA:49,0
DA:53,0
DA:55,0
DA:57,0
DA:58,0
DA:64,0
DA:65,0
DA:67,0
DA:68,0
DA:69,0
DA:70,0
DA:71,0
DA:72,0
DA:75,0
DA:78,0
DA:82,0
DA:83,0
DA:84,0
DA:85,0
DA:88,0
DA:90,0
DA:91,0
DA:93,0
DA:94,0
DA:98,0
DA:99,0
DA:100,0
DA:103,0
DA:104,0
DA:106,0
DA:108,0
DA:110,0
DA:112,0
DA:116,0
DA:117,0
DA:119,0
DA:121,0
DA:123,0
DA:125,0
DA:129,0
DA:130,0
DA:132,0
DA:134,0
DA:136,0
DA:138,0
DA:142,0
DA:143,0
DA:144,0
DA:145,0
DA:153,0
DA:154,0
DA:155,0
DA:156,0
DA:164,0
DA:172,0
DA:201,0
DA:209,0
DA:213,0
DA:295,0
LF:70
LH:0
BRDA:43,0,0,0
BRDA:43,0,1,0
BRDA:67,1,0,0
BRDA:67,1,1,0
BRDA:83,2,0,0
BRDA:83,2,1,0
BRDA:84,3,0,0
BRDA:84,3,1,0
BRDA:104,4,0,0
BRDA:104,4,1,0
BRDA:104,4,2,0
BRDA:104,4,3,0
BRDA:117,5,0,0
BRDA:117,5,1,0
BRDA:117,5,2,0
BRDA:117,5,3,0
BRDA:130,6,0,0
BRDA:130,6,1,0
BRDA:130,6,2,0
BRDA:130,6,3,0
BRDA:143,7,0,0
BRDA:143,7,1,0
BRDA:144,8,0,0
BRDA:144,8,1,0
BRDA:154,9,0,0
BRDA:154,9,1,0
BRDA:155,10,0,0
BRDA:155,10,1,0
BRDA:188,11,0,0
BRDA:188,11,1,0
BRDA:192,12,0,0
BRDA:192,12,1,0
BRDA:219,13,0,0
BRDA:219,13,1,0
BRDA:222,14,0,0
BRDA:222,14,1,0
BRDA:248,15,0,0
BRDA:248,15,1,0
BRDA:257,16,0,0
BRDA:257,16,1,0
BRDA:270,17,0,0
BRDA:270,17,1,0
BRDA:275,18,0,0
BRDA:275,18,1,0
BRF:44
BRH:0
end_of_record
TN:
SF:app/(app)/my-events/index.tsx
FN:18,MyEventsScreen
FN:24,(anonymous_1)
FN:28,(anonymous_2)
FN:43,(anonymous_3)
FN:58,(anonymous_4)
FN:63,(anonymous_5)
FN:80,(anonymous_6)
FN:97,(anonymous_7)
FN:110,(anonymous_8)
FN:124,(anonymous_9)
FN:133,(anonymous_10)
FN:139,(anonymous_11)
FN:167,(anonymous_12)
FN:176,(anonymous_13)
FN:180,(anonymous_14)
FN:246,(anonymous_15)
FN:252,(anonymous_16)
FNF:17
FNH:0
FNDA:0,MyEventsScreen
FNDA:0,(anonymous_1)
FNDA:0,(anonymous_2)
FNDA:0,(anonymous_3)
FNDA:0,(anonymous_4)
FNDA:0,(anonymous_5)
FNDA:0,(anonymous_6)
FNDA:0,(anonymous_7)
FNDA:0,(anonymous_8)
FNDA:0,(anonymous_9)
FNDA:0,(anonymous_10)
FNDA:0,(anonymous_11)
FNDA:0,(anonymous_12)
FNDA:0,(anonymous_13)
FNDA:0,(anonymous_14)
FNDA:0,(anonymous_15)
FNDA:0,(anonymous_16)
DA:19,0
DA:20,0
DA:21,0
DA:22,0
DA:24,0
DA:25,0
DA:28,0
DA:29,0
DA:30,0
DA:31,0
DA:34,0
DA:35,0
DA:41,0
DA:43,0
DA:48,0
DA:50,0
DA:51,0
DA:53,0
DA:54,0
DA:58,0
DA:59,0
DA:60,0
DA:63,0
DA:64,0
DA:66,0
DA:68,0
DA:70,0
DA:72,0
DA:74,0
DA:76,0
DA:80,0
DA:81,0
DA:83,0
DA:85,0
DA:87,0
DA:89,0
DA:91,0
DA:93,0
DA:97,0
DA:98,0
DA:99,0
DA:100,0
DA:110,0
DA:111,0
DA:112,0
DA:113,0
DA:120,0
DA:124,0
DA:133,0
DA:139,0
DA:167,0
DA:177,0
DA:180,0
DA:246,0
DA:252,0
DA:266,0
LF:56
LH:0
BRDA:29,0,0,0
BRDA:29,0,1,0
BRDA:64,1,0,0
BRDA:64,1,1,0
BRDA:64,1,2,0
BRDA:64,1,3,0
BRDA:64,1,4,0
BRDA:64,1,5,0
BRDA:81,2,0,0
BRDA:81,2,1,0
BRDA:81,2,2,0
BRDA:81,2,3,0
BRDA:81,2,4,0
BRDA:81,2,5,0
BRDA:98,3,0,0
BRDA:98,3,1,0
BRDA:99,4,0,0
BRDA:99,4,1,0
BRDA:111,5,0,0
BRDA:111,5,1,0
BRDA:112,6,0,0
BRDA:112,6,1,0
BRDA:154,7,0,0
BRDA:154,7,1,0
BRDA:158,8,0,0
BRDA:158,8,1,0
BRDA:201,9,0,0
BRDA:201,9,1,0
BRDA:225,10,0,0
BRDA:225,10,1,0
BRDA:230,11,0,0
BRDA:230,11,1,0
BRF:32
BRH:0
end_of_record
TN:
SF:app/(app)/my-events-applications/index.tsx
FN:33,MyEventsApplicationsScreen
FN:39,(anonymous_1)
FN:43,(anonymous_2)
FN:98,(anonymous_3)
FN:114,(anonymous_4)
FN:119,(anonymous_5)
FN:130,(anonymous_6)
FN:131,(anonymous_7)
FN:146,(anonymous_8)
FN:151,(anonymous_9)
FN:156,(anonymous_10)
FN:162,(anonymous_11)
FN:167,(anonymous_12)
FN:180,(anonymous_13)
FN:193,(anonymous_14)
FN:208,(anonymous_15)
FN:224,(anonymous_16)
FN:255,(anonymous_17)
FN:323,(anonymous_18)
FN:331,(anonymous_19)
FNF:20
FNH:0
FNDA:0,MyEventsApplicationsScreen
FNDA:0,(anonymous_1)
FNDA:0,(anonymous_2)
FNDA:0,(anonymous_3)
FNDA:0,(anonymous_4)
FNDA:0,(anonymous_5)
FNDA:0,(anonymous_6)
FNDA:0,(anonymous_7)
FNDA:0,(anonymous_8)
FNDA:0,(anonymous_9)
FNDA:0,(anonymous_10)
FNDA:0,(anonymous_11)
FNDA:0,(anonymous_12)
FNDA:0,(anonymous_13)
FNDA:0,(anonymous_14)
FNDA:0,(anonymous_15)
FNDA:0,(anonymous_16)
FNDA:0,(anonymous_17)
FNDA:0,(anonymous_18)
FNDA:0,(anonymous_19)
DA:34,0
DA:35,0
DA:36,0
DA:37,0
DA:39,0
DA:40,0
DA:43,0
DA:44,0
DA:45,0
DA:46,0
DA:49,0
DA:51,0
DA:55,0
DA:57,0
DA:59,0
DA:60,0
DA:66,0
DA:67,0
DA:71,0
DA:72,0
DA:73,0
DA:76,0
DA:80,0
DA:81,0
DA:84,0
DA:85,0
DA:86,0
DA:87,0
DA:91,0
DA:94,0
DA:98,0
DA:99,0
DA:100,0
DA:101,0
DA:104,0
DA:106,0
DA:107,0
DA:109,0
DA:110,0
DA:114,0
DA:115,0
DA:116,0
DA:119,0
DA:123,0
DA:124,0
DA:130,0
DA:131,0
DA:132,0
DA:138,0
DA:139,0
DA:141,0
DA:142,0
DA:146,0
DA:147,0
DA:151,0
DA:156,0
DA:157,0
DA:162,0
DA:167,0
DA:168,0
DA:170,0
DA:172,0
DA:174,0
DA:176,0
DA:180,0
DA:181,0
DA:183,0
DA:185,0
DA:187,0
DA:189,0
DA:193,0
DA:194,0
DA:196,0
DA:198,0
DA:200,0
DA:202,0
DA:204,0
DA:208,0
DA:209,0
DA:210,0
DA:211,0
DA:220,0
DA:224,0
DA:256,0
DA:324,0
DA:332,0
DA:348,0
LF:87
LH:0
BRDA:44,0,0,0
BRDA:44,0,1,0
BRDA:71,1,0,0
BRDA:71,1,1,0
BRDA:84,2,0,0
BRDA:84,2,1,0
BRDA:99,3,0,0
BRDA:99,3,1,0
BRDA:100,4,0,0
BRDA:100,4,1,0
BRDA:132,5,0,0
BRDA:132,5,1,0
BRDA:138,6,0,0
BRDA:138,6,1,0
BRDA:168,7,0,0
BRDA:168,7,1,0
BRDA:168,7,2,0
BRDA:168,7,3,0
BRDA:181,8,0,0
BRDA:181,8,1,0
BRDA:181,8,2,0
BRDA:181,8,3,0
BRDA:194,9,0,0
BRDA:194,9,1,0
BRDA:194,9,2,0
BRDA:194,9,3,0
BRDA:194,9,4,0
BRDA:209,10,0,0
BRDA:209,10,1,0
BRDA:210,11,0,0
BRDA:210,11,1,0
BRDA:241,12,0,0
BRDA:241,12,1,0
BRDA:245,13,0,0
BRDA:245,13,1,0
BRDA:263,14,0,0
BRDA:263,14,1,0
BRDA:268,15,0,0
BRDA:268,15,1,0
BRDA:274,16,0,0
BRDA:274,16,1,0
BRDA:274,16,2,0
BRDA:283,17,0,0
BRDA:283,17,1,0
BRDA:310,18,0,0
BRDA:310,18,1,0
BRDA:319,19,0,0
BRDA:319,19,1,0
BRF:48
BRH:0
end_of_record
TN:
SF:app/(auth)/_layout.tsx
FN:4,AuthLayout
FNF:1
FNH:0
FNDA:0,AuthLayout
DA:5,0
DA:6,0
DA:7,0
DA:8,0
DA:10,0
LF:5
LH:0
BRDA:6,0,0,0
BRDA:6,0,1,0
BRDA:7,1,0,0
BRDA:7,1,1,0
BRF:4
BRH:0
end_of_record
TN:
SF:app/(auth)/login.tsx
FN:7,Login
FN:12,(anonymous_1)
FNF:2
FNH:0
FNDA:0,Login
FNDA:0,(anonymous_1)
DA:8,0
DA:9,0
DA:10,0
DA:12,0
DA:13,0
DA:14,0
DA:15,0
DA:18,0
DA:19,0
DA:20,0
DA:23,0
DA:28,0
DA:32,0
DA:33,0
DA:34,0
DA:36,0
DA:37,0
DA:39,0
DA:40,0
DA:41,0
DA:46,0
DA:50,0
LF:22
LH:0
BRDA:25,0,0,0
BRDA:25,0,1,0
BRDA:88,1,0,0
BRDA:88,1,1,0
BRF:4
BRH:0
end_of_record
TN:
SF:app/(auth)/register.tsx
FN:7,Register
FN:13,(anonymous_1)
FNF:2
FNH:0
FNDA:0,Register
FNDA:0,(anonymous_1)
DA:8,0
DA:9,0
DA:10,0
DA:11,0
DA:13,0
DA:14,0
DA:15,0
DA:16,0
DA:21,0
DA:23,0
DA:36,0
DA:38,0
DA:42,0
LF:13
LH:0
BRDA:76,0,0,0
BRDA:76,0,1,0
BRF:2
BRH:0
end_of_record
TN:
SF:app/(onboarding)/_layout.tsx
FN:4,OnboardingLayout
FNF:1
FNH:0
FNDA:0,OnboardingLayout
DA:5,0
DA:7,0
DA:8,0
DA:10,0
DA:11,0
DA:12,0
DA:15,0
DA:16,0
DA:17,0
DA:20,0
DA:21,0
DA:22,0
DA:25,0
DA:26,0
LF:14
LH:0
BRDA:10,0,0,0
BRDA:10,0,1,0
BRDA:15,1,0,0
BRDA:15,1,1,0
BRDA:20,2,0,0
BRDA:20,2,1,0
BRF:6
BRH:0
end_of_record
TN:
SF:app/(onboarding)/index.tsx
FN:4,OnboardingIndex
FNF:1
FNH:0
FNDA:0,OnboardingIndex
DA:5,0
DA:7,0
DA:8,0
DA:11,0
DA:12,0
DA:16,0
DA:17,0
DA:21,0
DA:23,0
DA:26,0
DA:30,0
LF:11
LH:0
BRDA:7,0,0,0
BRDA:7,0,1,0
BRDA:11,1,0,0
BRDA:11,1,1,0
BRDA:16,2,0,0
BRDA:16,2,1,0
BRDA:21,3,0,0
BRDA:21,3,1,0
BRDA:23,4,0,0
BRDA:23,4,1,0
BRF:10
BRH:0
end_of_record
TN:
SF:app/(onboarding)/org-profile.tsx
FN:43,OrgProfileScreen
FN:68,(anonymous_1)
FN:71,(anonymous_2)
FN:72,(anonymous_3)
FN:74,(anonymous_4)
FN:82,(anonymous_5)
FN:177,(anonymous_6)
FN:208,(anonymous_7)
FN:264,(anonymous_8)
FN:266,(anonymous_9)
FN:295,(anonymous_10)
FN:303,(anonymous_11)
FN:308,(anonymous_12)
FN:311,(anonymous_13)
FN:335,(anonymous_14)
FN:351,(anonymous_15)
FN:378,(anonymous_16)
FN:381,(anonymous_17)
FN:405,(anonymous_18)
FN:421,(anonymous_19)
FN:430,(anonymous_20)
FN:434,(anonymous_21)
FN:452,(anonymous_22)
FN:482,(anonymous_23)
FN:504,(anonymous_24)
FNF:25
FNH:0
FNDA:0,OrgProfileScreen
FNDA:0,(anonymous_1)
FNDA:0,(anonymous_2)
FNDA:0,(anonymous_3)
FNDA:0,(anonymous_4)
FNDA:0,(anonymous_5)
FNDA:0,(anonymous_6)
FNDA:0,(anonymous_7)
FNDA:0,(anonymous_8)
FNDA:0,(anonymous_9)
FNDA:0,(anonymous_10)
FNDA:0,(anonymous_11)
FNDA:0,(anonymous_12)
FNDA:0,(anonymous_13)
FNDA:0,(anonymous_14)
FNDA:0,(anonymous_15)
FNDA:0,(anonymous_16)
FNDA:0,(anonymous_17)
FNDA:0,(anonymous_18)
FNDA:0,(anonymous_19)
FNDA:0,(anonymous_20)
FNDA:0,(anonymous_21)
FNDA:0,(anonymous_22)
FNDA:0,(anonymous_23)
FNDA:0,(anonymous_24)
DA:18,0
DA:19,0
DA:26,0
DA:34,0
DA:44,0
DA:45,0
DA:46,0
DA:47,0
DA:50,0
DA:52,0
DA:53,0
DA:56,0
DA:57,0
DA:58,0
DA:59,0
DA:62,0
DA:63,0
DA:64,0
DA:65,0
DA:67,0
DA:68,0
DA:71,0
DA:72,0
DA:74,0
DA:75,0
DA:79,0
DA:80,0
DA:82,0
DA:83,0
DA:84,0
DA:85,0
DA:86,0
DA:89,0
DA:90,0
DA:93,0
DA:119,0
DA:129,0
DA:132,0
DA:134,0
DA:135,0
DA:137,0
DA:138,0
DA:142,0
DA:177,0
DA:208,0
DA:264,0
DA:266,0
DA:295,0
DA:303,0
DA:308,0
DA:311,0
DA:335,0
DA:351,0
DA:379,0
DA:382,0
DA:383,0
DA:405,0
DA:421,0
DA:422,0
DA:430,0
DA:431,0
DA:434,0
DA:435,0
DA:452,0
DA:463,0
DA:482,0
DA:489,0
DA:504,0
DA:505,0
LF:69
LH:0
BRDA:72,0,0,0
BRDA:72,0,1,0
BRDA:79,1,0,0
BRDA:79,1,1,0
BRDA:80,2,0,0
BRDA:80,2,1,0
BRDA:84,3,0,0
BRDA:84,3,1,0
BRDA:104,4,0,0
BRDA:104,4,1,0
BRDA:105,5,0,0
BRDA:105,5,1,0
BRDA:107,6,0,0
BRDA:107,6,1,0
BRDA:138,7,0,0
BRDA:138,7,1,0
BRDA:159,8,0,0
BRDA:159,8,1,0
BRDA:160,9,0,0
BRDA:160,9,1,0
BRDA:161,10,0,0
BRDA:161,10,1,0
BRDA:162,11,0,0
BRDA:162,11,1,0
BRDA:165,12,0,0
BRDA:165,12,1,0
BRDA:214,13,0,0
BRDA:214,13,1,0
BRDA:274,14,0,0
BRDA:274,14,1,0
BRDA:319,15,0,0
BRDA:319,15,1,0
BRDA:327,16,0,0
BRDA:327,16,1,0
BRDA:328,17,0,0
BRDA:328,17,1,0
BRDA:329,18,0,0
BRDA:329,18,1,0
BRDA:331,19,0,0
BRDA:331,19,1,0
BRDA:332,20,0,0
BRDA:332,20,1,0
BRDA:391,21,0,0
BRDA:391,21,1,0
BRDA:397,22,0,0
BRDA:397,22,1,0
BRDA:455,23,0,0
BRDA:456,24,0,0
BRDA:468,25,0,0
BRDA:468,25,1,0
BRF:50
BRH:0
end_of_record
TN:
SF:app/(onboarding)/profile.tsx
FN:23,ProfileScreen
FN:48,(anonymous_1)
FN:51,(anonymous_2)
FN:52,(anonymous_3)
FN:61,(anonymous_4)
FN:63,(anonymous_5)
FN:68,(anonymous_6)
FN:84,(anonymous_7)
FN:179,(anonymous_8)
FN:236,(anonymous_9)
FN:266,(anonymous_10)
FN:274,(anonymous_11)
FN:283,(anonymous_12)
FN:322,(anonymous_13)
FN:368,(anonymous_14)
FN:395,(anonymous_15)
FN:398,(anonymous_16)
FN:421,(anonymous_17)
FN:437,(anonymous_18)
FN:446,(anonymous_19)
FN:450,(anonymous_20)
FN:468,(anonymous_21)
FN:493,(anonymous_22)
FN:514,(anonymous_23)
FNF:24
FNH:0
FNDA:0,ProfileScreen
FNDA:0,(anonymous_1)
FNDA:0,(anonymous_2)
FNDA:0,(anonymous_3)
FNDA:0,(anonymous_4)
FNDA:0,(anonymous_5)
FNDA:0,(anonymous_6)
FNDA:0,(anonymous_7)
FNDA:0,(anonymous_8)
FNDA:0,(anonymous_9)
FNDA:0,(anonymous_10)
FNDA:0,(anonymous_11)
FNDA:0,(anonymous_12)
FNDA:0,(anonymous_13)
FNDA:0,(anonymous_14)
FNDA:0,(anonymous_15)
FNDA:0,(anonymous_16)
FNDA:0,(anonymous_17)
FNDA:0,(anonymous_18)
FNDA:0,(anonymous_19)
FNDA:0,(anonymous_20)
FNDA:0,(anonymous_21)
FNDA:0,(anonymous_22)
FNDA:0,(anonymous_23)
DA:20,0
DA:21,0
DA:24,0
DA:25,0
DA:26,0
DA:27,0
DA:30,0
DA:31,0
DA:32,0
DA:33,0
DA:34,0
DA:37,0
DA:38,0
DA:39,0
DA:40,0
DA:43,0
DA:44,0
DA:45,0
DA:47,0
DA:48,0
DA:51,0
DA:52,0
DA:54,0
DA:61,0
DA:62,0
DA:63,0
DA:68,0
DA:69,0
DA:70,0
DA:71,0
DA:72,0
DA:74,0
DA:78,0
DA:82,0
DA:84,0
DA:85,0
DA:86,0
DA:87,0
DA:88,0
DA:90,0
DA:91,0
DA:94,0
DA:131,0
DA:141,0
DA:144,0
DA:146,0
DA:147,0
DA:149,0
DA:153,0
DA:179,0
DA:236,0
DA:266,0
DA:274,0
DA:283,0
DA:322,0
DA:368,0
DA:396,0
DA:399,0
DA:400,0
DA:421,0
DA:437,0
DA:438,0
DA:446,0
DA:447,0
DA:450,0
DA:451,0
DA:468,0
DA:477,0
DA:493,0
DA:500,0
DA:514,0
DA:515,0
LF:72
LH:0
BRDA:52,0,0,0
BRDA:52,0,1,0
BRDA:63,1,0,0
BRDA:63,1,1,0
BRDA:70,2,0,0
BRDA:70,2,1,0
BRDA:78,3,0,0
BRDA:78,3,1,0
BRDA:82,4,0,0
BRDA:82,4,1,0
BRDA:82,4,2,0
BRDA:82,4,3,0
BRDA:86,5,0,0
BRDA:86,5,1,0
BRDA:107,6,0,0
BRDA:107,6,1,0
BRDA:121,7,0,0
BRDA:121,7,1,0
BRDA:149,8,0,0
BRDA:149,8,1,0
BRDA:169,9,0,0
BRDA:169,9,1,0
BRDA:170,10,0,0
BRDA:170,10,1,0
BRDA:171,11,0,0
BRDA:171,11,1,0
BRDA:172,12,0,0
BRDA:172,12,1,0
BRDA:175,13,0,0
BRDA:175,13,1,0
BRDA:194,14,0,0
BRDA:194,14,1,0
BRDA:242,15,0,0
BRDA:242,15,1,0
BRDA:287,16,0,0
BRDA:287,16,1,0
BRDA:305,17,0,0
BRDA:305,17,1,0
BRDA:318,18,0,0
BRDA:318,18,1,0
BRDA:326,19,0,0
BRDA:326,19,1,0
BRDA:332,20,0,0
BRDA:332,20,1,0
BRDA:334,21,0,0
BRDA:334,21,1,0
BRDA:336,22,0,0
BRDA:336,22,1,0
BRDA:338,23,0,0
BRDA:338,23,1,0
BRDA:347,24,0,0
BRDA:347,24,1,0
BRDA:351,25,0,0
BRDA:351,25,1,0
BRDA:351,26,0,0
BRDA:351,26,1,0
BRDA:356,27,0,0
BRDA:356,27,1,0
BRDA:407,28,0,0
BRDA:407,28,1,0
BRDA:413,29,0,0
BRDA:413,29,1,0
BRDA:471,30,0,0
BRDA:481,31,0,0
BRDA:481,31,1,0
BRF:65
BRH:0
end_of_record
TN:
SF:app/(onboarding)/role-select.tsx
FN:29,RoleSelectScreen
FN:33,(anonymous_1)
FN:95,(anonymous_2)
FN:98,(anonymous_3)
FN:140,(anonymous_4)
FNF:5
FNH:0
FNDA:0,RoleSelectScreen
FNDA:0,(anonymous_1)
FNDA:0,(anonymous_2)
FNDA:0,(anonymous_3)
FNDA:0,(anonymous_4)
DA:8,0
DA:30,0
DA:31,0
DA:33,0
DA:34,0
DA:35,0
DA:36,0
DA:37,0
DA:40,0
DA:41,0
DA:42,0
DA:45,0
DA:54,0
DA:57,0
DA:58,0
DA:60,0
DA:61,0
DA:63,0
DA:67,0
DA:96,0
DA:98,0
DA:141,0
LF:22
LH:0
BRDA:35,0,0,0
BRDA:35,0,1,0
BRDA:57,1,0,0
BRDA:57,1,1,0
BRDA:111,2,0,0
BRDA:111,2,1,0
BRF:6
BRH:0
end_of_record
TN:
SF:components/Chips.tsx
FN:21,(anonymous_0)
FN:31,(anonymous_1)
FN:41,(anonymous_2)
FN:48,(anonymous_3)
FNF:4
FNH:0
FNDA:0,(anonymous_0)
FNDA:0,(anonymous_1)
FNDA:0,(anonymous_2)
FNDA:0,(anonymous_3)
DA:21,0
DA:31,0
DA:32,0
DA:34,0
DA:42,0
DA:43,0
DA:44,0
DA:48,0
LF:8
LH:0
BRDA:26,0,0,0
BRDA:32,1,0,0
BRDA:32,1,1,0
BRDA:32,1,2,0
BRDA:37,2,0,0
BRDA:37,2,1,0
BRDA:43,3,0,0
BRDA:43,3,1,0
BRDA:48,4,0,0
BRDA:48,4,1,0
BRDA:59,5,0,0
BRDA:59,5,1,0
BRDA:60,6,0,0
BRDA:60,6,1,0
BRDA:61,7,0,0
BRDA:61,7,1,0
BRDA:68,8,0,0
BRDA:68,8,1,0
BRF:18
BRH:0
end_of_record
TN:
SF:components/Collapsible.tsx
FN:10,Collapsible
FN:21,(anonymous_1)
FN:21,(anonymous_2)
FNF:3
FNH:0
FNDA:0,Collapsible
FNDA:0,(anonymous_1)
FNDA:0,(anonymous_2)
DA:14,0
DA:15,0
DA:17,0
DA:21,0
DA:39,0
LF:5
LH:0
BRDA:15,0,0,0
BRDA:15,0,1,0
BRDA:28,1,0,0
BRDA:28,1,1,0
BRDA:29,2,0,0
BRDA:29,2,1,0
BRDA:34,3,0,0
BRDA:34,3,1,0
BRF:8
BRH:0
end_of_record
TN:
SF:components/ExternalLink.tsx
FN:10,ExternalLink
FN:16,(anonymous_1)
FNF:2
FNH:0
FNDA:0,ExternalLink
FNDA:0,(anonymous_1)
DA:11,0
DA:17,0
DA:19,0
DA:21,0
LF:4
LH:0
BRDA:17,0,0,0
BRDA:17,0,1,0
BRF:2
BRH:0
end_of_record
TN:
SF:components/HapticTab.tsx
FN:5,HapticTab
FN:9,(anonymous_1)
FNF:2
FNH:0
FNDA:0,HapticTab
FNDA:0,(anonymous_1)
DA:6,0
DA:10,0
DA:12,0
DA:14,0
LF:4
LH:0
BRDA:10,0,0,0
BRDA:10,0,1,0
BRF:2
BRH:0
end_of_record
TN:
SF:components/HelloWave.tsx
FN:13,HelloWave
FN:16,(anonymous_1)
FN:26,(anonymous_2)
FNF:3
FNH:0
FNDA:0,HelloWave
FNDA:0,(anonymous_1)
FNDA:0,(anonymous_2)
DA:14,0
DA:16,0
DA:17,0
DA:26,0
DA:30,0
DA:37,0
LF:6
LH:0
BRF:0
BRH:0
end_of_record
TN:
SF:components/ParallaxScrollView.tsx
FN:21,ParallaxScrollView
FN:30,(anonymous_1)
FNF:2
FNH:0
FNDA:0,ParallaxScrollView
FNDA:0,(anonymous_1)
DA:14,0
DA:26,0
DA:27,0
DA:28,0
DA:29,0
DA:30,0
DA:31,0
DA:51,0
DA:74,0
LF:9
LH:0
BRDA:26,0,0,0
BRDA:26,0,1,0
BRF:2
BRH:0
end_of_record
TN:
SF:components/ThemedText.tsx
FN:11,ThemedText
FNF:1
FNH:0
FNDA:0,ThemedText
DA:18,0
DA:20,0
DA:36,0
LF:3
LH:0
BRDA:15,0,0,0
BRDA:24,1,0,0
BRDA:24,1,1,0
BRDA:25,2,0,0
BRDA:25,2,1,0
BRDA:26,3,0,0
BRDA:26,3,1,0
BRDA:27,4,0,0
BRDA:27,4,1,0
BRDA:28,5,0,0
BRDA:28,5,1,0
BRF:11
BRH:0
end_of_record
TN:
SF:components/ThemedView.tsx
FN:10,ThemedView
FNF:1
FNH:0
FNDA:0,ThemedView
DA:16,0
DA:21,0
LF:2
LH:0
BRF:0
BRH:0
end_of_record
TN:
SF:components/home/ActionCard.tsx
FN:12,(anonymous_0)
FNF:1
FNH:0
FNDA:0,(anonymous_0)
DA:12,0
DA:19,0
DA:30,0
LF:3
LH:0
BRDA:17,0,0,0
BRDA:25,1,0,0
BRDA:25,1,1,0
BRF:3
BRH:0
end_of_record
TN:
SF:components/home/ActionGrid.tsx
FN:8,(anonymous_0)
FNF:1
FNH:0
FNDA:0,(anonymous_0)
DA:8,0
DA:9,0
DA:12,0
LF:3
LH:0
BRF:0
BRH:0
end_of_record
TN:
SF:components/home/CommonViews.tsx
FN:4,(anonymous_0)
FN:13,(anonymous_1)
FN:22,(anonymous_2)
FNF:3
FNH:0
FNDA:0,(anonymous_0)
FNDA:0,(anonymous_1)
FNDA:0,(anonymous_2)
DA:4,0
DA:5,0
DA:13,0
DA:14,0
DA:22,0
DA:23,0
DA:35,0
LF:7
LH:0
BRDA:26,0,0,0
BRDA:26,0,1,0
BRF:2
BRH:0
end_of_record
TN:
SF:components/home/OrgHomeView.tsx
FN:25,(anonymous_0)
FN:32,(anonymous_1)
FN:53,(anonymous_2)
FN:64,(anonymous_3)
FN:80,(anonymous_4)
FN:85,(anonymous_5)
FN:91,(anonymous_6)
FN:104,(anonymous_7)
FN:186,(anonymous_8)
FN:193,(anonymous_9)
FN:203,(anonymous_10)
FN:210,(anonymous_11)
FN:220,(anonymous_12)
FN:241,(anonymous_13)
FN:245,(anonymous_14)
FN:280,(anonymous_15)
FNF:16
FNH:0
FNDA:0,(anonymous_0)
FNDA:0,(anonymous_1)
FNDA:0,(anonymous_2)
FNDA:0,(anonymous_3)
FNDA:0,(anonymous_4)
FNDA:0,(anonymous_5)
FNDA:0,(anonymous_6)
FNDA:0,(anonymous_7)
FNDA:0,(anonymous_8)
FNDA:0,(anonymous_9)
FNDA:0,(anonymous_10)
FNDA:0,(anonymous_11)
FNDA:0,(anonymous_12)
FNDA:0,(anonymous_13)
FNDA:0,(anonymous_14)
FNDA:0,(anonymous_15)
DA:25,0
DA:26,0
DA:27,0
DA:28,0
DA:29,0
DA:30,0
DA:32,0
DA:33,0
DA:34,0
DA:35,0
DA:38,0
DA:39,0
DA:40,0
DA:44,0
DA:47,0
DA:50,0
DA:51,0
DA:53,0
DA:54,0
DA:55,0
DA:56,0
DA:57,0
DA:58,0
DA:64,0
DA:65,0
DA:66,0
DA:67,0
DA:70,0
DA:71,0
DA:73,0
DA:75,0
DA:79,0
DA:81,0
DA:85,0
DA:86,0
DA:92,0
DA:93,0
DA:94,0
DA:96,0
DA:97,0
DA:104,0
DA:105,0
DA:107,0
DA:109,0
DA:111,0
DA:113,0
DA:115,0
DA:119,0
DA:186,0
DA:193,0
DA:203,0
DA:210,0
DA:220,0
DA:242,0
DA:245,0
DA:280,0
DA:313,0
LF:57
LH:0
BRDA:33,0,0,0
BRDA:33,0,1,0
BRDA:55,1,0,0
BRDA:55,1,1,0
BRDA:57,2,0,0
BRDA:57,2,1,0
BRDA:65,3,0,0
BRDA:65,3,1,0
BRDA:66,4,0,0
BRDA:66,4,1,0
BRDA:105,5,0,0
BRDA:105,5,1,0
BRDA:105,5,2,0
BRDA:105,5,3,0
BRDA:105,5,4,0
BRDA:127,6,0,0
BRDA:127,6,1,0
BRDA:135,7,0,0
BRDA:135,7,1,0
BRDA:140,8,0,0
BRDA:140,8,1,0
BRDA:153,9,0,0
BRDA:153,9,1,0
BRDA:161,10,0,0
BRDA:161,10,1,0
BRDA:167,11,0,0
BRDA:167,11,1,0
BRDA:173,12,0,0
BRDA:173,12,1,0
BRDA:235,13,0,0
BRDA:235,13,1,0
BRDA:239,14,0,0
BRDA:239,14,1,0
BRDA:252,15,0,0
BRDA:252,15,1,0
BRDA:277,16,0,0
BRDA:277,16,1,0
BRF:37
BRH:0
end_of_record
TN:
SF:components/home/Section.tsx
FN:9,(anonymous_0)
FNF:1
FNH:0
FNDA:0,(anonymous_0)
DA:9,0
DA:10,0
DA:18,0
LF:3
LH:0
BRF:0
BRH:0
end_of_record
TN:
SF:components/home/SeniorHomeView.tsx
FN:18,(anonymous_0)
FN:32,(anonymous_1)
FN:51,(anonymous_2)
FN:100,(anonymous_3)
FN:105,(anonymous_4)
FN:111,(anonymous_5)
FN:172,(anonymous_6)
FN:178,(anonymous_7)
FN:184,(anonymous_8)
FN:190,(anonymous_9)
FN:208,(anonymous_10)
FN:214,(anonymous_11)
FN:227,(anonymous_12)
FN:234,(anonymous_13)
FN:244,(anonymous_14)
FN:251,(anonymous_15)
FNF:16
FNH:0
FNDA:0,(anonymous_0)
FNDA:0,(anonymous_1)
FNDA:0,(anonymous_2)
FNDA:0,(anonymous_3)
FNDA:0,(anonymous_4)
FNDA:0,(anonymous_5)
FNDA:0,(anonymous_6)
FNDA:0,(anonymous_7)
FNDA:0,(anonymous_8)
FNDA:0,(anonymous_9)
FNDA:0,(anonymous_10)
FNDA:0,(anonymous_11)
FNDA:0,(anonymous_12)
FNDA:0,(anonymous_13)
FNDA:0,(anonymous_14)
FNDA:0,(anonymous_15)
DA:18,0
DA:19,0
DA:20,0
DA:26,0
DA:30,0
DA:32,0
DA:33,0
DA:35,0
DA:36,0
DA:39,0
DA:40,0
DA:44,0
DA:46,0
DA:47,0
DA:48,0
DA:49,0
DA:51,0
DA:52,0
DA:53,0
DA:55,0
DA:57,0
DA:58,0
DA:60,0
DA:61,0
DA:63,0
DA:64,0
DA:68,0
DA:71,0
DA:72,0
DA:77,0
DA:80,0
DA:84,0
DA:88,0
DA:93,0
DA:95,0
DA:99,0
DA:101,0
DA:105,0
DA:106,0
DA:112,0
DA:113,0
DA:114,0
DA:116,0
DA:117,0
DA:124,0
DA:172,0
DA:178,0
DA:184,0
DA:190,0
DA:208,0
DA:214,0
DA:227,0
DA:234,0
DA:244,0
DA:251,0
DA:304,0
LF:56
LH:0
BRDA:33,0,0,0
BRDA:33,0,1,0
BRDA:55,1,0,0
BRDA:55,1,1,0
BRDA:55,1,2,0
BRDA:132,2,0,0
BRDA:132,2,1,0
BRDA:146,3,0,0
BRDA:146,3,1,0
BRDA:154,4,0,0
BRDA:154,4,1,0
BRDA:162,5,0,0
BRDA:162,5,1,0
BRDA:198,6,0,0
BRDA:198,6,1,0
BRDA:274,7,0,0
BRDA:274,7,1,0
BRF:17
BRH:0
end_of_record
TN:
SF:components/home/StatCard.tsx
FN:11,(anonymous_0)
FNF:1
FNH:0
FNDA:0,(anonymous_0)
DA:11,0
DA:17,0
DA:19,0
DA:27,0
LF:4
LH:0
BRDA:14,0,0,0
BRDA:17,1,0,0
BRDA:17,1,1,0
BRF:3
BRH:0
end_of_record
TN:
SF:components/home/index.ts
FNF:0
FNH:0
LF:0
LH:0
BRF:0
BRH:0
end_of_record
TN:
SF:components/home/index.tsx
FNF:0
FNH:0
LF:0
LH:0
BRF:0
BRH:0
end_of_record
TN:
SF:components/ui/IconSymbol.ios.tsx
FN:4,IconSymbol
FNF:1
FNH:0
FNDA:0,IconSymbol
DA:17,0
LF:1
LH:0
BRDA:6,0,0,0
BRDA:9,1,0,0
BRF:2
BRH:0
end_of_record
TN:
SF:components/ui/IconSymbol.tsx
FN:33,IconSymbol
FNF:1
FNH:0
FNDA:0,IconSymbol
DA:19,0
DA:45,0
LF:2
LH:0
BRDA:35,0,0,0
BRF:1
BRH:0
end_of_record
TN:
SF:components/ui/TabBarBackground.ios.tsx
FN:5,BlurTabBarBackground
FN:17,useBottomTabOverflow
FNF:2
FNH:0
FNDA:0,BlurTabBarBackground
FNDA:0,useBottomTabOverflow
DA:6,0
DA:18,0
LF:2
LH:0
BRF:0
BRH:0
end_of_record
TN:
SF:components/ui/TabBarBackground.tsx
FN:4,useBottomTabOverflow
FNF:1
FNH:0
FNDA:0,useBottomTabOverflow
DA:5,0
LF:1
LH:0
BRF:0
BRH:0
end_of_record
TN:
SF:constants/Colors.ts
FNF:0
FNH:0
DA:6,0
DA:7,0
DA:9,0
LF:3
LH:0
BRF:0
BRH:0
end_of_record
TN:
SF:hooks/useColorScheme.ts
FNF:0
FNH:0
LF:0
LH:0
BRF:0
BRH:0
end_of_record
TN:
SF:hooks/useColorScheme.web.ts
FN:7,useColorScheme
FN:10,(anonymous_1)
FNF:2
FNH:0
FNDA:0,useColorScheme
FNDA:0,(anonymous_1)
DA:8,0
DA:10,0
DA:11,0
DA:14,0
DA:16,0
DA:17,0
DA:20,0
LF:7
LH:0
BRDA:16,0,0,0
BRDA:16,0,1,0
BRF:2
BRH:0
end_of_record
TN:
SF:hooks/useThemeColor.ts
FN:9,useThemeColor
FNF:1
FNH:0
FNDA:0,useThemeColor
DA:13,0
DA:14,0
DA:16,0
DA:17,0
DA:19,0
LF:5
LH:0
BRDA:13,0,0,0
BRDA:13,0,1,0
BRDA:16,1,0,0
BRDA:16,1,1,0
BRF:4
BRH:0
end_of_record
TN:
SF:lib/firebase.ts
FN:25,(anonymous_0)
FNF:1
FNH:0
FNDA:0,(anonymous_0)
DA:7,0
DA:17,0
DA:25,0
DA:29,0
DA:33,0
DA:34,0
DA:36,0
DA:37,0
DA:40,0
DA:44,0
DA:45,0
LF:11
LH:0
BRDA:25,0,0,0
BRDA:25,0,1,0
BRDA:29,1,0,0
BRDA:29,1,1,0
BRDA:33,2,0,0
BRDA:33,2,1,0
BRF:6
BRH:0
end_of_record
TN:
SF:lib/types.ts
FNF:0
FNH:0
LF:0
LH:0
BRF:0
BRH:0
end_of_record
